running egg_info
writing ../../../build/ros2_aruco/ros2_aruco.egg-info/PKG-INFO
writing dependency_links to ../../../build/ros2_aruco/ros2_aruco.egg-info/dependency_links.txt
writing entry points to ../../../build/ros2_aruco/ros2_aruco.egg-info/entry_points.txt
writing requirements to ../../../build/ros2_aruco/ros2_aruco.egg-info/requires.txt
writing top-level names to ../../../build/ros2_aruco/ros2_aruco.egg-info/top_level.txt
reading manifest file '../../../build/ros2_aruco/ros2_aruco.egg-info/SOURCES.txt'
writing manifest file '../../../build/ros2_aruco/ros2_aruco.egg-info/SOURCES.txt'
running build
running build_py
copying ros2_aruco/aruco_node_camera.py -> /root/ros2_ws_diki_new/build/ros2_aruco/build/lib/ros2_aruco
running install
running install_lib
copying /root/ros2_ws_diki_new/build/ros2_aruco/build/lib/ros2_aruco/aruco_node_camera.py -> /root/ros2_ws_diki_new/install/ros2_aruco/lib/python3.8/site-packages/ros2_aruco
byte-compiling /root/ros2_ws_diki_new/install/ros2_aruco/lib/python3.8/site-packages/ros2_aruco/aruco_node_camera.py to aruco_node_camera.cpython-38.pyc
running install_data
running install_egg_info
removing '/root/ros2_ws_diki_new/install/ros2_aruco/lib/python3.8/site-packages/ros2_aruco-0.1.0-py3.8.egg-info' (and everything under it)
Copying ../../../build/ros2_aruco/ros2_aruco.egg-info to /root/ros2_ws_diki_new/install/ros2_aruco/lib/python3.8/site-packages/ros2_aruco-0.1.0-py3.8.egg-info
running install_scripts
Installing aruco_generate_marker script to /root/ros2_ws_diki_new/install/ros2_aruco/lib/ros2_aruco
Installing aruco_node script to /root/ros2_ws_diki_new/install/ros2_aruco/lib/ros2_aruco
Installing aruco_node_camera script to /root/ros2_ws_diki_new/install/ros2_aruco/lib/ros2_aruco
Installing aruco_node_explaination script to /root/ros2_ws_diki_new/install/ros2_aruco/lib/ros2_aruco
Installing aruco_node_original script to /root/ros2_ws_diki_new/install/ros2_aruco/lib/ros2_aruco
writing list of installed files to '/root/ros2_ws_diki_new/build/ros2_aruco/install.log'
