[1.853s] Invoking command in '/root/ros2_ws_diki_new/src/python': PYTHONPATH=/root/ros2_ws_diki_new/build/python/prefix_override:/usr/lib/python3/dist-packages/colcon_core/task/python/colcon_distutils_commands:/root/ros2_ws_diki_new/install/python/lib/python3.8/site-packages:${PYTHONPATH} /usr/bin/python3 -W ignore:setup.py install is deprecated setup.py egg_info --egg-base ../../build/python build --build-base /root/ros2_ws_diki_new/build/python/build install --record /root/ros2_ws_diki_new/build/python/install.log --install-scripts $base/lib/python --single-version-externally-managed install_data
[2.237s] running egg_info
[2.238s] writing ../../build/python/python.egg-info/PKG-INFO
[2.238s] writing dependency_links to ../../build/python/python.egg-info/dependency_links.txt
[2.238s] writing entry points to ../../build/python/python.egg-info/entry_points.txt
[2.238s] writing requirements to ../../build/python/python.egg-info/requires.txt
[2.238s] writing top-level names to ../../build/python/python.egg-info/top_level.txt
[2.291s] reading manifest file '../../build/python/python.egg-info/SOURCES.txt'
[2.293s] writing manifest file '../../build/python/python.egg-info/SOURCES.txt'
[2.293s] running build
[2.294s] running build_py
[2.294s] running install
[2.295s] running install_lib
[2.302s] running install_data
[2.302s] running install_egg_info
[2.302s] removing '/root/ros2_ws_diki_new/install/python/lib/python3.8/site-packages/python-0.0.0-py3.8.egg-info' (and everything under it)
[2.302s] Copying ../../build/python/python.egg-info to /root/ros2_ws_diki_new/install/python/lib/python3.8/site-packages/python-0.0.0-py3.8.egg-info
[2.303s] running install_scripts
[2.329s] writing list of installed files to '/root/ros2_ws_diki_new/build/python/install.log'
[2.379s] Invoked command in '/root/ros2_ws_diki_new/src/python' returned '0': PYTHONPATH=/root/ros2_ws_diki_new/build/python/prefix_override:/usr/lib/python3/dist-packages/colcon_core/task/python/colcon_distutils_commands:/root/ros2_ws_diki_new/install/python/lib/python3.8/site-packages:${PYTHONPATH} /usr/bin/python3 -W ignore:setup.py install is deprecated setup.py egg_info --egg-base ../../build/python build --build-base /root/ros2_ws_diki_new/build/python/build install --record /root/ros2_ws_diki_new/build/python/install.log --install-scripts $base/lib/python --single-version-externally-managed install_data
