[0.916s] Invoking command in '/root/ros2_ws_diki_new/build/ros2_aruco_interfaces': CMAKE_PREFIX_PATH=${CMAKE_PREFIX_PATH}:/root/ros2_ws_diki_new/install/ros2_aruco:/root/ros2_ws_diki_new/install/python:/root/ros2_ws_diki_new/install/opencv_tests:/opt/ros/foxy /usr/bin/cmake --build /root/ros2_ws_diki_new/build/ros2_aruco_interfaces -- -j12 -l12
[0.992s] [  3%] Built target ros2_aruco_interfaces__cpp
[1.015s] [ 12%] Built target ros2_aruco_interfaces__rosidl_generator_c
[1.063s] [ 22%] Built target ros2_aruco_interfaces__rosidl_typesupport_cpp
[1.078s] [ 32%] Built target ros2_aruco_interfaces__rosidl_typesupport_c
[1.089s] [ 41%] Built target ros2_aruco_interfaces__rosidl_typesupport_fastrtps_cpp
[1.090s] [ 51%] Built target ros2_aruco_interfaces__rosidl_typesupport_introspection_cpp
[1.105s] [ 61%] Built target ros2_aruco_interfaces__rosidl_typesupport_introspection_c
[1.170s] [ 70%] Built target ros2_aruco_interfaces__rosidl_typesupport_fastrtps_c
[1.199s] [ 70%] Built target ros2_aruco_interfaces
[1.241s] [ 74%] Built target ros2_aruco_interfaces__py
[1.296s] [ 80%] Built target ros2_aruco_interfaces__python
[1.337s] [ 87%] Built target ros2_aruco_interfaces__rosidl_typesupport_c__pyext
[1.337s] [ 93%] Built target ros2_aruco_interfaces__rosidl_typesupport_introspection_c__pyext
[1.346s] [100%] Built target ros2_aruco_interfaces__rosidl_typesupport_fastrtps_c__pyext
[1.776s] Invoked command in '/root/ros2_ws_diki_new/build/ros2_aruco_interfaces' returned '0': CMAKE_PREFIX_PATH=${CMAKE_PREFIX_PATH}:/root/ros2_ws_diki_new/install/ros2_aruco:/root/ros2_ws_diki_new/install/python:/root/ros2_ws_diki_new/install/opencv_tests:/opt/ros/foxy /usr/bin/cmake --build /root/ros2_ws_diki_new/build/ros2_aruco_interfaces -- -j12 -l12
[1.905s] Invoking command in '/root/ros2_ws_diki_new/build/ros2_aruco_interfaces': CMAKE_PREFIX_PATH=${CMAKE_PREFIX_PATH}:/root/ros2_ws_diki_new/install/ros2_aruco:/root/ros2_ws_diki_new/install/python:/root/ros2_ws_diki_new/install/opencv_tests:/opt/ros/foxy /usr/bin/cmake --install /root/ros2_ws_diki_new/build/ros2_aruco_interfaces
[1.934s] -- Install configuration: ""
[1.934s] -- Up-to-date: /root/ros2_ws_diki_new/install/ros2_aruco_interfaces/share/ament_index/resource_index/rosidl_interfaces/ros2_aruco_interfaces
[1.934s] -- Up-to-date: /root/ros2_ws_diki_new/install/ros2_aruco_interfaces/include/ros2_aruco_interfaces
[1.935s] -- Up-to-date: /root/ros2_ws_diki_new/install/ros2_aruco_interfaces/include/ros2_aruco_interfaces/msg
[1.935s] -- Up-to-date: /root/ros2_ws_diki_new/install/ros2_aruco_interfaces/include/ros2_aruco_interfaces/msg/aruco_markers.h
[1.935s] -- Up-to-date: /root/ros2_ws_diki_new/install/ros2_aruco_interfaces/include/ros2_aruco_interfaces/msg/rosidl_generator_c__visibility_control.h
[1.935s] -- Up-to-date: /root/ros2_ws_diki_new/install/ros2_aruco_interfaces/include/ros2_aruco_interfaces/msg/detail
[1.935s] -- Up-to-date: /root/ros2_ws_diki_new/install/ros2_aruco_interfaces/include/ros2_aruco_interfaces/msg/detail/aruco_markers__functions.c
[1.935s] -- Up-to-date: /root/ros2_ws_diki_new/install/ros2_aruco_interfaces/include/ros2_aruco_interfaces/msg/detail/aruco_markers__functions.h
[1.935s] -- Up-to-date: /root/ros2_ws_diki_new/install/ros2_aruco_interfaces/include/ros2_aruco_interfaces/msg/detail/aruco_markers__struct.h
[1.935s] -- Up-to-date: /root/ros2_ws_diki_new/install/ros2_aruco_interfaces/include/ros2_aruco_interfaces/msg/detail/aruco_markers__type_support.h
[1.935s] -- Up-to-date: /root/ros2_ws_diki_new/install/ros2_aruco_interfaces/share/ros2_aruco_interfaces/environment/library_path.sh
[1.936s] -- Up-to-date: /root/ros2_ws_diki_new/install/ros2_aruco_interfaces/share/ros2_aruco_interfaces/environment/library_path.dsv
[1.936s] -- Up-to-date: /root/ros2_ws_diki_new/install/ros2_aruco_interfaces/lib/libros2_aruco_interfaces__rosidl_generator_c.so
[1.936s] -- Up-to-date: /root/ros2_ws_diki_new/install/ros2_aruco_interfaces/include/ros2_aruco_interfaces
[1.936s] -- Up-to-date: /root/ros2_ws_diki_new/install/ros2_aruco_interfaces/include/ros2_aruco_interfaces/msg
[1.938s] -- Up-to-date: /root/ros2_ws_diki_new/install/ros2_aruco_interfaces/include/ros2_aruco_interfaces/msg/rosidl_typesupport_fastrtps_c__visibility_control.h
[1.938s] -- Up-to-date: /root/ros2_ws_diki_new/install/ros2_aruco_interfaces/include/ros2_aruco_interfaces/msg/detail
[1.939s] -- Up-to-date: /root/ros2_ws_diki_new/install/ros2_aruco_interfaces/include/ros2_aruco_interfaces/msg/detail/aruco_markers__rosidl_typesupport_fastrtps_c.h
[1.939s] -- Up-to-date: /root/ros2_ws_diki_new/install/ros2_aruco_interfaces/lib/libros2_aruco_interfaces__rosidl_typesupport_fastrtps_c.so
[1.939s] -- Up-to-date: /root/ros2_ws_diki_new/install/ros2_aruco_interfaces/include/ros2_aruco_interfaces
[1.939s] -- Up-to-date: /root/ros2_ws_diki_new/install/ros2_aruco_interfaces/include/ros2_aruco_interfaces/msg
[1.940s] -- Up-to-date: /root/ros2_ws_diki_new/install/ros2_aruco_interfaces/include/ros2_aruco_interfaces/msg/rosidl_typesupport_fastrtps_cpp__visibility_control.h
[1.940s] -- Up-to-date: /root/ros2_ws_diki_new/install/ros2_aruco_interfaces/include/ros2_aruco_interfaces/msg/detail
[1.940s] -- Up-to-date: /root/ros2_ws_diki_new/install/ros2_aruco_interfaces/include/ros2_aruco_interfaces/msg/detail/dds_fastrtps
[1.940s] -- Up-to-date: /root/ros2_ws_diki_new/install/ros2_aruco_interfaces/include/ros2_aruco_interfaces/msg/detail/aruco_markers__rosidl_typesupport_fastrtps_cpp.hpp
[1.940s] -- Up-to-date: /root/ros2_ws_diki_new/install/ros2_aruco_interfaces/lib/libros2_aruco_interfaces__rosidl_typesupport_fastrtps_cpp.so
[1.940s] -- Up-to-date: /root/ros2_ws_diki_new/install/ros2_aruco_interfaces/include/ros2_aruco_interfaces
[1.940s] -- Up-to-date: /root/ros2_ws_diki_new/install/ros2_aruco_interfaces/include/ros2_aruco_interfaces/msg
[1.940s] -- Up-to-date: /root/ros2_ws_diki_new/install/ros2_aruco_interfaces/include/ros2_aruco_interfaces/msg/rosidl_typesupport_introspection_c__visibility_control.h
[1.941s] -- Up-to-date: /root/ros2_ws_diki_new/install/ros2_aruco_interfaces/include/ros2_aruco_interfaces/msg/detail
[1.941s] -- Up-to-date: /root/ros2_ws_diki_new/install/ros2_aruco_interfaces/include/ros2_aruco_interfaces/msg/detail/aruco_markers__rosidl_typesupport_introspection_c.h
[1.941s] -- Up-to-date: /root/ros2_ws_diki_new/install/ros2_aruco_interfaces/include/ros2_aruco_interfaces/msg/detail/aruco_markers__type_support.c
[1.941s] -- Up-to-date: /root/ros2_ws_diki_new/install/ros2_aruco_interfaces/lib/libros2_aruco_interfaces__rosidl_typesupport_introspection_c.so
[1.941s] -- Up-to-date: /root/ros2_ws_diki_new/install/ros2_aruco_interfaces/lib/libros2_aruco_interfaces__rosidl_typesupport_c.so
[1.941s] -- Up-to-date: /root/ros2_ws_diki_new/install/ros2_aruco_interfaces/include/ros2_aruco_interfaces
[1.941s] -- Up-to-date: /root/ros2_ws_diki_new/install/ros2_aruco_interfaces/include/ros2_aruco_interfaces/msg
[1.941s] -- Up-to-date: /root/ros2_ws_diki_new/install/ros2_aruco_interfaces/include/ros2_aruco_interfaces/msg/rosidl_generator_cpp__visibility_control.hpp
[1.942s] -- Up-to-date: /root/ros2_ws_diki_new/install/ros2_aruco_interfaces/include/ros2_aruco_interfaces/msg/detail
[1.942s] -- Up-to-date: /root/ros2_ws_diki_new/install/ros2_aruco_interfaces/include/ros2_aruco_interfaces/msg/detail/aruco_markers__struct.hpp
[1.943s] -- Up-to-date: /root/ros2_ws_diki_new/install/ros2_aruco_interfaces/include/ros2_aruco_interfaces/msg/detail/aruco_markers__builder.hpp
[1.943s] -- Up-to-date: /root/ros2_ws_diki_new/install/ros2_aruco_interfaces/include/ros2_aruco_interfaces/msg/detail/aruco_markers__type_support.hpp
[1.944s] -- Up-to-date: /root/ros2_ws_diki_new/install/ros2_aruco_interfaces/include/ros2_aruco_interfaces/msg/detail/aruco_markers__traits.hpp
[1.944s] -- Up-to-date: /root/ros2_ws_diki_new/install/ros2_aruco_interfaces/include/ros2_aruco_interfaces/msg/aruco_markers.hpp
[1.944s] -- Up-to-date: /root/ros2_ws_diki_new/install/ros2_aruco_interfaces/include/ros2_aruco_interfaces
[1.944s] -- Up-to-date: /root/ros2_ws_diki_new/install/ros2_aruco_interfaces/include/ros2_aruco_interfaces/msg
[1.944s] -- Up-to-date: /root/ros2_ws_diki_new/install/ros2_aruco_interfaces/include/ros2_aruco_interfaces/msg/detail
[1.944s] -- Up-to-date: /root/ros2_ws_diki_new/install/ros2_aruco_interfaces/include/ros2_aruco_interfaces/msg/detail/aruco_markers__type_support.cpp
[1.945s] -- Up-to-date: /root/ros2_ws_diki_new/install/ros2_aruco_interfaces/include/ros2_aruco_interfaces/msg/detail/aruco_markers__rosidl_typesupport_introspection_cpp.hpp
[1.945s] -- Up-to-date: /root/ros2_ws_diki_new/install/ros2_aruco_interfaces/lib/libros2_aruco_interfaces__rosidl_typesupport_introspection_cpp.so
[1.945s] -- Up-to-date: /root/ros2_ws_diki_new/install/ros2_aruco_interfaces/lib/libros2_aruco_interfaces__rosidl_typesupport_cpp.so
[1.946s] -- Up-to-date: /root/ros2_ws_diki_new/install/ros2_aruco_interfaces/share/ros2_aruco_interfaces/environment/pythonpath.sh
[1.947s] -- Up-to-date: /root/ros2_ws_diki_new/install/ros2_aruco_interfaces/share/ros2_aruco_interfaces/environment/pythonpath.dsv
[1.948s] -- Up-to-date: /root/ros2_ws_diki_new/install/ros2_aruco_interfaces/lib/python3.8/site-packages/ros2_aruco_interfaces/__init__.py
[2.002s] -- Up-to-date: /root/ros2_ws_diki_new/install/ros2_aruco_interfaces/lib/python3.8/site-packages/ros2_aruco_interfaces/msg
[2.003s] -- Up-to-date: /root/ros2_ws_diki_new/install/ros2_aruco_interfaces/lib/python3.8/site-packages/ros2_aruco_interfaces/msg/_aruco_markers_s.c
[2.004s] -- Up-to-date: /root/ros2_ws_diki_new/install/ros2_aruco_interfaces/lib/python3.8/site-packages/ros2_aruco_interfaces/msg/_aruco_markers.py
[2.004s] -- Up-to-date: /root/ros2_ws_diki_new/install/ros2_aruco_interfaces/lib/python3.8/site-packages/ros2_aruco_interfaces/msg/__init__.py
[2.004s] -- Up-to-date: /root/ros2_ws_diki_new/install/ros2_aruco_interfaces/lib/python3.8/site-packages/ros2_aruco_interfaces/ros2_aruco_interfaces_s__rosidl_typesupport_fastrtps_c.cpython-38-x86_64-linux-gnu.so
[2.004s] -- Up-to-date: /root/ros2_ws_diki_new/install/ros2_aruco_interfaces/lib/python3.8/site-packages/ros2_aruco_interfaces/ros2_aruco_interfaces_s__rosidl_typesupport_introspection_c.cpython-38-x86_64-linux-gnu.so
[2.008s] -- Up-to-date: /root/ros2_ws_diki_new/install/ros2_aruco_interfaces/lib/python3.8/site-packages/ros2_aruco_interfaces/ros2_aruco_interfaces_s__rosidl_typesupport_c.cpython-38-x86_64-linux-gnu.so
[2.008s] -- Up-to-date: /root/ros2_ws_diki_new/install/ros2_aruco_interfaces/lib/libros2_aruco_interfaces__python.so
[2.010s] -- Up-to-date: /root/ros2_ws_diki_new/install/ros2_aruco_interfaces/share/ros2_aruco_interfaces/msg/ArucoMarkers.idl
[2.014s] -- Up-to-date: /root/ros2_ws_diki_new/install/ros2_aruco_interfaces/share/ros2_aruco_interfaces/msg/ArucoMarkers.msg
[2.014s] -- Up-to-date: /root/ros2_ws_diki_new/install/ros2_aruco_interfaces/share/ament_index/resource_index/package_run_dependencies/ros2_aruco_interfaces
[2.014s] -- Up-to-date: /root/ros2_ws_diki_new/install/ros2_aruco_interfaces/share/ament_index/resource_index/parent_prefix_path/ros2_aruco_interfaces
[2.015s] -- Up-to-date: /root/ros2_ws_diki_new/install/ros2_aruco_interfaces/share/ros2_aruco_interfaces/environment/ament_prefix_path.sh
[2.017s] -- Up-to-date: /root/ros2_ws_diki_new/install/ros2_aruco_interfaces/share/ros2_aruco_interfaces/environment/ament_prefix_path.dsv
[2.017s] -- Up-to-date: /root/ros2_ws_diki_new/install/ros2_aruco_interfaces/share/ros2_aruco_interfaces/environment/path.sh
[2.017s] -- Up-to-date: /root/ros2_ws_diki_new/install/ros2_aruco_interfaces/share/ros2_aruco_interfaces/environment/path.dsv
[2.017s] -- Up-to-date: /root/ros2_ws_diki_new/install/ros2_aruco_interfaces/share/ros2_aruco_interfaces/local_setup.bash
[2.017s] -- Up-to-date: /root/ros2_ws_diki_new/install/ros2_aruco_interfaces/share/ros2_aruco_interfaces/local_setup.sh
[2.018s] -- Up-to-date: /root/ros2_ws_diki_new/install/ros2_aruco_interfaces/share/ros2_aruco_interfaces/local_setup.zsh
[2.018s] -- Up-to-date: /root/ros2_ws_diki_new/install/ros2_aruco_interfaces/share/ros2_aruco_interfaces/local_setup.dsv
[2.019s] -- Installing: /root/ros2_ws_diki_new/install/ros2_aruco_interfaces/share/ros2_aruco_interfaces/package.dsv
[2.019s] -- Up-to-date: /root/ros2_ws_diki_new/install/ros2_aruco_interfaces/share/ament_index/resource_index/packages/ros2_aruco_interfaces
[2.019s] -- Up-to-date: /root/ros2_ws_diki_new/install/ros2_aruco_interfaces/share/ros2_aruco_interfaces/cmake/ros2_aruco_interfaces__rosidl_generator_cExport.cmake
[2.020s] -- Up-to-date: /root/ros2_ws_diki_new/install/ros2_aruco_interfaces/share/ros2_aruco_interfaces/cmake/ros2_aruco_interfaces__rosidl_generator_cExport-noconfig.cmake
[2.021s] -- Up-to-date: /root/ros2_ws_diki_new/install/ros2_aruco_interfaces/share/ros2_aruco_interfaces/cmake/ros2_aruco_interfaces__rosidl_typesupport_introspection_cExport.cmake
[2.021s] -- Up-to-date: /root/ros2_ws_diki_new/install/ros2_aruco_interfaces/share/ros2_aruco_interfaces/cmake/ros2_aruco_interfaces__rosidl_typesupport_introspection_cExport-noconfig.cmake
[2.022s] -- Up-to-date: /root/ros2_ws_diki_new/install/ros2_aruco_interfaces/share/ros2_aruco_interfaces/cmake/ros2_aruco_interfaces__rosidl_typesupport_cExport.cmake
[2.022s] -- Up-to-date: /root/ros2_ws_diki_new/install/ros2_aruco_interfaces/share/ros2_aruco_interfaces/cmake/ros2_aruco_interfaces__rosidl_typesupport_cExport-noconfig.cmake
[2.022s] -- Up-to-date: /root/ros2_ws_diki_new/install/ros2_aruco_interfaces/share/ros2_aruco_interfaces/cmake/ros2_aruco_interfaces__rosidl_generator_cppExport.cmake
[2.022s] -- Up-to-date: /root/ros2_ws_diki_new/install/ros2_aruco_interfaces/share/ros2_aruco_interfaces/cmake/ros2_aruco_interfaces__rosidl_typesupport_introspection_cppExport.cmake
[2.022s] -- Up-to-date: /root/ros2_ws_diki_new/install/ros2_aruco_interfaces/share/ros2_aruco_interfaces/cmake/ros2_aruco_interfaces__rosidl_typesupport_introspection_cppExport-noconfig.cmake
[2.023s] -- Up-to-date: /root/ros2_ws_diki_new/install/ros2_aruco_interfaces/share/ros2_aruco_interfaces/cmake/ros2_aruco_interfaces__rosidl_typesupport_cppExport.cmake
[2.023s] -- Up-to-date: /root/ros2_ws_diki_new/install/ros2_aruco_interfaces/share/ros2_aruco_interfaces/cmake/ros2_aruco_interfaces__rosidl_typesupport_cppExport-noconfig.cmake
[2.023s] -- Up-to-date: /root/ros2_ws_diki_new/install/ros2_aruco_interfaces/share/ros2_aruco_interfaces/cmake/rosidl_cmake-extras.cmake
[2.023s] -- Up-to-date: /root/ros2_ws_diki_new/install/ros2_aruco_interfaces/share/ros2_aruco_interfaces/cmake/ament_cmake_export_dependencies-extras.cmake
[2.023s] -- Up-to-date: /root/ros2_ws_diki_new/install/ros2_aruco_interfaces/share/ros2_aruco_interfaces/cmake/ament_cmake_export_libraries-extras.cmake
[2.023s] -- Up-to-date: /root/ros2_ws_diki_new/install/ros2_aruco_interfaces/share/ros2_aruco_interfaces/cmake/ament_cmake_export_targets-extras.cmake
[2.024s] -- Up-to-date: /root/ros2_ws_diki_new/install/ros2_aruco_interfaces/share/ros2_aruco_interfaces/cmake/ament_cmake_export_include_directories-extras.cmake
[2.024s] -- Up-to-date: /root/ros2_ws_diki_new/install/ros2_aruco_interfaces/share/ros2_aruco_interfaces/cmake/rosidl_cmake_export_typesupport_libraries-extras.cmake
[2.024s] -- Up-to-date: /root/ros2_ws_diki_new/install/ros2_aruco_interfaces/share/ros2_aruco_interfaces/cmake/rosidl_cmake_export_typesupport_targets-extras.cmake
[2.024s] -- Up-to-date: /root/ros2_ws_diki_new/install/ros2_aruco_interfaces/share/ros2_aruco_interfaces/cmake/ros2_aruco_interfacesConfig.cmake
[2.024s] -- Up-to-date: /root/ros2_ws_diki_new/install/ros2_aruco_interfaces/share/ros2_aruco_interfaces/cmake/ros2_aruco_interfacesConfig-version.cmake
[2.024s] -- Up-to-date: /root/ros2_ws_diki_new/install/ros2_aruco_interfaces/share/ros2_aruco_interfaces/package.xml
[2.040s] Invoked command in '/root/ros2_ws_diki_new/build/ros2_aruco_interfaces' returned '0': CMAKE_PREFIX_PATH=${CMAKE_PREFIX_PATH}:/root/ros2_ws_diki_new/install/ros2_aruco:/root/ros2_ws_diki_new/install/python:/root/ros2_ws_diki_new/install/opencv_tests:/opt/ros/foxy /usr/bin/cmake --install /root/ros2_ws_diki_new/build/ros2_aruco_interfaces
