[0.065s] Invoking command in '/root/ros2_ws_diki_new/build/image_geometry': CMAKE_PREFIX_PATH=${CMAKE_PREFIX_PATH}:/root/ros2_ws_diki_new/install/ros2_aruco:/root/ros2_ws_diki_new/install/python:/root/ros2_ws_diki_new/install/opencv_tests:/opt/ros/foxy /usr/bin/cmake /root/ros2_ws_diki_new/src/vision_opencv/image_geometry -DCMAKE_INSTALL_PREFIX=/root/ros2_ws_diki_new/install/image_geometry
[0.675s] -- The C compiler identification is GNU 9.4.0
[0.675s] -- The CXX compiler identification is GNU 9.4.0
[0.675s] -- Check for working C compiler: /usr/bin/cc
[0.676s] -- Check for working C compiler: /usr/bin/cc -- works
[0.676s] -- Detecting C compiler ABI info
[0.677s] -- Detecting C compiler ABI info - done
[0.677s] -- Detecting C compile features
[0.678s] -- Detecting C compile features - done
[0.678s] -- Check for working CXX compiler: /usr/bin/c++
[0.678s] -- Check for working CXX compiler: /usr/bin/c++ -- works
[0.679s] -- Detecting CXX compiler ABI info
[0.679s] -- Detecting CXX compiler ABI info - done
[0.679s] -- Detecting CXX compile features
[0.679s] -- Detecting CXX compile features - done
[0.679s] -- Found ament_cmake_python: 0.9.12 (/opt/ros/foxy/share/ament_cmake_python/cmake)
[0.679s] -- Found ament_cmake_ros: 0.9.2 (/opt/ros/foxy/share/ament_cmake_ros/cmake)
[0.679s] -- Found PythonInterp: /usr/bin/python3 (found suitable version "3.8.10", minimum required is "3") 
[0.679s] -- Using PYTHON_EXECUTABLE: /usr/bin/python3
[1.038s] -- Found OpenCV: /usr (found version "4.2.0") found components: calib3d core highgui imgproc 
[1.042s] -- Found sensor_msgs: 2.0.5 (/opt/ros/foxy/share/sensor_msgs/cmake)
[1.108s] -- Using all available rosidl_typesupport_c: rosidl_typesupport_fastrtps_c;rosidl_typesupport_introspection_c
[1.124s] -- Found rosidl_adapter: 1.3.1 (/opt/ros/foxy/share/rosidl_adapter/cmake)
[1.298s] -- Found OpenSSL: /usr/lib/x86_64-linux-gnu/libcrypto.so (found version "1.1.1f")  
[1.357s] -- Found FastRTPS: /opt/ros/foxy/include  
[1.521s] -- Using all available rosidl_typesupport_cpp: rosidl_typesupport_fastrtps_cpp;rosidl_typesupport_introspection_cpp
[1.738s] -- Found gtest sources under '/opt/ros/foxy/src/gtest_vendor': C++ tests using 'Google Test' will be built
[1.740s] -- Looking for pthread.h
[1.820s] -- Looking for pthread.h - found
[1.821s] -- Performing Test CMAKE_HAVE_LIBC_PTHREAD
[1.896s] -- Performing Test CMAKE_HAVE_LIBC_PTHREAD - Failed
[1.896s] -- Check if compiler accepts -pthread
[1.976s] -- Check if compiler accepts -pthread - yes
[1.977s] -- Found Threads: TRUE  
[2.049s] -- Configuring done
[2.063s] -- Generating done
[2.064s] -- Build files have been written to: /root/ros2_ws_diki_new/build/image_geometry
[2.075s] Invoked command in '/root/ros2_ws_diki_new/build/image_geometry' returned '0': CMAKE_PREFIX_PATH=${CMAKE_PREFIX_PATH}:/root/ros2_ws_diki_new/install/ros2_aruco:/root/ros2_ws_diki_new/install/python:/root/ros2_ws_diki_new/install/opencv_tests:/opt/ros/foxy /usr/bin/cmake /root/ros2_ws_diki_new/src/vision_opencv/image_geometry -DCMAKE_INSTALL_PREFIX=/root/ros2_ws_diki_new/install/image_geometry
[2.079s] Invoking command in '/root/ros2_ws_diki_new/build/image_geometry': CMAKE_PREFIX_PATH=${CMAKE_PREFIX_PATH}:/root/ros2_ws_diki_new/install/ros2_aruco:/root/ros2_ws_diki_new/install/python:/root/ros2_ws_diki_new/install/opencv_tests:/opt/ros/foxy /usr/bin/cmake --build /root/ros2_ws_diki_new/build/image_geometry -- -j12 -l12
[2.174s] [35m[1mScanning dependencies of target image_geometry[0m
[2.182s] [35m[1mScanning dependencies of target gtest_main[0m
[2.202s] [35m[1mScanning dependencies of target gtest[0m
[2.207s] [  9%] [32mBuilding CXX object gtest/CMakeFiles/gtest_main.dir/src/gtest_main.cc.o[0m
[2.215s] [ 18%] [32mBuilding CXX object CMakeFiles/image_geometry.dir/src/pinhole_camera_model.cpp.o[0m
[2.217s] [ 27%] [32mBuilding CXX object CMakeFiles/image_geometry.dir/src/stereo_camera_model.cpp.o[0m
[2.225s] [ 36%] [32mBuilding CXX object gtest/CMakeFiles/gtest.dir/src/gtest-all.cc.o[0m
[3.099s] [ 45%] [32m[1mLinking CXX static library libgtest_main.a[0m
[3.145s] [ 45%] Built target gtest_main
[3.629s] [ 54%] [32m[1mLinking CXX shared library libimage_geometry.so[0m
[3.760s] [ 54%] Built target image_geometry
[6.498s] [ 63%] [32m[1mLinking CXX static library libgtest.a[0m
[6.557s] [ 63%] Built target gtest
[6.574s] [35m[1mScanning dependencies of target image_geometry-utest-equi[0m
[6.575s] [35m[1mScanning dependencies of target image_geometry-utest[0m
[6.623s] [ 72%] [32mBuilding CXX object test/CMakeFiles/image_geometry-utest.dir/utest.cpp.o[0m
[6.625s] [ 81%] [32mBuilding CXX object test/CMakeFiles/image_geometry-utest-equi.dir/utest_equi.cpp.o[0m
[8.505s] [ 90%] [32m[1mLinking CXX executable image_geometry-utest-equi[0m
[8.573s] [100%] [32m[1mLinking CXX executable image_geometry-utest[0m
[8.696s] [100%] Built target image_geometry-utest-equi
[8.765s] [100%] Built target image_geometry-utest
[8.776s] Invoked command in '/root/ros2_ws_diki_new/build/image_geometry' returned '0': CMAKE_PREFIX_PATH=${CMAKE_PREFIX_PATH}:/root/ros2_ws_diki_new/install/ros2_aruco:/root/ros2_ws_diki_new/install/python:/root/ros2_ws_diki_new/install/opencv_tests:/opt/ros/foxy /usr/bin/cmake --build /root/ros2_ws_diki_new/build/image_geometry -- -j12 -l12
[8.821s] Invoking command in '/root/ros2_ws_diki_new/build/image_geometry': CMAKE_PREFIX_PATH=${CMAKE_PREFIX_PATH}:/root/ros2_ws_diki_new/install/ros2_aruco:/root/ros2_ws_diki_new/install/python:/root/ros2_ws_diki_new/install/opencv_tests:/opt/ros/foxy /usr/bin/cmake --install /root/ros2_ws_diki_new/build/image_geometry
[8.829s] -- Install configuration: ""
[8.829s] -- Installing: /root/ros2_ws_diki_new/install/image_geometry/share/image_geometry/environment/pythonpath.sh
[8.830s] -- Installing: /root/ros2_ws_diki_new/install/image_geometry/share/image_geometry/environment/pythonpath.dsv
[8.830s] -- Installing: /root/ros2_ws_diki_new/install/image_geometry/lib/python3.8/site-packages/image_geometry
[8.830s] -- Installing: /root/ros2_ws_diki_new/install/image_geometry/lib/python3.8/site-packages/image_geometry/cameramodels.py
[8.830s] -- Installing: /root/ros2_ws_diki_new/install/image_geometry/lib/python3.8/site-packages/image_geometry/__init__.py
[8.860s] Listing '/root/ros2_ws_diki_new/install/image_geometry/lib/python3.8/site-packages/image_geometry'...
[8.860s] Compiling '/root/ros2_ws_diki_new/install/image_geometry/lib/python3.8/site-packages/image_geometry/__init__.py'...
[8.861s] Compiling '/root/ros2_ws_diki_new/install/image_geometry/lib/python3.8/site-packages/image_geometry/cameramodels.py'...
[8.873s] -- Installing: /root/ros2_ws_diki_new/install/image_geometry/include/image_geometry
[8.874s] -- Installing: /root/ros2_ws_diki_new/install/image_geometry/include/image_geometry/stereo_camera_model.h
[8.874s] -- Installing: /root/ros2_ws_diki_new/install/image_geometry/include/image_geometry/visibility_control.hpp
[8.874s] -- Installing: /root/ros2_ws_diki_new/install/image_geometry/include/image_geometry/pinhole_camera_model.h
[8.875s] -- Installing: /root/ros2_ws_diki_new/install/image_geometry/lib/libimage_geometry.so
[8.875s] -- Set runtime path of "/root/ros2_ws_diki_new/install/image_geometry/lib/libimage_geometry.so" to ""
[8.875s] -- Installing: /root/ros2_ws_diki_new/install/image_geometry/share/image_geometry/environment/library_path.sh
[8.875s] -- Installing: /root/ros2_ws_diki_new/install/image_geometry/share/image_geometry/environment/library_path.dsv
[8.876s] -- Installing: /root/ros2_ws_diki_new/install/image_geometry/share/ament_index/resource_index/package_run_dependencies/image_geometry
[8.876s] -- Installing: /root/ros2_ws_diki_new/install/image_geometry/share/ament_index/resource_index/parent_prefix_path/image_geometry
[8.876s] -- Installing: /root/ros2_ws_diki_new/install/image_geometry/share/image_geometry/environment/ament_prefix_path.sh
[8.876s] -- Installing: /root/ros2_ws_diki_new/install/image_geometry/share/image_geometry/environment/ament_prefix_path.dsv
[8.876s] -- Installing: /root/ros2_ws_diki_new/install/image_geometry/share/image_geometry/environment/path.sh
[8.876s] -- Installing: /root/ros2_ws_diki_new/install/image_geometry/share/image_geometry/environment/path.dsv
[8.876s] -- Installing: /root/ros2_ws_diki_new/install/image_geometry/share/image_geometry/local_setup.bash
[8.877s] -- Installing: /root/ros2_ws_diki_new/install/image_geometry/share/image_geometry/local_setup.sh
[8.877s] -- Installing: /root/ros2_ws_diki_new/install/image_geometry/share/image_geometry/local_setup.zsh
[8.877s] -- Installing: /root/ros2_ws_diki_new/install/image_geometry/share/image_geometry/local_setup.dsv
[8.877s] -- Installing: /root/ros2_ws_diki_new/install/image_geometry/share/image_geometry/package.dsv
[8.877s] -- Installing: /root/ros2_ws_diki_new/install/image_geometry/share/ament_index/resource_index/packages/image_geometry
[8.877s] -- Installing: /root/ros2_ws_diki_new/install/image_geometry/share/image_geometry/cmake/ament_cmake_export_libraries-extras.cmake
[8.877s] -- Installing: /root/ros2_ws_diki_new/install/image_geometry/share/image_geometry/cmake/ament_cmake_export_dependencies-extras.cmake
[8.878s] -- Installing: /root/ros2_ws_diki_new/install/image_geometry/share/image_geometry/cmake/ament_cmake_export_include_directories-extras.cmake
[8.878s] -- Installing: /root/ros2_ws_diki_new/install/image_geometry/share/image_geometry/cmake/image_geometryConfig.cmake
[8.878s] -- Installing: /root/ros2_ws_diki_new/install/image_geometry/share/image_geometry/cmake/image_geometryConfig-version.cmake
[8.878s] -- Installing: /root/ros2_ws_diki_new/install/image_geometry/share/image_geometry/package.xml
[8.881s] Invoked command in '/root/ros2_ws_diki_new/build/image_geometry' returned '0': CMAKE_PREFIX_PATH=${CMAKE_PREFIX_PATH}:/root/ros2_ws_diki_new/install/ros2_aruco:/root/ros2_ws_diki_new/install/python:/root/ros2_ws_diki_new/install/opencv_tests:/opt/ros/foxy /usr/bin/cmake --install /root/ros2_ws_diki_new/build/image_geometry
