running egg_info
creating ../../build/python/python.egg-info
writing ../../build/python/python.egg-info/PKG-INFO
writing dependency_links to ../../build/python/python.egg-info/dependency_links.txt
writing entry points to ../../build/python/python.egg-info/entry_points.txt
writing requirements to ../../build/python/python.egg-info/requires.txt
writing top-level names to ../../build/python/python.egg-info/top_level.txt
writing manifest file '../../build/python/python.egg-info/SOURCES.txt'
reading manifest file '../../build/python/python.egg-info/SOURCES.txt'
writing manifest file '../../build/python/python.egg-info/SOURCES.txt'
running build
running build_py
creating /root/ros2_ws_diki_new/build/python/build
creating /root/ros2_ws_diki_new/build/python/build/lib
creating /root/ros2_ws_diki_new/build/python/build/lib/python
copying python/__init__.py -> /root/ros2_ws_diki_new/build/python/build/lib/python
running install
running install_lib
creating /root/ros2_ws_diki_new/install/python/lib/python3.8/site-packages/python
copying /root/ros2_ws_diki_new/build/python/build/lib/python/__init__.py -> /root/ros2_ws_diki_new/install/python/lib/python3.8/site-packages/python
byte-compiling /root/ros2_ws_diki_new/install/python/lib/python3.8/site-packages/python/__init__.py to __init__.cpython-38.pyc
running install_data
creating /root/ros2_ws_diki_new/install/python/share/ament_index
creating /root/ros2_ws_diki_new/install/python/share/ament_index/resource_index
creating /root/ros2_ws_diki_new/install/python/share/ament_index/resource_index/packages
copying resource/python -> /root/ros2_ws_diki_new/install/python/share/ament_index/resource_index/packages
copying package.xml -> /root/ros2_ws_diki_new/install/python/share/python
running install_egg_info
Copying ../../build/python/python.egg-info to /root/ros2_ws_diki_new/install/python/lib/python3.8/site-packages/python-0.0.0-py3.8.egg-info
running install_scripts
writing list of installed files to '/root/ros2_ws_diki_new/build/python/install.log'
