[1.881s] Invoking command in '/root/ros2_ws_diki_new/src/ros2_aruco/ros2_aruco': PYTHONPATH=/root/ros2_ws_diki_new/build/ros2_aruco/prefix_override:/usr/lib/python3/dist-packages/colcon_core/task/python/colcon_distutils_commands:/root/ros2_ws_diki_new/install/ros2_aruco/lib/python3.8/site-packages:${PYTHONPATH} /usr/bin/python3 -W ignore:setup.py install is deprecated setup.py egg_info --egg-base ../../../build/ros2_aruco build --build-base /root/ros2_ws_diki_new/build/ros2_aruco/build install --record /root/ros2_ws_diki_new/build/ros2_aruco/install.log --install-scripts $base/lib/ros2_aruco --single-version-externally-managed install_data
[2.242s] running egg_info
[2.243s] writing ../../../build/ros2_aruco/ros2_aruco.egg-info/PKG-INFO
[2.243s] writing dependency_links to ../../../build/ros2_aruco/ros2_aruco.egg-info/dependency_links.txt
[2.243s] writing entry points to ../../../build/ros2_aruco/ros2_aruco.egg-info/entry_points.txt
[2.243s] writing requirements to ../../../build/ros2_aruco/ros2_aruco.egg-info/requires.txt
[2.244s] writing top-level names to ../../../build/ros2_aruco/ros2_aruco.egg-info/top_level.txt
[2.305s] reading manifest file '../../../build/ros2_aruco/ros2_aruco.egg-info/SOURCES.txt'
[2.307s] writing manifest file '../../../build/ros2_aruco/ros2_aruco.egg-info/SOURCES.txt'
[2.308s] running build
[2.308s] running build_py
[2.308s] copying ros2_aruco/aruco_node.py -> /root/ros2_ws_diki_new/build/ros2_aruco/build/lib/ros2_aruco
[2.308s] running install
[2.310s] running install_lib
[2.311s] copying /root/ros2_ws_diki_new/build/ros2_aruco/build/lib/ros2_aruco/aruco_node.py -> /root/ros2_ws_diki_new/install/ros2_aruco/lib/python3.8/site-packages/ros2_aruco
[2.312s] byte-compiling /root/ros2_ws_diki_new/install/ros2_aruco/lib/python3.8/site-packages/ros2_aruco/aruco_node.py to aruco_node.cpython-38.pyc
[2.314s] Sorry: TabError: inconsistent use of tabs and spaces in indentation (aruco_node.py, line 62)
[2.315s] running install_data
[2.315s] running install_egg_info
[2.318s] removing '/root/ros2_ws_diki_new/install/ros2_aruco/lib/python3.8/site-packages/ros2_aruco-0.1.0-py3.8.egg-info' (and everything under it)
[2.319s] Copying ../../../build/ros2_aruco/ros2_aruco.egg-info to /root/ros2_ws_diki_new/install/ros2_aruco/lib/python3.8/site-packages/ros2_aruco-0.1.0-py3.8.egg-info
[2.321s] running install_scripts
[2.351s] Installing aruco_generate_marker script to /root/ros2_ws_diki_new/install/ros2_aruco/lib/ros2_aruco
[2.351s] Installing aruco_node script to /root/ros2_ws_diki_new/install/ros2_aruco/lib/ros2_aruco
[2.352s] Installing aruco_node_explaination script to /root/ros2_ws_diki_new/install/ros2_aruco/lib/ros2_aruco
[2.352s] Installing aruco_node_original script to /root/ros2_ws_diki_new/install/ros2_aruco/lib/ros2_aruco
[2.354s] writing list of installed files to '/root/ros2_ws_diki_new/build/ros2_aruco/install.log'
[2.403s] Invoked command in '/root/ros2_ws_diki_new/src/ros2_aruco/ros2_aruco' returned '0': PYTHONPATH=/root/ros2_ws_diki_new/build/ros2_aruco/prefix_override:/usr/lib/python3/dist-packages/colcon_core/task/python/colcon_distutils_commands:/root/ros2_ws_diki_new/install/ros2_aruco/lib/python3.8/site-packages:${PYTHONPATH} /usr/bin/python3 -W ignore:setup.py install is deprecated setup.py egg_info --egg-base ../../../build/ros2_aruco build --build-base /root/ros2_ws_diki_new/build/ros2_aruco/build install --record /root/ros2_ws_diki_new/build/ros2_aruco/install.log --install-scripts $base/lib/ros2_aruco --single-version-externally-managed install_data
