[0.062s] Invoking command in '/root/ros2_ws_diki_new/build/cv_bridge': CMAKE_PREFIX_PATH=${CMAKE_PREFIX_PATH}:/root/ros2_ws_diki_new/install/ros2_aruco:/root/ros2_ws_diki_new/install/python:/root/ros2_ws_diki_new/install/opencv_tests:/opt/ros/foxy /usr/bin/cmake /root/ros2_ws_diki_new/src/vision_opencv/cv_bridge -DCMAKE_INSTALL_PREFIX=/root/ros2_ws_diki_new/install/cv_bridge
[0.672s] -- The C compiler identification is GNU 9.4.0
[0.673s] -- The CXX compiler identification is GNU 9.4.0
[0.673s] -- Check for working C compiler: /usr/bin/cc
[0.673s] -- Check for working C compiler: /usr/bin/cc -- works
[0.673s] -- Detecting C compiler ABI info
[0.673s] -- Detecting C compiler ABI info - done
[0.673s] -- Detecting C compile features
[0.673s] -- Detecting C compile features - done
[0.673s] -- Check for working CXX compiler: /usr/bin/c++
[0.673s] -- Check for working CXX compiler: /usr/bin/c++ -- works
[0.673s] -- Detecting CXX compiler ABI info
[0.673s] -- Detecting CXX compiler ABI info - done
[0.673s] -- Detecting CXX compile features
[0.673s] -- Detecting CXX compile features - done
[0.673s] -- Found ament_cmake_ros: 0.9.2 (/opt/ros/foxy/share/ament_cmake_ros/cmake)
[0.673s] -- Found PythonInterp: /usr/bin/python3 (found suitable version "3.8.10", minimum required is "3") 
[0.673s] -- Using PYTHON_EXECUTABLE: /usr/bin/python3
[1.016s] -- Found PythonLibs: /usr/lib/x86_64-linux-gnu/libpython3.8.so (found version "3.8.10") 
[1.036s] -- Boost_VERSION_STRING: 1.71.0
[1.046s] -- Found Boost: /usr/lib/x86_64-linux-gnu/cmake/Boost-1.71.0/BoostConfig.cmake (found version "1.71.0") found components: python38 
[1.052s] -- Found rcpputils: 1.3.2 (/opt/ros/foxy/share/rcpputils/cmake)
[1.071s] -- Found sensor_msgs: 2.0.5 (/opt/ros/foxy/share/sensor_msgs/cmake)
[1.123s] -- Using all available rosidl_typesupport_c: rosidl_typesupport_fastrtps_c;rosidl_typesupport_introspection_c
[1.139s] -- Found rosidl_adapter: 1.3.1 (/opt/ros/foxy/share/rosidl_adapter/cmake)
[1.334s] -- Found OpenSSL: /usr/lib/x86_64-linux-gnu/libcrypto.so (found version "1.1.1f")  
[1.391s] -- Found FastRTPS: /opt/ros/foxy/include  
[1.529s] -- Using all available rosidl_typesupport_cpp: rosidl_typesupport_fastrtps_cpp;rosidl_typesupport_introspection_cpp
[1.802s] -- Performing Test COMPILER_HAS_HIDDEN_VISIBILITY
[1.881s] -- Performing Test COMPILER_HAS_HIDDEN_VISIBILITY - Success
[1.882s] -- Performing Test COMPILER_HAS_HIDDEN_INLINE_VISIBILITY
[1.962s] -- Performing Test COMPILER_HAS_HIDDEN_INLINE_VISIBILITY - Success
[1.963s] -- Performing Test COMPILER_HAS_DEPRECATED_ATTR
[2.045s] -- Performing Test COMPILER_HAS_DEPRECATED_ATTR - Success
[2.070s] -- Found PythonInterp: /usr/bin/python3 (found version "3.8.10") 
[2.072s] -- Found PythonLibs: /usr/lib/x86_64-linux-gnu/libpython3.8.so (found suitable version "3.8.10", minimum required is "3.8") 
[2.211s] -- Found ament_lint_auto: 0.9.8 (/opt/ros/foxy/share/ament_lint_auto/cmake)
[2.365s] -- Found gtest sources under '/opt/ros/foxy/src/gtest_vendor': C++ tests using 'Google Test' will be built
[2.367s] -- Looking for pthread.h
[2.464s] -- Looking for pthread.h - found
[2.465s] -- Performing Test CMAKE_HAVE_LIBC_PTHREAD
[2.569s] -- Performing Test CMAKE_HAVE_LIBC_PTHREAD - Failed
[2.572s] -- Check if compiler accepts -pthread
[2.680s] -- Check if compiler accepts -pthread - yes
[2.682s] -- Found Threads: TRUE  
[5.142s] -- Configuring done
[5.157s] -- Generating done
[5.158s] -- Build files have been written to: /root/ros2_ws_diki_new/build/cv_bridge
[5.166s] Invoked command in '/root/ros2_ws_diki_new/build/cv_bridge' returned '0': CMAKE_PREFIX_PATH=${CMAKE_PREFIX_PATH}:/root/ros2_ws_diki_new/install/ros2_aruco:/root/ros2_ws_diki_new/install/python:/root/ros2_ws_diki_new/install/opencv_tests:/opt/ros/foxy /usr/bin/cmake /root/ros2_ws_diki_new/src/vision_opencv/cv_bridge -DCMAKE_INSTALL_PREFIX=/root/ros2_ws_diki_new/install/cv_bridge
[5.169s] Invoking command in '/root/ros2_ws_diki_new/build/cv_bridge': CMAKE_PREFIX_PATH=${CMAKE_PREFIX_PATH}:/root/ros2_ws_diki_new/install/ros2_aruco:/root/ros2_ws_diki_new/install/python:/root/ros2_ws_diki_new/install/opencv_tests:/opt/ros/foxy /usr/bin/cmake --build /root/ros2_ws_diki_new/build/cv_bridge -- -j12 -l12
[5.215s] [35m[1mScanning dependencies of target cv_bridge[0m
[5.215s] [35m[1mScanning dependencies of target gtest_main[0m
[5.216s] [35m[1mScanning dependencies of target gtest[0m
[5.230s] [  6%] [32mBuilding CXX object gtest/CMakeFiles/gtest_main.dir/src/gtest_main.cc.o[0m
[5.231s] [ 12%] [32mBuilding CXX object gtest/CMakeFiles/gtest.dir/src/gtest-all.cc.o[0m
[5.257s] [ 18%] [32mBuilding CXX object src/CMakeFiles/cv_bridge.dir/cv_bridge.cpp.o[0m
[5.266s] [ 25%] [32mBuilding CXX object src/CMakeFiles/cv_bridge.dir/rgb_colors.cpp.o[0m
[6.316s] [ 31%] [32m[1mLinking CXX static library libgtest_main.a[0m
[6.367s] [ 31%] Built target gtest_main
[9.323s] [ 37%] [32m[1mLinking CXX static library libgtest.a[0m
[9.383s] [ 37%] Built target gtest
[10.485s] [ 43%] [32m[1mLinking CXX shared library libcv_bridge.so[0m
[10.614s] [ 43%] Built target cv_bridge
[10.630s] [35m[1mScanning dependencies of target cv_bridge-utest[0m
[10.631s] [35m[1mScanning dependencies of target cv_bridge_boost[0m
[10.668s] [ 50%] [32mBuilding CXX object src/CMakeFiles/cv_bridge_boost.dir/module.cpp.o[0m
[10.669s] [ 56%] [32mBuilding CXX object src/CMakeFiles/cv_bridge_boost.dir/module_opencv3.cpp.o[0m
[10.670s] [ 62%] [32mBuilding CXX object test/CMakeFiles/cv_bridge-utest.dir/test_endian.cpp.o[0m
[10.670s] [ 68%] [32mBuilding CXX object test/CMakeFiles/cv_bridge-utest.dir/utest2.cpp.o[0m
[10.671s] [ 75%] [32mBuilding CXX object test/CMakeFiles/cv_bridge-utest.dir/test_compression.cpp.o[0m
[10.671s] [ 87%] [32mBuilding CXX object test/CMakeFiles/cv_bridge-utest.dir/test_rgb_colors.cpp.o[0m
[10.671s] [ 87%] [32mBuilding CXX object test/CMakeFiles/cv_bridge-utest.dir/utest.cpp.o[0m
[13.373s] [ 93%] [32m[1mLinking CXX executable cv_bridge-utest[0m
[13.820s] [ 93%] Built target cv_bridge-utest
[14.285s] [100%] [32m[1mLinking CXX shared library boost/cv_bridge_boost.so[0m
[14.393s] [100%] Built target cv_bridge_boost
[14.403s] Invoked command in '/root/ros2_ws_diki_new/build/cv_bridge' returned '0': CMAKE_PREFIX_PATH=${CMAKE_PREFIX_PATH}:/root/ros2_ws_diki_new/install/ros2_aruco:/root/ros2_ws_diki_new/install/python:/root/ros2_ws_diki_new/install/opencv_tests:/opt/ros/foxy /usr/bin/cmake --build /root/ros2_ws_diki_new/build/cv_bridge -- -j12 -l12
[14.433s] Invoking command in '/root/ros2_ws_diki_new/build/cv_bridge': CMAKE_PREFIX_PATH=${CMAKE_PREFIX_PATH}:/root/ros2_ws_diki_new/install/ros2_aruco:/root/ros2_ws_diki_new/install/python:/root/ros2_ws_diki_new/install/opencv_tests:/opt/ros/foxy /usr/bin/cmake --install /root/ros2_ws_diki_new/build/cv_bridge
[14.440s] -- Install configuration: ""
[14.440s] -- Installing: /root/ros2_ws_diki_new/install/cv_bridge/share/cv_bridge/environment/pythonpath.sh
[14.441s] -- Installing: /root/ros2_ws_diki_new/install/cv_bridge/share/cv_bridge/environment/pythonpath.dsv
[14.441s] -- Installing: /root/ros2_ws_diki_new/install/cv_bridge/lib/python3.8/site-packages/cv_bridge
[14.441s] -- Installing: /root/ros2_ws_diki_new/install/cv_bridge/lib/python3.8/site-packages/cv_bridge/core.py
[14.441s] -- Installing: /root/ros2_ws_diki_new/install/cv_bridge/lib/python3.8/site-packages/cv_bridge/__init__.py
[14.470s] Listing '/root/ros2_ws_diki_new/install/cv_bridge/lib/python3.8/site-packages/cv_bridge'...
[14.470s] Compiling '/root/ros2_ws_diki_new/install/cv_bridge/lib/python3.8/site-packages/cv_bridge/__init__.py'...
[14.470s] Compiling '/root/ros2_ws_diki_new/install/cv_bridge/lib/python3.8/site-packages/cv_bridge/core.py'...
[14.474s] -- Installing: /root/ros2_ws_diki_new/install/cv_bridge/share/cv_bridge/environment/library_path.sh
[14.474s] -- Installing: /root/ros2_ws_diki_new/install/cv_bridge/share/cv_bridge/environment/library_path.dsv
[14.474s] -- Installing: /root/ros2_ws_diki_new/install/cv_bridge/include/cv_bridge
[14.474s] -- Installing: /root/ros2_ws_diki_new/install/cv_bridge/include/cv_bridge/rgb_colors.h
[14.474s] -- Installing: /root/ros2_ws_diki_new/install/cv_bridge/include/cv_bridge/cv_bridge.h
[14.474s] -- Installing: /root/ros2_ws_diki_new/install/cv_bridge/lib/libcv_bridge.so
[14.476s] -- Set runtime path of "/root/ros2_ws_diki_new/install/cv_bridge/lib/libcv_bridge.so" to ""
[14.476s] -- Installing: /root/ros2_ws_diki_new/install/cv_bridge/share/ament_index/resource_index/package_run_dependencies/cv_bridge
[14.476s] -- Installing: /root/ros2_ws_diki_new/install/cv_bridge/share/ament_index/resource_index/parent_prefix_path/cv_bridge
[14.476s] -- Installing: /root/ros2_ws_diki_new/install/cv_bridge/share/cv_bridge/environment/ament_prefix_path.sh
[14.476s] -- Installing: /root/ros2_ws_diki_new/install/cv_bridge/share/cv_bridge/environment/ament_prefix_path.dsv
[14.476s] -- Installing: /root/ros2_ws_diki_new/install/cv_bridge/share/cv_bridge/environment/path.sh
[14.476s] -- Installing: /root/ros2_ws_diki_new/install/cv_bridge/share/cv_bridge/environment/path.dsv
[14.477s] -- Installing: /root/ros2_ws_diki_new/install/cv_bridge/share/cv_bridge/local_setup.bash
[14.477s] -- Installing: /root/ros2_ws_diki_new/install/cv_bridge/share/cv_bridge/local_setup.sh
[14.477s] -- Installing: /root/ros2_ws_diki_new/install/cv_bridge/share/cv_bridge/local_setup.zsh
[14.477s] -- Installing: /root/ros2_ws_diki_new/install/cv_bridge/share/cv_bridge/local_setup.dsv
[14.477s] -- Installing: /root/ros2_ws_diki_new/install/cv_bridge/share/cv_bridge/package.dsv
[14.478s] -- Installing: /root/ros2_ws_diki_new/install/cv_bridge/share/ament_index/resource_index/packages/cv_bridge
[14.478s] -- Installing: /root/ros2_ws_diki_new/install/cv_bridge/share/cv_bridge/cmake/cv_bridge-extras.cmake
[14.478s] -- Installing: /root/ros2_ws_diki_new/install/cv_bridge/share/cv_bridge/cmake/ament_cmake_export_dependencies-extras.cmake
[14.478s] -- Installing: /root/ros2_ws_diki_new/install/cv_bridge/share/cv_bridge/cmake/ament_cmake_export_include_directories-extras.cmake
[14.478s] -- Installing: /root/ros2_ws_diki_new/install/cv_bridge/share/cv_bridge/cmake/ament_cmake_export_libraries-extras.cmake
[14.478s] -- Installing: /root/ros2_ws_diki_new/install/cv_bridge/share/cv_bridge/cmake/cv_bridgeConfig.cmake
[14.478s] -- Installing: /root/ros2_ws_diki_new/install/cv_bridge/share/cv_bridge/cmake/cv_bridgeConfig-version.cmake
[14.478s] -- Installing: /root/ros2_ws_diki_new/install/cv_bridge/share/cv_bridge/package.xml
[14.478s] -- Up-to-date: /root/ros2_ws_diki_new/install/cv_bridge/lib/libcv_bridge.so
[14.478s] -- Installing: /root/ros2_ws_diki_new/install/cv_bridge/include/cv_bridge/cv_bridge_export.h
[14.478s] -- Installing: /root/ros2_ws_diki_new/install/cv_bridge/lib/python3.8/site-packages/cv_bridge/boost/cv_bridge_boost.so
[14.479s] -- Set runtime path of "/root/ros2_ws_diki_new/install/cv_bridge/lib/python3.8/site-packages/cv_bridge/boost/cv_bridge_boost.so" to ""
[14.482s] Invoked command in '/root/ros2_ws_diki_new/build/cv_bridge' returned '0': CMAKE_PREFIX_PATH=${CMAKE_PREFIX_PATH}:/root/ros2_ws_diki_new/install/ros2_aruco:/root/ros2_ws_diki_new/install/python:/root/ros2_ws_diki_new/install/opencv_tests:/opt/ros/foxy /usr/bin/cmake --install /root/ros2_ws_diki_new/build/cv_bridge
