[0.061s] Invoking command in '/root/ros2_ws_diki_new/build/image_geometry': CMAKE_PREFIX_PATH=${CMAKE_PREFIX_PATH}:/root/ros2_ws_diki_new/install/ros2_aruco:/root/ros2_ws_diki_new/install/python:/root/ros2_ws_diki_new/install/opencv_tests:/opt/ros/foxy /usr/bin/cmake --build /root/ros2_ws_diki_new/build/image_geometry -- -j12 -l12
[0.514s] [ 18%] Built target gtest
[0.516s] [ 36%] Built target gtest_main
[0.516s] [ 63%] Built target image_geometry
[0.516s] [ 81%] Built target image_geometry-utest-equi
[0.516s] [100%] Built target image_geometry-utest
[0.526s] Invoked command in '/root/ros2_ws_diki_new/build/image_geometry' returned '0': CMAKE_PREFIX_PATH=${CMAKE_PREFIX_PATH}:/root/ros2_ws_diki_new/install/ros2_aruco:/root/ros2_ws_diki_new/install/python:/root/ros2_ws_diki_new/install/opencv_tests:/opt/ros/foxy /usr/bin/cmake --build /root/ros2_ws_diki_new/build/image_geometry -- -j12 -l12
[0.634s] Invoking command in '/root/ros2_ws_diki_new/build/image_geometry': CMAKE_PREFIX_PATH=${CMAKE_PREFIX_PATH}:/root/ros2_ws_diki_new/install/ros2_aruco:/root/ros2_ws_diki_new/install/python:/root/ros2_ws_diki_new/install/opencv_tests:/opt/ros/foxy /usr/bin/cmake --install /root/ros2_ws_diki_new/build/image_geometry
[0.676s] -- Install configuration: ""
[0.677s] -- Up-to-date: /root/ros2_ws_diki_new/install/image_geometry/share/image_geometry/environment/pythonpath.sh
[0.677s] -- Up-to-date: /root/ros2_ws_diki_new/install/image_geometry/share/image_geometry/environment/pythonpath.dsv
[0.677s] -- Up-to-date: /root/ros2_ws_diki_new/install/image_geometry/lib/python3.8/site-packages/image_geometry
[0.677s] -- Up-to-date: /root/ros2_ws_diki_new/install/image_geometry/lib/python3.8/site-packages/image_geometry/cameramodels.py
[0.677s] -- Up-to-date: /root/ros2_ws_diki_new/install/image_geometry/lib/python3.8/site-packages/image_geometry/__init__.py
[0.685s] Listing '/root/ros2_ws_diki_new/install/image_geometry/lib/python3.8/site-packages/image_geometry'...
[0.689s] -- Up-to-date: /root/ros2_ws_diki_new/install/image_geometry/include/image_geometry
[0.689s] -- Up-to-date: /root/ros2_ws_diki_new/install/image_geometry/include/image_geometry/stereo_camera_model.h
[0.691s] -- Up-to-date: /root/ros2_ws_diki_new/install/image_geometry/include/image_geometry/visibility_control.hpp
[0.691s] -- Up-to-date: /root/ros2_ws_diki_new/install/image_geometry/include/image_geometry/pinhole_camera_model.h
[0.692s] -- Up-to-date: /root/ros2_ws_diki_new/install/image_geometry/lib/libimage_geometry.so
[0.693s] -- Up-to-date: /root/ros2_ws_diki_new/install/image_geometry/share/image_geometry/environment/library_path.sh
[0.693s] -- Up-to-date: /root/ros2_ws_diki_new/install/image_geometry/share/image_geometry/environment/library_path.dsv
[0.693s] -- Up-to-date: /root/ros2_ws_diki_new/install/image_geometry/share/ament_index/resource_index/package_run_dependencies/image_geometry
[0.695s] -- Up-to-date: /root/ros2_ws_diki_new/install/image_geometry/share/ament_index/resource_index/parent_prefix_path/image_geometry
[0.696s] -- Up-to-date: /root/ros2_ws_diki_new/install/image_geometry/share/image_geometry/environment/ament_prefix_path.sh
[0.696s] -- Up-to-date: /root/ros2_ws_diki_new/install/image_geometry/share/image_geometry/environment/ament_prefix_path.dsv
[0.697s] -- Up-to-date: /root/ros2_ws_diki_new/install/image_geometry/share/image_geometry/environment/path.sh
[0.698s] -- Up-to-date: /root/ros2_ws_diki_new/install/image_geometry/share/image_geometry/environment/path.dsv
[0.698s] -- Up-to-date: /root/ros2_ws_diki_new/install/image_geometry/share/image_geometry/local_setup.bash
[0.698s] -- Up-to-date: /root/ros2_ws_diki_new/install/image_geometry/share/image_geometry/local_setup.sh
[0.699s] -- Up-to-date: /root/ros2_ws_diki_new/install/image_geometry/share/image_geometry/local_setup.zsh
[0.699s] -- Up-to-date: /root/ros2_ws_diki_new/install/image_geometry/share/image_geometry/local_setup.dsv
[0.699s] -- Installing: /root/ros2_ws_diki_new/install/image_geometry/share/image_geometry/package.dsv
[0.699s] -- Up-to-date: /root/ros2_ws_diki_new/install/image_geometry/share/ament_index/resource_index/packages/image_geometry
[0.700s] -- Up-to-date: /root/ros2_ws_diki_new/install/image_geometry/share/image_geometry/cmake/ament_cmake_export_libraries-extras.cmake
[0.700s] -- Up-to-date: /root/ros2_ws_diki_new/install/image_geometry/share/image_geometry/cmake/ament_cmake_export_dependencies-extras.cmake
[0.700s] -- Up-to-date: /root/ros2_ws_diki_new/install/image_geometry/share/image_geometry/cmake/ament_cmake_export_include_directories-extras.cmake
[0.700s] -- Up-to-date: /root/ros2_ws_diki_new/install/image_geometry/share/image_geometry/cmake/image_geometryConfig.cmake
[0.700s] -- Up-to-date: /root/ros2_ws_diki_new/install/image_geometry/share/image_geometry/cmake/image_geometryConfig-version.cmake
[0.700s] -- Up-to-date: /root/ros2_ws_diki_new/install/image_geometry/share/image_geometry/package.xml
[0.734s] Invoked command in '/root/ros2_ws_diki_new/build/image_geometry' returned '0': CMAKE_PREFIX_PATH=${CMAKE_PREFIX_PATH}:/root/ros2_ws_diki_new/install/ros2_aruco:/root/ros2_ws_diki_new/install/python:/root/ros2_ws_diki_new/install/opencv_tests:/opt/ros/foxy /usr/bin/cmake --install /root/ros2_ws_diki_new/build/image_geometry
