-- The C compiler identification is GNU 9.4.0
-- The CXX compiler identification is GNU 9.4.0
-- Check for working C compiler: /usr/bin/cc
-- Check for working C compiler: /usr/bin/cc -- works
-- Detecting C compiler ABI info
-- Detecting C compiler ABI info - done
-- Detecting C compile features
-- Detecting C compile features - done
-- Check for working CXX compiler: /usr/bin/c++
-- Check for working CXX compiler: /usr/bin/c++ -- works
-- Detecting CXX compiler ABI info
-- Detecting CXX compiler ABI info - done
-- Detecting CXX compile features
-- Detecting CXX compile features - done
-- Found ament_cmake: 0.9.12 (/opt/ros/foxy/share/ament_cmake/cmake)
-- Found PythonInterp: /usr/bin/python3 (found suitable version "3.8.10", minimum required is "3") 
-- Using PYTHON_EXECUTABLE: /usr/bin/python3
-- Found ament_lint_auto: 0.9.8 (/opt/ros/foxy/share/ament_lint_auto/cmake)
-- Added test 'copyright' to check source files copyright and LICENSE
-- Added test 'lint_cmake' to check CMake code style
-- Added test 'xmllint' to check XML markup files
-- Configuring done
-- Generating done
-- Build files have been written to: /root/ros2_ws_diki_new/build/cpp_ros2_ws
-- Install configuration: ""
-- Installing: /root/ros2_ws_diki_new/install/cpp_ros2_ws/share/ament_index/resource_index/package_run_dependencies/cpp_ros2_ws
-- Installing: /root/ros2_ws_diki_new/install/cpp_ros2_ws/share/ament_index/resource_index/parent_prefix_path/cpp_ros2_ws
-- Installing: /root/ros2_ws_diki_new/install/cpp_ros2_ws/share/cpp_ros2_ws/environment/ament_prefix_path.sh
-- Installing: /root/ros2_ws_diki_new/install/cpp_ros2_ws/share/cpp_ros2_ws/environment/ament_prefix_path.dsv
-- Installing: /root/ros2_ws_diki_new/install/cpp_ros2_ws/share/cpp_ros2_ws/environment/path.sh
-- Installing: /root/ros2_ws_diki_new/install/cpp_ros2_ws/share/cpp_ros2_ws/environment/path.dsv
-- Installing: /root/ros2_ws_diki_new/install/cpp_ros2_ws/share/cpp_ros2_ws/local_setup.bash
-- Installing: /root/ros2_ws_diki_new/install/cpp_ros2_ws/share/cpp_ros2_ws/local_setup.sh
-- Installing: /root/ros2_ws_diki_new/install/cpp_ros2_ws/share/cpp_ros2_ws/local_setup.zsh
-- Installing: /root/ros2_ws_diki_new/install/cpp_ros2_ws/share/cpp_ros2_ws/local_setup.dsv
-- Installing: /root/ros2_ws_diki_new/install/cpp_ros2_ws/share/cpp_ros2_ws/package.dsv
-- Installing: /root/ros2_ws_diki_new/install/cpp_ros2_ws/share/ament_index/resource_index/packages/cpp_ros2_ws
-- Installing: /root/ros2_ws_diki_new/install/cpp_ros2_ws/share/cpp_ros2_ws/cmake/cpp_ros2_wsConfig.cmake
-- Installing: /root/ros2_ws_diki_new/install/cpp_ros2_ws/share/cpp_ros2_ws/cmake/cpp_ros2_wsConfig-version.cmake
-- Installing: /root/ros2_ws_diki_new/install/cpp_ros2_ws/share/cpp_ros2_ws/package.xml
