[0.073s] Invoking command in '/root/ros2_ws_diki_new/build/cpp_ros2_ws': CMAKE_PREFIX_PATH=${CMAKE_PREFIX_PATH}:/root/ros2_ws_diki_new/install/ros2_aruco:/root/ros2_ws_diki_new/install/python:/root/ros2_ws_diki_new/install/opencv_tests:/opt/ros/foxy /usr/bin/cmake /root/ros2_ws_diki_new/src/cpp_ros2_ws -DCMAKE_INSTALL_PREFIX=/root/ros2_ws_diki_new/install/cpp_ros2_ws
[0.674s] -- The C compiler identification is GNU 9.4.0
[0.674s] -- The CXX compiler identification is GNU 9.4.0
[0.674s] -- Check for working C compiler: /usr/bin/cc
[0.674s] -- Check for working C compiler: /usr/bin/cc -- works
[0.674s] -- Detecting C compiler ABI info
[0.674s] -- Detecting C compiler ABI info - done
[0.674s] -- Detecting C compile features
[0.675s] -- Detecting C compile features - done
[0.675s] -- Check for working CXX compiler: /usr/bin/c++
[0.675s] -- Check for working CXX compiler: /usr/bin/c++ -- works
[0.675s] -- Detecting CXX compiler ABI info
[0.675s] -- Detecting CXX compiler ABI info - done
[0.675s] -- Detecting CXX compile features
[0.675s] -- Detecting CXX compile features - done
[0.675s] -- Found ament_cmake: 0.9.12 (/opt/ros/foxy/share/ament_cmake/cmake)
[0.676s] -- Found PythonInterp: /usr/bin/python3 (found suitable version "3.8.10", minimum required is "3") 
[0.676s] -- Using PYTHON_EXECUTABLE: /usr/bin/python3
[0.968s] -- Found ament_lint_auto: 0.9.8 (/opt/ros/foxy/share/ament_lint_auto/cmake)
[1.110s] -- Added test 'copyright' to check source files copyright and LICENSE
[1.112s] -- Added test 'lint_cmake' to check CMake code style
[1.113s] -- Added test 'xmllint' to check XML markup files
[1.115s] -- Configuring done
[1.119s] -- Generating done
[1.120s] -- Build files have been written to: /root/ros2_ws_diki_new/build/cpp_ros2_ws
[1.125s] Invoked command in '/root/ros2_ws_diki_new/build/cpp_ros2_ws' returned '0': CMAKE_PREFIX_PATH=${CMAKE_PREFIX_PATH}:/root/ros2_ws_diki_new/install/ros2_aruco:/root/ros2_ws_diki_new/install/python:/root/ros2_ws_diki_new/install/opencv_tests:/opt/ros/foxy /usr/bin/cmake /root/ros2_ws_diki_new/src/cpp_ros2_ws -DCMAKE_INSTALL_PREFIX=/root/ros2_ws_diki_new/install/cpp_ros2_ws
[1.133s] Invoking command in '/root/ros2_ws_diki_new/build/cpp_ros2_ws': CMAKE_PREFIX_PATH=${CMAKE_PREFIX_PATH}:/root/ros2_ws_diki_new/install/ros2_aruco:/root/ros2_ws_diki_new/install/python:/root/ros2_ws_diki_new/install/opencv_tests:/opt/ros/foxy /usr/bin/cmake --build /root/ros2_ws_diki_new/build/cpp_ros2_ws -- -j12 -l12
[1.194s] Invoked command in '/root/ros2_ws_diki_new/build/cpp_ros2_ws' returned '0': CMAKE_PREFIX_PATH=${CMAKE_PREFIX_PATH}:/root/ros2_ws_diki_new/install/ros2_aruco:/root/ros2_ws_diki_new/install/python:/root/ros2_ws_diki_new/install/opencv_tests:/opt/ros/foxy /usr/bin/cmake --build /root/ros2_ws_diki_new/build/cpp_ros2_ws -- -j12 -l12
[1.251s] Invoking command in '/root/ros2_ws_diki_new/build/cpp_ros2_ws': CMAKE_PREFIX_PATH=${CMAKE_PREFIX_PATH}:/root/ros2_ws_diki_new/install/ros2_aruco:/root/ros2_ws_diki_new/install/python:/root/ros2_ws_diki_new/install/opencv_tests:/opt/ros/foxy /usr/bin/cmake --install /root/ros2_ws_diki_new/build/cpp_ros2_ws
[1.260s] -- Install configuration: ""
[1.260s] -- Installing: /root/ros2_ws_diki_new/install/cpp_ros2_ws/share/ament_index/resource_index/package_run_dependencies/cpp_ros2_ws
[1.261s] -- Installing: /root/ros2_ws_diki_new/install/cpp_ros2_ws/share/ament_index/resource_index/parent_prefix_path/cpp_ros2_ws
[1.262s] -- Installing: /root/ros2_ws_diki_new/install/cpp_ros2_ws/share/cpp_ros2_ws/environment/ament_prefix_path.sh
[1.263s] -- Installing: /root/ros2_ws_diki_new/install/cpp_ros2_ws/share/cpp_ros2_ws/environment/ament_prefix_path.dsv
[1.263s] -- Installing: /root/ros2_ws_diki_new/install/cpp_ros2_ws/share/cpp_ros2_ws/environment/path.sh
[1.263s] -- Installing: /root/ros2_ws_diki_new/install/cpp_ros2_ws/share/cpp_ros2_ws/environment/path.dsv
[1.264s] -- Installing: /root/ros2_ws_diki_new/install/cpp_ros2_ws/share/cpp_ros2_ws/local_setup.bash
[1.264s] -- Installing: /root/ros2_ws_diki_new/install/cpp_ros2_ws/share/cpp_ros2_ws/local_setup.sh
[1.264s] -- Installing: /root/ros2_ws_diki_new/install/cpp_ros2_ws/share/cpp_ros2_ws/local_setup.zsh
[1.265s] -- Installing: /root/ros2_ws_diki_new/install/cpp_ros2_ws/share/cpp_ros2_ws/local_setup.dsv
[1.265s] -- Installing: /root/ros2_ws_diki_new/install/cpp_ros2_ws/share/cpp_ros2_ws/package.dsv
[1.266s] -- Installing: /root/ros2_ws_diki_new/install/cpp_ros2_ws/share/ament_index/resource_index/packages/cpp_ros2_ws
[1.266s] -- Installing: /root/ros2_ws_diki_new/install/cpp_ros2_ws/share/cpp_ros2_ws/cmake/cpp_ros2_wsConfig.cmake
[1.266s] -- Installing: /root/ros2_ws_diki_new/install/cpp_ros2_ws/share/cpp_ros2_ws/cmake/cpp_ros2_wsConfig-version.cmake
[1.266s] -- Installing: /root/ros2_ws_diki_new/install/cpp_ros2_ws/share/cpp_ros2_ws/package.xml
[1.268s] Invoked command in '/root/ros2_ws_diki_new/build/cpp_ros2_ws' returned '0': CMAKE_PREFIX_PATH=${CMAKE_PREFIX_PATH}:/root/ros2_ws_diki_new/install/ros2_aruco:/root/ros2_ws_diki_new/install/python:/root/ros2_ws_diki_new/install/opencv_tests:/opt/ros/foxy /usr/bin/cmake --install /root/ros2_ws_diki_new/build/cpp_ros2_ws
