[0.332s] Invoking command in '/root/ros2_ws_diki_new/build/robot_urdf': CMAKE_PREFIX_PATH=${CMAKE_PREFIX_PATH}:/root/ros2_ws_diki_new/install/ros2_aruco:/root/ros2_ws_diki_new/install/python:/root/ros2_ws_diki_new/install/opencv_tests:/opt/ros/foxy /usr/bin/cmake /root/ros2_ws_diki_new/src/robot_urdf -DCMAKE_INSTALL_PREFIX=/root/ros2_ws_diki_new/install/robot_urdf
[0.658s] -- The C compiler identification is GNU 9.4.0
[0.659s] -- The CXX compiler identification is GNU 9.4.0
[0.659s] -- Check for working C compiler: /usr/bin/cc
[0.659s] -- Check for working C compiler: /usr/bin/cc -- works
[0.659s] -- Detecting C compiler ABI info
[0.659s] -- Detecting C compiler ABI info - done
[0.665s] -- Detecting C compile features
[0.668s] -- Detecting C compile features - done
[0.669s] -- Check for working CXX compiler: /usr/bin/c++
[0.792s] -- Check for working CXX compiler: /usr/bin/c++ -- works
[0.794s] -- Detecting CXX compiler ABI info
[0.900s] -- Detecting CXX compiler ABI info - done
[0.913s] -- Detecting CXX compile features
[0.915s] -- Detecting CXX compile features - done
[0.920s] -- Found ament_cmake: 0.9.12 (/opt/ros/foxy/share/ament_cmake/cmake)
[0.962s] -- Found PythonInterp: /usr/bin/python3 (found suitable version "3.8.10", minimum required is "3") 
[0.963s] -- Using PYTHON_EXECUTABLE: /usr/bin/python3
[1.294s] -- Found ament_lint_auto: 0.9.8 (/opt/ros/foxy/share/ament_lint_auto/cmake)
[1.426s] -- Added test 'copyright' to check source files copyright and LICENSE
[1.440s] -- Added test 'cppcheck' to perform static code analysis on C / C++ code
[1.440s] -- Configured cppcheck include dirs: 
[1.440s] -- Configured cppcheck exclude dirs and/or files: 
[1.452s] -- Added test 'cpplint' to check C / C++ code against the Google style
[1.453s] -- Configured cpplint exclude dirs and/or files: 
[1.455s] -- Added test 'flake8' to check Python code syntax and style conventions
[1.460s] -- Added test 'lint_cmake' to check CMake code style
[1.464s] -- Added test 'pep257' to check Python code against some of the style conventions in PEP 257
[1.479s] -- Added test 'uncrustify' to check C / C++ code style
[1.479s] -- Configured uncrustify additional arguments: 
[1.481s] -- Added test 'xmllint' to check XML markup files
[1.483s] -- Configuring done
[1.486s] -- Generating done
[1.487s] -- Build files have been written to: /root/ros2_ws_diki_new/build/robot_urdf
[1.492s] Invoked command in '/root/ros2_ws_diki_new/build/robot_urdf' returned '0': CMAKE_PREFIX_PATH=${CMAKE_PREFIX_PATH}:/root/ros2_ws_diki_new/install/ros2_aruco:/root/ros2_ws_diki_new/install/python:/root/ros2_ws_diki_new/install/opencv_tests:/opt/ros/foxy /usr/bin/cmake /root/ros2_ws_diki_new/src/robot_urdf -DCMAKE_INSTALL_PREFIX=/root/ros2_ws_diki_new/install/robot_urdf
[1.496s] Invoking command in '/root/ros2_ws_diki_new/build/robot_urdf': CMAKE_PREFIX_PATH=${CMAKE_PREFIX_PATH}:/root/ros2_ws_diki_new/install/ros2_aruco:/root/ros2_ws_diki_new/install/python:/root/ros2_ws_diki_new/install/opencv_tests:/opt/ros/foxy /usr/bin/cmake --build /root/ros2_ws_diki_new/build/robot_urdf -- -j12 -l12
[1.552s] Invoked command in '/root/ros2_ws_diki_new/build/robot_urdf' returned '0': CMAKE_PREFIX_PATH=${CMAKE_PREFIX_PATH}:/root/ros2_ws_diki_new/install/ros2_aruco:/root/ros2_ws_diki_new/install/python:/root/ros2_ws_diki_new/install/opencv_tests:/opt/ros/foxy /usr/bin/cmake --build /root/ros2_ws_diki_new/build/robot_urdf -- -j12 -l12
[1.583s] Invoking command in '/root/ros2_ws_diki_new/build/robot_urdf': CMAKE_PREFIX_PATH=${CMAKE_PREFIX_PATH}:/root/ros2_ws_diki_new/install/ros2_aruco:/root/ros2_ws_diki_new/install/python:/root/ros2_ws_diki_new/install/opencv_tests:/opt/ros/foxy /usr/bin/cmake --install /root/ros2_ws_diki_new/build/robot_urdf
[1.591s] -- Install configuration: ""
[1.591s] -- Installing: /root/ros2_ws_diki_new/install/robot_urdf/share/robot_urdf//launch
[1.592s] -- Installing: /root/ros2_ws_diki_new/install/robot_urdf/share/robot_urdf//launch/__pycache__
[1.592s] -- Installing: /root/ros2_ws_diki_new/install/robot_urdf/share/robot_urdf//launch/__pycache__/gazebo.launch.cpython-38.pyc
[1.592s] -- Installing: /root/ros2_ws_diki_new/install/robot_urdf/share/robot_urdf//launch/__pycache__/gazebo_arm.launch.cpython-38.pyc
[1.592s] -- Installing: /root/ros2_ws_diki_new/install/robot_urdf/share/robot_urdf//launch/gazebo.launch.py
[1.593s] -- Installing: /root/ros2_ws_diki_new/install/robot_urdf/share/robot_urdf//launch/gazebo_arm.launch.py
[1.593s] -- Installing: /root/ros2_ws_diki_new/install/robot_urdf/share/robot_urdf//launch/gazebo_aruco.launch.py
[1.593s] -- Installing: /root/ros2_ws_diki_new/install/robot_urdf/share/robot_urdf//urdf
[1.593s] -- Installing: /root/ros2_ws_diki_new/install/robot_urdf/share/robot_urdf//urdf/m2wr_arm2.xacro
[1.594s] -- Installing: /root/ros2_ws_diki_new/install/robot_urdf/share/robot_urdf//urdf/robot4_fixed.xacro
[1.594s] -- Installing: /root/ros2_ws_diki_new/install/robot_urdf/share/robot_urdf//urdf/robot4.xacro
[1.594s] -- Installing: /root/ros2_ws_diki_new/install/robot_urdf/share/robot_urdf//urdf/materials.xacro
[1.594s] -- Installing: /root/ros2_ws_diki_new/install/robot_urdf/share/robot_urdf//urdf/robot4.gazebo
[1.594s] -- Installing: /root/ros2_ws_diki_new/install/robot_urdf/share/robot_urdf//urdf/m2wr_arm2.gazebo
[1.595s] -- Installing: /root/ros2_ws_diki_new/install/robot_urdf/share/robot_urdf//config
[1.595s] -- Installing: /root/ros2_ws_diki_new/install/robot_urdf/share/robot_urdf//config/config_camera.yaml
[1.595s] -- Installing: /root/ros2_ws_diki_new/install/robot_urdf/share/robot_urdf//config/rviz.rviz
[1.595s] -- Installing: /root/ros2_ws_diki_new/install/robot_urdf/share/robot_urdf//config/config.yaml
[1.595s] -- Installing: /root/ros2_ws_diki_new/install/robot_urdf/share/robot_urdf//worlds
[1.595s] -- Installing: /root/ros2_ws_diki_new/install/robot_urdf/share/robot_urdf//worlds/Experimental_World.world
[1.597s] -- Installing: /root/ros2_ws_diki_new/install/robot_urdf/share/robot_urdf//worlds/aruco_test.world
[1.597s] -- Installing: /root/ros2_ws_diki_new/install/robot_urdf/share/ament_index/resource_index/package_run_dependencies/robot_urdf
[1.598s] -- Installing: /root/ros2_ws_diki_new/install/robot_urdf/share/ament_index/resource_index/parent_prefix_path/robot_urdf
[1.598s] -- Installing: /root/ros2_ws_diki_new/install/robot_urdf/share/robot_urdf/environment/ament_prefix_path.sh
[1.599s] -- Installing: /root/ros2_ws_diki_new/install/robot_urdf/share/robot_urdf/environment/ament_prefix_path.dsv
[1.599s] -- Installing: /root/ros2_ws_diki_new/install/robot_urdf/share/robot_urdf/environment/path.sh
[1.600s] -- Installing: /root/ros2_ws_diki_new/install/robot_urdf/share/robot_urdf/environment/path.dsv
[1.600s] -- Installing: /root/ros2_ws_diki_new/install/robot_urdf/share/robot_urdf/local_setup.bash
[1.600s] -- Installing: /root/ros2_ws_diki_new/install/robot_urdf/share/robot_urdf/local_setup.sh
[1.600s] -- Installing: /root/ros2_ws_diki_new/install/robot_urdf/share/robot_urdf/local_setup.zsh
[1.601s] -- Installing: /root/ros2_ws_diki_new/install/robot_urdf/share/robot_urdf/local_setup.dsv
[1.601s] -- Installing: /root/ros2_ws_diki_new/install/robot_urdf/share/robot_urdf/package.dsv
[1.601s] -- Installing: /root/ros2_ws_diki_new/install/robot_urdf/share/ament_index/resource_index/packages/robot_urdf
[1.618s] -- Installing: /root/ros2_ws_diki_new/install/robot_urdf/share/robot_urdf/cmake/robot_urdfConfig.cmake
[1.619s] -- Installing: /root/ros2_ws_diki_new/install/robot_urdf/share/robot_urdf/cmake/robot_urdfConfig-version.cmake
[1.619s] -- Installing: /root/ros2_ws_diki_new/install/robot_urdf/share/robot_urdf/package.xml
[1.619s] Invoked command in '/root/ros2_ws_diki_new/build/robot_urdf' returned '0': CMAKE_PREFIX_PATH=${CMAKE_PREFIX_PATH}:/root/ros2_ws_diki_new/install/ros2_aruco:/root/ros2_ws_diki_new/install/python:/root/ros2_ws_diki_new/install/opencv_tests:/opt/ros/foxy /usr/bin/cmake --install /root/ros2_ws_diki_new/build/robot_urdf
