[0.503s] Invoking command in '/root/ros2_ws_diki_new/build/robot_urdf': CMAKE_PREFIX_PATH=${CMAKE_PREFIX_PATH}:/root/ros2_ws_diki_new/install/ros2_aruco:/root/ros2_ws_diki_new/install/python:/root/ros2_ws_diki_new/install/opencv_tests:/opt/ros/foxy /usr/bin/cmake --build /root/ros2_ws_diki_new/build/robot_urdf -- -j12 -l12
[0.918s] Invoked command in '/root/ros2_ws_diki_new/build/robot_urdf' returned '0': CMAKE_PREFIX_PATH=${CMAKE_PREFIX_PATH}:/root/ros2_ws_diki_new/install/ros2_aruco:/root/ros2_ws_diki_new/install/python:/root/ros2_ws_diki_new/install/opencv_tests:/opt/ros/foxy /usr/bin/cmake --build /root/ros2_ws_diki_new/build/robot_urdf -- -j12 -l12
[1.009s] Invoking command in '/root/ros2_ws_diki_new/build/robot_urdf': CMAKE_PREFIX_PATH=${CMAKE_PREFIX_PATH}:/root/ros2_ws_diki_new/install/ros2_aruco:/root/ros2_ws_diki_new/install/python:/root/ros2_ws_diki_new/install/opencv_tests:/opt/ros/foxy /usr/bin/cmake --install /root/ros2_ws_diki_new/build/robot_urdf
[1.029s] -- Install configuration: ""
[1.029s] -- Up-to-date: /root/ros2_ws_diki_new/install/robot_urdf/share/robot_urdf//launch
[1.030s] -- Up-to-date: /root/ros2_ws_diki_new/install/robot_urdf/share/robot_urdf//launch/__pycache__
[1.030s] -- Up-to-date: /root/ros2_ws_diki_new/install/robot_urdf/share/robot_urdf//launch/__pycache__/gazebo.launch.cpython-38.pyc
[1.030s] -- Up-to-date: /root/ros2_ws_diki_new/install/robot_urdf/share/robot_urdf//launch/__pycache__/gazebo_arm.launch.cpython-38.pyc
[1.030s] -- Up-to-date: /root/ros2_ws_diki_new/install/robot_urdf/share/robot_urdf//launch/gazebo.launch.py
[1.030s] -- Up-to-date: /root/ros2_ws_diki_new/install/robot_urdf/share/robot_urdf//launch/gazebo_arm.launch.py
[1.030s] -- Up-to-date: /root/ros2_ws_diki_new/install/robot_urdf/share/robot_urdf//launch/gazebo_aruco.launch.py
[1.030s] -- Up-to-date: /root/ros2_ws_diki_new/install/robot_urdf/share/robot_urdf//urdf
[1.030s] -- Up-to-date: /root/ros2_ws_diki_new/install/robot_urdf/share/robot_urdf//urdf/m2wr_arm2.xacro
[1.030s] -- Up-to-date: /root/ros2_ws_diki_new/install/robot_urdf/share/robot_urdf//urdf/robot4_fixed.xacro
[1.031s] -- Up-to-date: /root/ros2_ws_diki_new/install/robot_urdf/share/robot_urdf//urdf/robot4.xacro
[1.032s] -- Up-to-date: /root/ros2_ws_diki_new/install/robot_urdf/share/robot_urdf//urdf/materials.xacro
[1.032s] -- Up-to-date: /root/ros2_ws_diki_new/install/robot_urdf/share/robot_urdf//urdf/robot4.gazebo
[1.032s] -- Up-to-date: /root/ros2_ws_diki_new/install/robot_urdf/share/robot_urdf//urdf/m2wr_arm2.gazebo
[1.032s] -- Up-to-date: /root/ros2_ws_diki_new/install/robot_urdf/share/robot_urdf//config
[1.032s] -- Up-to-date: /root/ros2_ws_diki_new/install/robot_urdf/share/robot_urdf//config/config_camera.yaml
[1.032s] -- Up-to-date: /root/ros2_ws_diki_new/install/robot_urdf/share/robot_urdf//config/rviz.rviz
[1.033s] -- Up-to-date: /root/ros2_ws_diki_new/install/robot_urdf/share/robot_urdf//config/config.yaml
[1.034s] -- Up-to-date: /root/ros2_ws_diki_new/install/robot_urdf/share/robot_urdf//worlds
[1.034s] -- Up-to-date: /root/ros2_ws_diki_new/install/robot_urdf/share/robot_urdf//worlds/World_2.world
[1.035s] -- Up-to-date: /root/ros2_ws_diki_new/install/robot_urdf/share/robot_urdf//worlds/aruco_test.world
[1.035s] -- Up-to-date: /root/ros2_ws_diki_new/install/robot_urdf/share/ament_index/resource_index/package_run_dependencies/robot_urdf
[1.035s] -- Up-to-date: /root/ros2_ws_diki_new/install/robot_urdf/share/ament_index/resource_index/parent_prefix_path/robot_urdf
[1.035s] -- Up-to-date: /root/ros2_ws_diki_new/install/robot_urdf/share/robot_urdf/environment/ament_prefix_path.sh
[1.036s] -- Up-to-date: /root/ros2_ws_diki_new/install/robot_urdf/share/robot_urdf/environment/ament_prefix_path.dsv
[1.036s] -- Up-to-date: /root/ros2_ws_diki_new/install/robot_urdf/share/robot_urdf/environment/path.sh
[1.036s] -- Up-to-date: /root/ros2_ws_diki_new/install/robot_urdf/share/robot_urdf/environment/path.dsv
[1.036s] -- Up-to-date: /root/ros2_ws_diki_new/install/robot_urdf/share/robot_urdf/local_setup.bash
[1.036s] -- Up-to-date: /root/ros2_ws_diki_new/install/robot_urdf/share/robot_urdf/local_setup.sh
[1.037s] -- Up-to-date: /root/ros2_ws_diki_new/install/robot_urdf/share/robot_urdf/local_setup.zsh
[1.037s] -- Up-to-date: /root/ros2_ws_diki_new/install/robot_urdf/share/robot_urdf/local_setup.dsv
[1.037s] -- Installing: /root/ros2_ws_diki_new/install/robot_urdf/share/robot_urdf/package.dsv
[1.037s] -- Up-to-date: /root/ros2_ws_diki_new/install/robot_urdf/share/ament_index/resource_index/packages/robot_urdf
[1.037s] -- Up-to-date: /root/ros2_ws_diki_new/install/robot_urdf/share/robot_urdf/cmake/robot_urdfConfig.cmake
[1.038s] -- Up-to-date: /root/ros2_ws_diki_new/install/robot_urdf/share/robot_urdf/cmake/robot_urdfConfig-version.cmake
[1.038s] -- Up-to-date: /root/ros2_ws_diki_new/install/robot_urdf/share/robot_urdf/package.xml
[1.040s] Invoked command in '/root/ros2_ws_diki_new/build/robot_urdf' returned '0': CMAKE_PREFIX_PATH=${CMAKE_PREFIX_PATH}:/root/ros2_ws_diki_new/install/ros2_aruco:/root/ros2_ws_diki_new/install/python:/root/ros2_ws_diki_new/install/opencv_tests:/opt/ros/foxy /usr/bin/cmake --install /root/ros2_ws_diki_new/build/robot_urdf
