[0.144s] Invoking command in '/root/ros2_ws_diki_new/build/cv_bridge': CMAKE_PREFIX_PATH=${CMAKE_PREFIX_PATH}:/root/ros2_ws_diki_new/install/ros2_aruco:/root/ros2_ws_diki_new/install/python:/root/ros2_ws_diki_new/install/opencv_tests:/opt/ros/foxy /usr/bin/cmake --build /root/ros2_ws_diki_new/build/cv_bridge -- -j12 -l12
[0.978s] [ 18%] Built target cv_bridge
[0.982s] [ 31%] Built target gtest_main
[0.984s] [ 50%] Built target cv_bridge_boost
[0.986s] [ 62%] Built target gtest
[1.002s] [100%] Built target cv_bridge-utest
[1.010s] Invoked command in '/root/ros2_ws_diki_new/build/cv_bridge' returned '0': CMAKE_PREFIX_PATH=${CMAKE_PREFIX_PATH}:/root/ros2_ws_diki_new/install/ros2_aruco:/root/ros2_ws_diki_new/install/python:/root/ros2_ws_diki_new/install/opencv_tests:/opt/ros/foxy /usr/bin/cmake --build /root/ros2_ws_diki_new/build/cv_bridge -- -j12 -l12
[1.167s] Invoking command in '/root/ros2_ws_diki_new/build/cv_bridge': CMAKE_PREFIX_PATH=${CMAKE_PREFIX_PATH}:/root/ros2_ws_diki_new/install/ros2_aruco:/root/ros2_ws_diki_new/install/python:/root/ros2_ws_diki_new/install/opencv_tests:/opt/ros/foxy /usr/bin/cmake --install /root/ros2_ws_diki_new/build/cv_bridge
[1.227s] -- Install configuration: ""
[1.227s] -- Up-to-date: /root/ros2_ws_diki_new/install/cv_bridge/share/cv_bridge/environment/pythonpath.sh
[1.227s] -- Up-to-date: /root/ros2_ws_diki_new/install/cv_bridge/share/cv_bridge/environment/pythonpath.dsv
[1.227s] -- Up-to-date: /root/ros2_ws_diki_new/install/cv_bridge/lib/python3.8/site-packages/cv_bridge
[1.228s] -- Up-to-date: /root/ros2_ws_diki_new/install/cv_bridge/lib/python3.8/site-packages/cv_bridge/core.py
[1.228s] -- Up-to-date: /root/ros2_ws_diki_new/install/cv_bridge/lib/python3.8/site-packages/cv_bridge/__init__.py
[1.269s] Listing '/root/ros2_ws_diki_new/install/cv_bridge/lib/python3.8/site-packages/cv_bridge'...
[1.270s] Listing '/root/ros2_ws_diki_new/install/cv_bridge/lib/python3.8/site-packages/cv_bridge/boost'...
[1.278s] -- Up-to-date: /root/ros2_ws_diki_new/install/cv_bridge/share/cv_bridge/environment/library_path.sh
[1.278s] -- Up-to-date: /root/ros2_ws_diki_new/install/cv_bridge/share/cv_bridge/environment/library_path.dsv
[1.278s] -- Up-to-date: /root/ros2_ws_diki_new/install/cv_bridge/include/cv_bridge
[1.279s] -- Up-to-date: /root/ros2_ws_diki_new/install/cv_bridge/include/cv_bridge/rgb_colors.h
[1.279s] -- Up-to-date: /root/ros2_ws_diki_new/install/cv_bridge/include/cv_bridge/cv_bridge.h
[1.279s] -- Up-to-date: /root/ros2_ws_diki_new/install/cv_bridge/lib/libcv_bridge.so
[1.279s] -- Up-to-date: /root/ros2_ws_diki_new/install/cv_bridge/share/ament_index/resource_index/package_run_dependencies/cv_bridge
[1.279s] -- Up-to-date: /root/ros2_ws_diki_new/install/cv_bridge/share/ament_index/resource_index/parent_prefix_path/cv_bridge
[1.279s] -- Up-to-date: /root/ros2_ws_diki_new/install/cv_bridge/share/cv_bridge/environment/ament_prefix_path.sh
[1.279s] -- Up-to-date: /root/ros2_ws_diki_new/install/cv_bridge/share/cv_bridge/environment/ament_prefix_path.dsv
[1.279s] -- Up-to-date: /root/ros2_ws_diki_new/install/cv_bridge/share/cv_bridge/environment/path.sh
[1.279s] -- Up-to-date: /root/ros2_ws_diki_new/install/cv_bridge/share/cv_bridge/environment/path.dsv
[1.280s] -- Up-to-date: /root/ros2_ws_diki_new/install/cv_bridge/share/cv_bridge/local_setup.bash
[1.280s] -- Up-to-date: /root/ros2_ws_diki_new/install/cv_bridge/share/cv_bridge/local_setup.sh
[1.280s] -- Up-to-date: /root/ros2_ws_diki_new/install/cv_bridge/share/cv_bridge/local_setup.zsh
[1.280s] -- Up-to-date: /root/ros2_ws_diki_new/install/cv_bridge/share/cv_bridge/local_setup.dsv
[1.280s] -- Installing: /root/ros2_ws_diki_new/install/cv_bridge/share/cv_bridge/package.dsv
[1.281s] -- Up-to-date: /root/ros2_ws_diki_new/install/cv_bridge/share/ament_index/resource_index/packages/cv_bridge
[1.281s] -- Up-to-date: /root/ros2_ws_diki_new/install/cv_bridge/share/cv_bridge/cmake/cv_bridge-extras.cmake
[1.281s] -- Up-to-date: /root/ros2_ws_diki_new/install/cv_bridge/share/cv_bridge/cmake/ament_cmake_export_dependencies-extras.cmake
[1.281s] -- Up-to-date: /root/ros2_ws_diki_new/install/cv_bridge/share/cv_bridge/cmake/ament_cmake_export_include_directories-extras.cmake
[1.281s] -- Up-to-date: /root/ros2_ws_diki_new/install/cv_bridge/share/cv_bridge/cmake/ament_cmake_export_libraries-extras.cmake
[1.281s] -- Up-to-date: /root/ros2_ws_diki_new/install/cv_bridge/share/cv_bridge/cmake/cv_bridgeConfig.cmake
[1.281s] -- Up-to-date: /root/ros2_ws_diki_new/install/cv_bridge/share/cv_bridge/cmake/cv_bridgeConfig-version.cmake
[1.282s] -- Up-to-date: /root/ros2_ws_diki_new/install/cv_bridge/share/cv_bridge/package.xml
[1.282s] -- Up-to-date: /root/ros2_ws_diki_new/install/cv_bridge/lib/libcv_bridge.so
[1.282s] -- Up-to-date: /root/ros2_ws_diki_new/install/cv_bridge/include/cv_bridge/cv_bridge_export.h
[1.283s] -- Up-to-date: /root/ros2_ws_diki_new/install/cv_bridge/lib/python3.8/site-packages/cv_bridge/boost/cv_bridge_boost.so
[1.289s] Invoked command in '/root/ros2_ws_diki_new/build/cv_bridge' returned '0': CMAKE_PREFIX_PATH=${CMAKE_PREFIX_PATH}:/root/ros2_ws_diki_new/install/ros2_aruco:/root/ros2_ws_diki_new/install/python:/root/ros2_ws_diki_new/install/opencv_tests:/opt/ros/foxy /usr/bin/cmake --install /root/ros2_ws_diki_new/build/cv_bridge
