[1.780s] Invoking command in '/root/ros2_ws_diki_new/src/ros2_aruco/ros2_aruco': PYTHONPATH=/root/ros2_ws_diki_new/build/ros2_aruco/prefix_override:/usr/lib/python3/dist-packages/colcon_core/task/python/colcon_distutils_commands:/root/ros2_ws_diki_new/install/ros2_aruco/lib/python3.8/site-packages:${PYTHONPATH} /usr/bin/python3 -W ignore:setup.py install is deprecated setup.py egg_info --egg-base ../../../build/ros2_aruco build --build-base /root/ros2_ws_diki_new/build/ros2_aruco/build install --record /root/ros2_ws_diki_new/build/ros2_aruco/install.log --install-scripts $base/lib/ros2_aruco --single-version-externally-managed install_data
[2.073s] running egg_info
[2.073s] writing ../../../build/ros2_aruco/ros2_aruco.egg-info/PKG-INFO
[2.074s] writing dependency_links to ../../../build/ros2_aruco/ros2_aruco.egg-info/dependency_links.txt
[2.074s] writing entry points to ../../../build/ros2_aruco/ros2_aruco.egg-info/entry_points.txt
[2.074s] writing requirements to ../../../build/ros2_aruco/ros2_aruco.egg-info/requires.txt
[2.074s] writing top-level names to ../../../build/ros2_aruco/ros2_aruco.egg-info/top_level.txt
[2.130s] reading manifest file '../../../build/ros2_aruco/ros2_aruco.egg-info/SOURCES.txt'
[2.132s] writing manifest file '../../../build/ros2_aruco/ros2_aruco.egg-info/SOURCES.txt'
[2.133s] running build
[2.133s] running build_py
[2.138s] running install
[2.144s] running install_lib
[2.144s] running install_data
[2.144s] running install_egg_info
[2.146s] removing '/root/ros2_ws_diki_new/install/ros2_aruco/lib/python3.8/site-packages/ros2_aruco-0.1.0-py3.8.egg-info' (and everything under it)
[2.146s] Copying ../../../build/ros2_aruco/ros2_aruco.egg-info to /root/ros2_ws_diki_new/install/ros2_aruco/lib/python3.8/site-packages/ros2_aruco-0.1.0-py3.8.egg-info
[2.146s] running install_scripts
[2.167s] Installing aruco_generate_marker script to /root/ros2_ws_diki_new/install/ros2_aruco/lib/ros2_aruco
[2.168s] Installing aruco_node script to /root/ros2_ws_diki_new/install/ros2_aruco/lib/ros2_aruco
[2.168s] Installing aruco_node_explaination script to /root/ros2_ws_diki_new/install/ros2_aruco/lib/ros2_aruco
[2.168s] Installing aruco_node_original script to /root/ros2_ws_diki_new/install/ros2_aruco/lib/ros2_aruco
[2.168s] writing list of installed files to '/root/ros2_ws_diki_new/build/ros2_aruco/install.log'
[2.194s] Invoked command in '/root/ros2_ws_diki_new/src/ros2_aruco/ros2_aruco' returned '0': PYTHONPATH=/root/ros2_ws_diki_new/build/ros2_aruco/prefix_override:/usr/lib/python3/dist-packages/colcon_core/task/python/colcon_distutils_commands:/root/ros2_ws_diki_new/install/ros2_aruco/lib/python3.8/site-packages:${PYTHONPATH} /usr/bin/python3 -W ignore:setup.py install is deprecated setup.py egg_info --egg-base ../../../build/ros2_aruco build --build-base /root/ros2_ws_diki_new/build/ros2_aruco/build install --record /root/ros2_ws_diki_new/build/ros2_aruco/install.log --install-scripts $base/lib/ros2_aruco --single-version-externally-managed install_data
