[0.858s] Invoking command in '/root/ros2_ws_diki_new/build/ros2_aruco_interfaces': CMAKE_PREFIX_PATH=${CMAKE_PREFIX_PATH}:/root/ros2_ws_diki_new/install/ros2_aruco:/root/ros2_ws_diki_new/install/python:/root/ros2_ws_diki_new/install/opencv_tests:/opt/ros/foxy /usr/bin/cmake --build /root/ros2_ws_diki_new/build/ros2_aruco_interfaces -- -j12 -l12
[0.957s] [  3%] Built target ros2_aruco_interfaces__cpp
[0.964s] [ 12%] Built target ros2_aruco_interfaces__rosidl_generator_c
[1.003s] [ 22%] Built target ros2_aruco_interfaces__rosidl_typesupport_cpp
[1.004s] [ 41%] Built target ros2_aruco_interfaces__rosidl_typesupport_c
[1.005s] [ 41%] Built target ros2_aruco_interfaces__rosidl_typesupport_introspection_cpp
[1.013s] [ 54%] Built target ros2_aruco_interfaces__rosidl_typesupport_introspection_c
[1.013s] [ 61%] Built target ros2_aruco_interfaces__rosidl_typesupport_fastrtps_cpp
[1.064s] [ 70%] Built target ros2_aruco_interfaces__rosidl_typesupport_fastrtps_c
[1.084s] [ 70%] Built target ros2_aruco_interfaces
[1.118s] [ 74%] Built target ros2_aruco_interfaces__py
[1.166s] [ 80%] Built target ros2_aruco_interfaces__python
[1.219s] [ 93%] Built target ros2_aruco_interfaces__rosidl_typesupport_fastrtps_c__pyext
[1.220s] [ 93%] Built target ros2_aruco_interfaces__rosidl_typesupport_introspection_c__pyext
[1.221s] [100%] Built target ros2_aruco_interfaces__rosidl_typesupport_c__pyext
[1.603s] Invoked command in '/root/ros2_ws_diki_new/build/ros2_aruco_interfaces' returned '0': CMAKE_PREFIX_PATH=${CMAKE_PREFIX_PATH}:/root/ros2_ws_diki_new/install/ros2_aruco:/root/ros2_ws_diki_new/install/python:/root/ros2_ws_diki_new/install/opencv_tests:/opt/ros/foxy /usr/bin/cmake --build /root/ros2_ws_diki_new/build/ros2_aruco_interfaces -- -j12 -l12
[1.695s] Invoking command in '/root/ros2_ws_diki_new/build/ros2_aruco_interfaces': CMAKE_PREFIX_PATH=${CMAKE_PREFIX_PATH}:/root/ros2_ws_diki_new/install/ros2_aruco:/root/ros2_ws_diki_new/install/python:/root/ros2_ws_diki_new/install/opencv_tests:/opt/ros/foxy /usr/bin/cmake --install /root/ros2_ws_diki_new/build/ros2_aruco_interfaces
[1.709s] -- Install configuration: ""
[1.710s] -- Up-to-date: /root/ros2_ws_diki_new/install/ros2_aruco_interfaces/share/ament_index/resource_index/rosidl_interfaces/ros2_aruco_interfaces
[1.710s] -- Up-to-date: /root/ros2_ws_diki_new/install/ros2_aruco_interfaces/include/ros2_aruco_interfaces
[1.711s] -- Up-to-date: /root/ros2_ws_diki_new/install/ros2_aruco_interfaces/include/ros2_aruco_interfaces/msg
[1.711s] -- Up-to-date: /root/ros2_ws_diki_new/install/ros2_aruco_interfaces/include/ros2_aruco_interfaces/msg/aruco_markers.h
[1.711s] -- Up-to-date: /root/ros2_ws_diki_new/install/ros2_aruco_interfaces/include/ros2_aruco_interfaces/msg/rosidl_generator_c__visibility_control.h
[1.712s] -- Up-to-date: /root/ros2_ws_diki_new/install/ros2_aruco_interfaces/include/ros2_aruco_interfaces/msg/detail
[1.712s] -- Up-to-date: /root/ros2_ws_diki_new/install/ros2_aruco_interfaces/include/ros2_aruco_interfaces/msg/detail/aruco_markers__functions.c
[1.712s] -- Up-to-date: /root/ros2_ws_diki_new/install/ros2_aruco_interfaces/include/ros2_aruco_interfaces/msg/detail/aruco_markers__functions.h
[1.712s] -- Up-to-date: /root/ros2_ws_diki_new/install/ros2_aruco_interfaces/include/ros2_aruco_interfaces/msg/detail/aruco_markers__struct.h
[1.712s] -- Up-to-date: /root/ros2_ws_diki_new/install/ros2_aruco_interfaces/include/ros2_aruco_interfaces/msg/detail/aruco_markers__type_support.h
[1.713s] -- Up-to-date: /root/ros2_ws_diki_new/install/ros2_aruco_interfaces/share/ros2_aruco_interfaces/environment/library_path.sh
[1.713s] -- Up-to-date: /root/ros2_ws_diki_new/install/ros2_aruco_interfaces/share/ros2_aruco_interfaces/environment/library_path.dsv
[1.713s] -- Up-to-date: /root/ros2_ws_diki_new/install/ros2_aruco_interfaces/lib/libros2_aruco_interfaces__rosidl_generator_c.so
[1.713s] -- Up-to-date: /root/ros2_ws_diki_new/install/ros2_aruco_interfaces/include/ros2_aruco_interfaces
[1.713s] -- Up-to-date: /root/ros2_ws_diki_new/install/ros2_aruco_interfaces/include/ros2_aruco_interfaces/msg
[1.714s] -- Up-to-date: /root/ros2_ws_diki_new/install/ros2_aruco_interfaces/include/ros2_aruco_interfaces/msg/rosidl_typesupport_fastrtps_c__visibility_control.h
[1.714s] -- Up-to-date: /root/ros2_ws_diki_new/install/ros2_aruco_interfaces/include/ros2_aruco_interfaces/msg/detail
[1.714s] -- Up-to-date: /root/ros2_ws_diki_new/install/ros2_aruco_interfaces/include/ros2_aruco_interfaces/msg/detail/aruco_markers__rosidl_typesupport_fastrtps_c.h
[1.715s] -- Up-to-date: /root/ros2_ws_diki_new/install/ros2_aruco_interfaces/lib/libros2_aruco_interfaces__rosidl_typesupport_fastrtps_c.so
[1.715s] -- Up-to-date: /root/ros2_ws_diki_new/install/ros2_aruco_interfaces/include/ros2_aruco_interfaces
[1.715s] -- Up-to-date: /root/ros2_ws_diki_new/install/ros2_aruco_interfaces/include/ros2_aruco_interfaces/msg
[1.715s] -- Up-to-date: /root/ros2_ws_diki_new/install/ros2_aruco_interfaces/include/ros2_aruco_interfaces/msg/rosidl_typesupport_fastrtps_cpp__visibility_control.h
[1.715s] -- Up-to-date: /root/ros2_ws_diki_new/install/ros2_aruco_interfaces/include/ros2_aruco_interfaces/msg/detail
[1.715s] -- Up-to-date: /root/ros2_ws_diki_new/install/ros2_aruco_interfaces/include/ros2_aruco_interfaces/msg/detail/dds_fastrtps
[1.715s] -- Up-to-date: /root/ros2_ws_diki_new/install/ros2_aruco_interfaces/include/ros2_aruco_interfaces/msg/detail/aruco_markers__rosidl_typesupport_fastrtps_cpp.hpp
[1.716s] -- Up-to-date: /root/ros2_ws_diki_new/install/ros2_aruco_interfaces/lib/libros2_aruco_interfaces__rosidl_typesupport_fastrtps_cpp.so
[1.716s] -- Up-to-date: /root/ros2_ws_diki_new/install/ros2_aruco_interfaces/include/ros2_aruco_interfaces
[1.717s] -- Up-to-date: /root/ros2_ws_diki_new/install/ros2_aruco_interfaces/include/ros2_aruco_interfaces/msg
[1.717s] -- Up-to-date: /root/ros2_ws_diki_new/install/ros2_aruco_interfaces/include/ros2_aruco_interfaces/msg/rosidl_typesupport_introspection_c__visibility_control.h
[1.717s] -- Up-to-date: /root/ros2_ws_diki_new/install/ros2_aruco_interfaces/include/ros2_aruco_interfaces/msg/detail
[1.718s] -- Up-to-date: /root/ros2_ws_diki_new/install/ros2_aruco_interfaces/include/ros2_aruco_interfaces/msg/detail/aruco_markers__rosidl_typesupport_introspection_c.h
[1.718s] -- Up-to-date: /root/ros2_ws_diki_new/install/ros2_aruco_interfaces/include/ros2_aruco_interfaces/msg/detail/aruco_markers__type_support.c
[1.718s] -- Up-to-date: /root/ros2_ws_diki_new/install/ros2_aruco_interfaces/lib/libros2_aruco_interfaces__rosidl_typesupport_introspection_c.so
[1.718s] -- Up-to-date: /root/ros2_ws_diki_new/install/ros2_aruco_interfaces/lib/libros2_aruco_interfaces__rosidl_typesupport_c.so
[1.718s] -- Up-to-date: /root/ros2_ws_diki_new/install/ros2_aruco_interfaces/include/ros2_aruco_interfaces
[1.718s] -- Up-to-date: /root/ros2_ws_diki_new/install/ros2_aruco_interfaces/include/ros2_aruco_interfaces/msg
[1.718s] -- Up-to-date: /root/ros2_ws_diki_new/install/ros2_aruco_interfaces/include/ros2_aruco_interfaces/msg/rosidl_generator_cpp__visibility_control.hpp
[1.719s] -- Up-to-date: /root/ros2_ws_diki_new/install/ros2_aruco_interfaces/include/ros2_aruco_interfaces/msg/detail
[1.719s] -- Up-to-date: /root/ros2_ws_diki_new/install/ros2_aruco_interfaces/include/ros2_aruco_interfaces/msg/detail/aruco_markers__struct.hpp
[1.719s] -- Up-to-date: /root/ros2_ws_diki_new/install/ros2_aruco_interfaces/include/ros2_aruco_interfaces/msg/detail/aruco_markers__builder.hpp
[1.719s] -- Up-to-date: /root/ros2_ws_diki_new/install/ros2_aruco_interfaces/include/ros2_aruco_interfaces/msg/detail/aruco_markers__type_support.hpp
[1.720s] -- Up-to-date: /root/ros2_ws_diki_new/install/ros2_aruco_interfaces/include/ros2_aruco_interfaces/msg/detail/aruco_markers__traits.hpp
[1.721s] -- Up-to-date: /root/ros2_ws_diki_new/install/ros2_aruco_interfaces/include/ros2_aruco_interfaces/msg/aruco_markers.hpp
[1.721s] -- Up-to-date: /root/ros2_ws_diki_new/install/ros2_aruco_interfaces/include/ros2_aruco_interfaces
[1.723s] -- Up-to-date: /root/ros2_ws_diki_new/install/ros2_aruco_interfaces/include/ros2_aruco_interfaces/msg
[1.723s] -- Up-to-date: /root/ros2_ws_diki_new/install/ros2_aruco_interfaces/include/ros2_aruco_interfaces/msg/detail
[1.724s] -- Up-to-date: /root/ros2_ws_diki_new/install/ros2_aruco_interfaces/include/ros2_aruco_interfaces/msg/detail/aruco_markers__type_support.cpp
[1.724s] -- Up-to-date: /root/ros2_ws_diki_new/install/ros2_aruco_interfaces/include/ros2_aruco_interfaces/msg/detail/aruco_markers__rosidl_typesupport_introspection_cpp.hpp
[1.725s] -- Up-to-date: /root/ros2_ws_diki_new/install/ros2_aruco_interfaces/lib/libros2_aruco_interfaces__rosidl_typesupport_introspection_cpp.so
[1.727s] -- Up-to-date: /root/ros2_ws_diki_new/install/ros2_aruco_interfaces/lib/libros2_aruco_interfaces__rosidl_typesupport_cpp.so
[1.727s] -- Up-to-date: /root/ros2_ws_diki_new/install/ros2_aruco_interfaces/share/ros2_aruco_interfaces/environment/pythonpath.sh
[1.727s] -- Up-to-date: /root/ros2_ws_diki_new/install/ros2_aruco_interfaces/share/ros2_aruco_interfaces/environment/pythonpath.dsv
[1.727s] -- Up-to-date: /root/ros2_ws_diki_new/install/ros2_aruco_interfaces/lib/python3.8/site-packages/ros2_aruco_interfaces/__init__.py
[1.768s] -- Up-to-date: /root/ros2_ws_diki_new/install/ros2_aruco_interfaces/lib/python3.8/site-packages/ros2_aruco_interfaces/msg
[1.769s] -- Up-to-date: /root/ros2_ws_diki_new/install/ros2_aruco_interfaces/lib/python3.8/site-packages/ros2_aruco_interfaces/msg/_aruco_markers_s.c
[1.770s] -- Up-to-date: /root/ros2_ws_diki_new/install/ros2_aruco_interfaces/lib/python3.8/site-packages/ros2_aruco_interfaces/msg/_aruco_markers.py
[1.770s] -- Up-to-date: /root/ros2_ws_diki_new/install/ros2_aruco_interfaces/lib/python3.8/site-packages/ros2_aruco_interfaces/msg/__init__.py
[1.770s] -- Up-to-date: /root/ros2_ws_diki_new/install/ros2_aruco_interfaces/lib/python3.8/site-packages/ros2_aruco_interfaces/ros2_aruco_interfaces_s__rosidl_typesupport_fastrtps_c.cpython-38-x86_64-linux-gnu.so
[1.771s] -- Up-to-date: /root/ros2_ws_diki_new/install/ros2_aruco_interfaces/lib/python3.8/site-packages/ros2_aruco_interfaces/ros2_aruco_interfaces_s__rosidl_typesupport_introspection_c.cpython-38-x86_64-linux-gnu.so
[1.771s] -- Up-to-date: /root/ros2_ws_diki_new/install/ros2_aruco_interfaces/lib/python3.8/site-packages/ros2_aruco_interfaces/ros2_aruco_interfaces_s__rosidl_typesupport_c.cpython-38-x86_64-linux-gnu.so
[1.772s] -- Up-to-date: /root/ros2_ws_diki_new/install/ros2_aruco_interfaces/lib/libros2_aruco_interfaces__python.so
[1.773s] -- Up-to-date: /root/ros2_ws_diki_new/install/ros2_aruco_interfaces/share/ros2_aruco_interfaces/msg/ArucoMarkers.idl
[1.773s] -- Up-to-date: /root/ros2_ws_diki_new/install/ros2_aruco_interfaces/share/ros2_aruco_interfaces/msg/ArucoMarkers.msg
[1.774s] -- Up-to-date: /root/ros2_ws_diki_new/install/ros2_aruco_interfaces/share/ament_index/resource_index/package_run_dependencies/ros2_aruco_interfaces
[1.774s] -- Up-to-date: /root/ros2_ws_diki_new/install/ros2_aruco_interfaces/share/ament_index/resource_index/parent_prefix_path/ros2_aruco_interfaces
[1.775s] -- Up-to-date: /root/ros2_ws_diki_new/install/ros2_aruco_interfaces/share/ros2_aruco_interfaces/environment/ament_prefix_path.sh
[1.775s] -- Up-to-date: /root/ros2_ws_diki_new/install/ros2_aruco_interfaces/share/ros2_aruco_interfaces/environment/ament_prefix_path.dsv
[1.775s] -- Up-to-date: /root/ros2_ws_diki_new/install/ros2_aruco_interfaces/share/ros2_aruco_interfaces/environment/path.sh
[1.776s] -- Up-to-date: /root/ros2_ws_diki_new/install/ros2_aruco_interfaces/share/ros2_aruco_interfaces/environment/path.dsv
[1.776s] -- Up-to-date: /root/ros2_ws_diki_new/install/ros2_aruco_interfaces/share/ros2_aruco_interfaces/local_setup.bash
[1.777s] -- Up-to-date: /root/ros2_ws_diki_new/install/ros2_aruco_interfaces/share/ros2_aruco_interfaces/local_setup.sh
[1.777s] -- Up-to-date: /root/ros2_ws_diki_new/install/ros2_aruco_interfaces/share/ros2_aruco_interfaces/local_setup.zsh
[1.780s] -- Up-to-date: /root/ros2_ws_diki_new/install/ros2_aruco_interfaces/share/ros2_aruco_interfaces/local_setup.dsv
[1.780s] -- Installing: /root/ros2_ws_diki_new/install/ros2_aruco_interfaces/share/ros2_aruco_interfaces/package.dsv
[1.780s] -- Up-to-date: /root/ros2_ws_diki_new/install/ros2_aruco_interfaces/share/ament_index/resource_index/packages/ros2_aruco_interfaces
[1.781s] -- Up-to-date: /root/ros2_ws_diki_new/install/ros2_aruco_interfaces/share/ros2_aruco_interfaces/cmake/ros2_aruco_interfaces__rosidl_generator_cExport.cmake
[1.781s] -- Up-to-date: /root/ros2_ws_diki_new/install/ros2_aruco_interfaces/share/ros2_aruco_interfaces/cmake/ros2_aruco_interfaces__rosidl_generator_cExport-noconfig.cmake
[1.781s] -- Up-to-date: /root/ros2_ws_diki_new/install/ros2_aruco_interfaces/share/ros2_aruco_interfaces/cmake/ros2_aruco_interfaces__rosidl_typesupport_introspection_cExport.cmake
[1.781s] -- Up-to-date: /root/ros2_ws_diki_new/install/ros2_aruco_interfaces/share/ros2_aruco_interfaces/cmake/ros2_aruco_interfaces__rosidl_typesupport_introspection_cExport-noconfig.cmake
[1.781s] -- Up-to-date: /root/ros2_ws_diki_new/install/ros2_aruco_interfaces/share/ros2_aruco_interfaces/cmake/ros2_aruco_interfaces__rosidl_typesupport_cExport.cmake
[1.782s] -- Up-to-date: /root/ros2_ws_diki_new/install/ros2_aruco_interfaces/share/ros2_aruco_interfaces/cmake/ros2_aruco_interfaces__rosidl_typesupport_cExport-noconfig.cmake
[1.782s] -- Up-to-date: /root/ros2_ws_diki_new/install/ros2_aruco_interfaces/share/ros2_aruco_interfaces/cmake/ros2_aruco_interfaces__rosidl_generator_cppExport.cmake
[1.782s] -- Up-to-date: /root/ros2_ws_diki_new/install/ros2_aruco_interfaces/share/ros2_aruco_interfaces/cmake/ros2_aruco_interfaces__rosidl_typesupport_introspection_cppExport.cmake
[1.782s] -- Up-to-date: /root/ros2_ws_diki_new/install/ros2_aruco_interfaces/share/ros2_aruco_interfaces/cmake/ros2_aruco_interfaces__rosidl_typesupport_introspection_cppExport-noconfig.cmake
[1.782s] -- Up-to-date: /root/ros2_ws_diki_new/install/ros2_aruco_interfaces/share/ros2_aruco_interfaces/cmake/ros2_aruco_interfaces__rosidl_typesupport_cppExport.cmake
[1.782s] -- Up-to-date: /root/ros2_ws_diki_new/install/ros2_aruco_interfaces/share/ros2_aruco_interfaces/cmake/ros2_aruco_interfaces__rosidl_typesupport_cppExport-noconfig.cmake
[1.783s] -- Up-to-date: /root/ros2_ws_diki_new/install/ros2_aruco_interfaces/share/ros2_aruco_interfaces/cmake/rosidl_cmake-extras.cmake
[1.783s] -- Up-to-date: /root/ros2_ws_diki_new/install/ros2_aruco_interfaces/share/ros2_aruco_interfaces/cmake/ament_cmake_export_dependencies-extras.cmake
[1.783s] -- Up-to-date: /root/ros2_ws_diki_new/install/ros2_aruco_interfaces/share/ros2_aruco_interfaces/cmake/ament_cmake_export_libraries-extras.cmake
[1.783s] -- Up-to-date: /root/ros2_ws_diki_new/install/ros2_aruco_interfaces/share/ros2_aruco_interfaces/cmake/ament_cmake_export_targets-extras.cmake
[1.783s] -- Up-to-date: /root/ros2_ws_diki_new/install/ros2_aruco_interfaces/share/ros2_aruco_interfaces/cmake/ament_cmake_export_include_directories-extras.cmake
[1.783s] -- Up-to-date: /root/ros2_ws_diki_new/install/ros2_aruco_interfaces/share/ros2_aruco_interfaces/cmake/rosidl_cmake_export_typesupport_libraries-extras.cmake
[1.784s] -- Up-to-date: /root/ros2_ws_diki_new/install/ros2_aruco_interfaces/share/ros2_aruco_interfaces/cmake/rosidl_cmake_export_typesupport_targets-extras.cmake
[1.784s] -- Up-to-date: /root/ros2_ws_diki_new/install/ros2_aruco_interfaces/share/ros2_aruco_interfaces/cmake/ros2_aruco_interfacesConfig.cmake
[1.784s] -- Up-to-date: /root/ros2_ws_diki_new/install/ros2_aruco_interfaces/share/ros2_aruco_interfaces/cmake/ros2_aruco_interfacesConfig-version.cmake
[1.785s] -- Up-to-date: /root/ros2_ws_diki_new/install/ros2_aruco_interfaces/share/ros2_aruco_interfaces/package.xml
[1.796s] Invoked command in '/root/ros2_ws_diki_new/build/ros2_aruco_interfaces' returned '0': CMAKE_PREFIX_PATH=${CMAKE_PREFIX_PATH}:/root/ros2_ws_diki_new/install/ros2_aruco:/root/ros2_ws_diki_new/install/python:/root/ros2_ws_diki_new/install/opencv_tests:/opt/ros/foxy /usr/bin/cmake --install /root/ros2_ws_diki_new/build/ros2_aruco_interfaces
