[0.054s] Invoking command in '/root/ros2_ws_diki_new/build/cpp_ros2_ws': CMAKE_PREFIX_PATH=${CMAKE_PREFIX_PATH}:/root/ros2_ws_diki_new/install/ros2_aruco:/root/ros2_ws_diki_new/install/python:/root/ros2_ws_diki_new/install/opencv_tests:/opt/ros/foxy /usr/bin/cmake --build /root/ros2_ws_diki_new/build/cpp_ros2_ws -- -j12 -l12
[0.443s] Invoked command in '/root/ros2_ws_diki_new/build/cpp_ros2_ws' returned '0': CMAKE_PREFIX_PATH=${CMAKE_PREFIX_PATH}:/root/ros2_ws_diki_new/install/ros2_aruco:/root/ros2_ws_diki_new/install/python:/root/ros2_ws_diki_new/install/opencv_tests:/opt/ros/foxy /usr/bin/cmake --build /root/ros2_ws_diki_new/build/cpp_ros2_ws -- -j12 -l12
[0.494s] Invoking command in '/root/ros2_ws_diki_new/build/cpp_ros2_ws': CMAKE_PREFIX_PATH=${CMAKE_PREFIX_PATH}:/root/ros2_ws_diki_new/install/ros2_aruco:/root/ros2_ws_diki_new/install/python:/root/ros2_ws_diki_new/install/opencv_tests:/opt/ros/foxy /usr/bin/cmake --install /root/ros2_ws_diki_new/build/cpp_ros2_ws
[0.515s] -- Install configuration: ""
[0.515s] -- Up-to-date: /root/ros2_ws_diki_new/install/cpp_ros2_ws/share/ament_index/resource_index/package_run_dependencies/cpp_ros2_ws
[0.515s] -- Up-to-date: /root/ros2_ws_diki_new/install/cpp_ros2_ws/share/ament_index/resource_index/parent_prefix_path/cpp_ros2_ws
[0.516s] -- Up-to-date: /root/ros2_ws_diki_new/install/cpp_ros2_ws/share/cpp_ros2_ws/environment/ament_prefix_path.sh
[0.517s] -- Up-to-date: /root/ros2_ws_diki_new/install/cpp_ros2_ws/share/cpp_ros2_ws/environment/ament_prefix_path.dsv
[0.517s] -- Up-to-date: /root/ros2_ws_diki_new/install/cpp_ros2_ws/share/cpp_ros2_ws/environment/path.sh
[0.518s] -- Up-to-date: /root/ros2_ws_diki_new/install/cpp_ros2_ws/share/cpp_ros2_ws/environment/path.dsv
[0.518s] -- Up-to-date: /root/ros2_ws_diki_new/install/cpp_ros2_ws/share/cpp_ros2_ws/local_setup.bash
[0.518s] -- Up-to-date: /root/ros2_ws_diki_new/install/cpp_ros2_ws/share/cpp_ros2_ws/local_setup.sh
[0.519s] -- Up-to-date: /root/ros2_ws_diki_new/install/cpp_ros2_ws/share/cpp_ros2_ws/local_setup.zsh
[0.519s] -- Up-to-date: /root/ros2_ws_diki_new/install/cpp_ros2_ws/share/cpp_ros2_ws/local_setup.dsv
[0.519s] -- Installing: /root/ros2_ws_diki_new/install/cpp_ros2_ws/share/cpp_ros2_ws/package.dsv
[0.520s] -- Up-to-date: /root/ros2_ws_diki_new/install/cpp_ros2_ws/share/ament_index/resource_index/packages/cpp_ros2_ws
[0.520s] -- Up-to-date: /root/ros2_ws_diki_new/install/cpp_ros2_ws/share/cpp_ros2_ws/cmake/cpp_ros2_wsConfig.cmake
[0.520s] -- Up-to-date: /root/ros2_ws_diki_new/install/cpp_ros2_ws/share/cpp_ros2_ws/cmake/cpp_ros2_wsConfig-version.cmake
[0.521s] -- Up-to-date: /root/ros2_ws_diki_new/install/cpp_ros2_ws/share/cpp_ros2_ws/package.xml
[0.554s] Invoked command in '/root/ros2_ws_diki_new/build/cpp_ros2_ws' returned '0': CMAKE_PREFIX_PATH=${CMAKE_PREFIX_PATH}:/root/ros2_ws_diki_new/install/ros2_aruco:/root/ros2_ws_diki_new/install/python:/root/ros2_ws_diki_new/install/opencv_tests:/opt/ros/foxy /usr/bin/cmake --install /root/ros2_ws_diki_new/build/cpp_ros2_ws
