[0.115s] Invoking command in '/root/ros2_ws_diki_new/build/image_geometry': CMAKE_PREFIX_PATH=${CMAKE_PREFIX_PATH}:/root/ros2_ws_diki_new/install/ros2_aruco:/root/ros2_ws_diki_new/install/python:/root/ros2_ws_diki_new/install/opencv_tests:/opt/ros/foxy /usr/bin/cmake --build /root/ros2_ws_diki_new/build/image_geometry -- -j12 -l12
[0.924s] [ 18%] Built target gtest_main
[0.924s] [ 45%] Built target image_geometry
[0.925s] [ 63%] Built target gtest
[0.925s] [ 81%] Built target image_geometry-utest-equi
[0.926s] [100%] Built target image_geometry-utest
[0.937s] Invoked command in '/root/ros2_ws_diki_new/build/image_geometry' returned '0': CMAKE_PREFIX_PATH=${CMAKE_PREFIX_PATH}:/root/ros2_ws_diki_new/install/ros2_aruco:/root/ros2_ws_diki_new/install/python:/root/ros2_ws_diki_new/install/opencv_tests:/opt/ros/foxy /usr/bin/cmake --build /root/ros2_ws_diki_new/build/image_geometry -- -j12 -l12
[1.021s] Invoking command in '/root/ros2_ws_diki_new/build/image_geometry': CMAKE_PREFIX_PATH=${CMAKE_PREFIX_PATH}:/root/ros2_ws_diki_new/install/ros2_aruco:/root/ros2_ws_diki_new/install/python:/root/ros2_ws_diki_new/install/opencv_tests:/opt/ros/foxy /usr/bin/cmake --install /root/ros2_ws_diki_new/build/image_geometry
[1.046s] -- Install configuration: ""
[1.046s] -- Up-to-date: /root/ros2_ws_diki_new/install/image_geometry/share/image_geometry/environment/pythonpath.sh
[1.046s] -- Up-to-date: /root/ros2_ws_diki_new/install/image_geometry/share/image_geometry/environment/pythonpath.dsv
[1.046s] -- Up-to-date: /root/ros2_ws_diki_new/install/image_geometry/lib/python3.8/site-packages/image_geometry
[1.047s] -- Up-to-date: /root/ros2_ws_diki_new/install/image_geometry/lib/python3.8/site-packages/image_geometry/cameramodels.py
[1.047s] -- Up-to-date: /root/ros2_ws_diki_new/install/image_geometry/lib/python3.8/site-packages/image_geometry/__init__.py
[1.118s] Listing '/root/ros2_ws_diki_new/install/image_geometry/lib/python3.8/site-packages/image_geometry'...
[1.123s] -- Up-to-date: /root/ros2_ws_diki_new/install/image_geometry/include/image_geometry
[1.124s] -- Up-to-date: /root/ros2_ws_diki_new/install/image_geometry/include/image_geometry/stereo_camera_model.h
[1.126s] -- Up-to-date: /root/ros2_ws_diki_new/install/image_geometry/include/image_geometry/visibility_control.hpp
[1.126s] -- Up-to-date: /root/ros2_ws_diki_new/install/image_geometry/include/image_geometry/pinhole_camera_model.h
[1.126s] -- Up-to-date: /root/ros2_ws_diki_new/install/image_geometry/lib/libimage_geometry.so
[1.127s] -- Up-to-date: /root/ros2_ws_diki_new/install/image_geometry/share/image_geometry/environment/library_path.sh
[1.127s] -- Up-to-date: /root/ros2_ws_diki_new/install/image_geometry/share/image_geometry/environment/library_path.dsv
[1.127s] -- Up-to-date: /root/ros2_ws_diki_new/install/image_geometry/share/ament_index/resource_index/package_run_dependencies/image_geometry
[1.128s] -- Up-to-date: /root/ros2_ws_diki_new/install/image_geometry/share/ament_index/resource_index/parent_prefix_path/image_geometry
[1.129s] -- Up-to-date: /root/ros2_ws_diki_new/install/image_geometry/share/image_geometry/environment/ament_prefix_path.sh
[1.129s] -- Up-to-date: /root/ros2_ws_diki_new/install/image_geometry/share/image_geometry/environment/ament_prefix_path.dsv
[1.130s] -- Up-to-date: /root/ros2_ws_diki_new/install/image_geometry/share/image_geometry/environment/path.sh
[1.131s] -- Up-to-date: /root/ros2_ws_diki_new/install/image_geometry/share/image_geometry/environment/path.dsv
[1.131s] -- Up-to-date: /root/ros2_ws_diki_new/install/image_geometry/share/image_geometry/local_setup.bash
[1.135s] -- Up-to-date: /root/ros2_ws_diki_new/install/image_geometry/share/image_geometry/local_setup.sh
[1.135s] -- Up-to-date: /root/ros2_ws_diki_new/install/image_geometry/share/image_geometry/local_setup.zsh
[1.136s] -- Up-to-date: /root/ros2_ws_diki_new/install/image_geometry/share/image_geometry/local_setup.dsv
[1.141s] -- Installing: /root/ros2_ws_diki_new/install/image_geometry/share/image_geometry/package.dsv
[1.142s] -- Up-to-date: /root/ros2_ws_diki_new/install/image_geometry/share/ament_index/resource_index/packages/image_geometry
[1.142s] -- Up-to-date: /root/ros2_ws_diki_new/install/image_geometry/share/image_geometry/cmake/ament_cmake_export_libraries-extras.cmake
[1.143s] -- Up-to-date: /root/ros2_ws_diki_new/install/image_geometry/share/image_geometry/cmake/ament_cmake_export_dependencies-extras.cmake
[1.143s] -- Up-to-date: /root/ros2_ws_diki_new/install/image_geometry/share/image_geometry/cmake/ament_cmake_export_include_directories-extras.cmake
[1.143s] -- Up-to-date: /root/ros2_ws_diki_new/install/image_geometry/share/image_geometry/cmake/image_geometryConfig.cmake
[1.143s] -- Up-to-date: /root/ros2_ws_diki_new/install/image_geometry/share/image_geometry/cmake/image_geometryConfig-version.cmake
[1.144s] -- Up-to-date: /root/ros2_ws_diki_new/install/image_geometry/share/image_geometry/package.xml
[1.197s] Invoked command in '/root/ros2_ws_diki_new/build/image_geometry' returned '0': CMAKE_PREFIX_PATH=${CMAKE_PREFIX_PATH}:/root/ros2_ws_diki_new/install/ros2_aruco:/root/ros2_ws_diki_new/install/python:/root/ros2_ws_diki_new/install/opencv_tests:/opt/ros/foxy /usr/bin/cmake --install /root/ros2_ws_diki_new/build/image_geometry
