[0.187s] Invoking command in '/root/ros2_ws_diki_new/build/image_geometry': CMAKE_PREFIX_PATH=${CMAKE_PREFIX_PATH}:/root/ros2_ws_diki_new/install/ros2_aruco:/root/ros2_ws_diki_new/install/python:/root/ros2_ws_diki_new/install/opencv_tests:/opt/ros/foxy /usr/bin/cmake --build /root/ros2_ws_diki_new/build/image_geometry -- -j12 -l12
[1.323s] [ 27%] Built target image_geometry
[1.324s] [ 45%] Built target gtest_main
[1.324s] [ 63%] Built target gtest
[1.328s] [ 81%] Built target image_geometry-utest-equi
[1.328s] [100%] Built target image_geometry-utest
[1.375s] Invoked command in '/root/ros2_ws_diki_new/build/image_geometry' returned '0': CMAKE_PREFIX_PATH=${CMAKE_PREFIX_PATH}:/root/ros2_ws_diki_new/install/ros2_aruco:/root/ros2_ws_diki_new/install/python:/root/ros2_ws_diki_new/install/opencv_tests:/opt/ros/foxy /usr/bin/cmake --build /root/ros2_ws_diki_new/build/image_geometry -- -j12 -l12
[1.672s] Invoking command in '/root/ros2_ws_diki_new/build/image_geometry': CMAKE_PREFIX_PATH=${CMAKE_PREFIX_PATH}:/root/ros2_ws_diki_new/install/ros2_aruco:/root/ros2_ws_diki_new/install/python:/root/ros2_ws_diki_new/install/opencv_tests:/opt/ros/foxy /usr/bin/cmake --install /root/ros2_ws_diki_new/build/image_geometry
[1.761s] -- Install configuration: ""
[1.761s] -- Up-to-date: /root/ros2_ws_diki_new/install/image_geometry/share/image_geometry/environment/pythonpath.sh
[1.761s] -- Up-to-date: /root/ros2_ws_diki_new/install/image_geometry/share/image_geometry/environment/pythonpath.dsv
[1.761s] -- Up-to-date: /root/ros2_ws_diki_new/install/image_geometry/lib/python3.8/site-packages/image_geometry
[1.761s] -- Up-to-date: /root/ros2_ws_diki_new/install/image_geometry/lib/python3.8/site-packages/image_geometry/cameramodels.py
[1.761s] -- Up-to-date: /root/ros2_ws_diki_new/install/image_geometry/lib/python3.8/site-packages/image_geometry/__init__.py
[1.762s] Listing '/root/ros2_ws_diki_new/install/image_geometry/lib/python3.8/site-packages/image_geometry'...
[1.767s] -- Up-to-date: /root/ros2_ws_diki_new/install/image_geometry/include/image_geometry
[1.767s] -- Up-to-date: /root/ros2_ws_diki_new/install/image_geometry/include/image_geometry/stereo_camera_model.h
[1.768s] -- Up-to-date: /root/ros2_ws_diki_new/install/image_geometry/include/image_geometry/visibility_control.hpp
[1.768s] -- Up-to-date: /root/ros2_ws_diki_new/install/image_geometry/include/image_geometry/pinhole_camera_model.h
[1.768s] -- Up-to-date: /root/ros2_ws_diki_new/install/image_geometry/lib/libimage_geometry.so
[1.768s] -- Up-to-date: /root/ros2_ws_diki_new/install/image_geometry/share/image_geometry/environment/library_path.sh
[1.768s] -- Up-to-date: /root/ros2_ws_diki_new/install/image_geometry/share/image_geometry/environment/library_path.dsv
[1.769s] -- Up-to-date: /root/ros2_ws_diki_new/install/image_geometry/share/ament_index/resource_index/package_run_dependencies/image_geometry
[1.769s] -- Up-to-date: /root/ros2_ws_diki_new/install/image_geometry/share/ament_index/resource_index/parent_prefix_path/image_geometry
[1.769s] -- Up-to-date: /root/ros2_ws_diki_new/install/image_geometry/share/image_geometry/environment/ament_prefix_path.sh
[1.770s] -- Up-to-date: /root/ros2_ws_diki_new/install/image_geometry/share/image_geometry/environment/ament_prefix_path.dsv
[1.771s] -- Up-to-date: /root/ros2_ws_diki_new/install/image_geometry/share/image_geometry/environment/path.sh
[1.771s] -- Up-to-date: /root/ros2_ws_diki_new/install/image_geometry/share/image_geometry/environment/path.dsv
[1.771s] -- Up-to-date: /root/ros2_ws_diki_new/install/image_geometry/share/image_geometry/local_setup.bash
[1.771s] -- Up-to-date: /root/ros2_ws_diki_new/install/image_geometry/share/image_geometry/local_setup.sh
[1.771s] -- Up-to-date: /root/ros2_ws_diki_new/install/image_geometry/share/image_geometry/local_setup.zsh
[1.772s] -- Up-to-date: /root/ros2_ws_diki_new/install/image_geometry/share/image_geometry/local_setup.dsv
[1.772s] -- Installing: /root/ros2_ws_diki_new/install/image_geometry/share/image_geometry/package.dsv
[1.773s] -- Up-to-date: /root/ros2_ws_diki_new/install/image_geometry/share/ament_index/resource_index/packages/image_geometry
[1.773s] -- Up-to-date: /root/ros2_ws_diki_new/install/image_geometry/share/image_geometry/cmake/ament_cmake_export_libraries-extras.cmake
[1.773s] -- Up-to-date: /root/ros2_ws_diki_new/install/image_geometry/share/image_geometry/cmake/ament_cmake_export_dependencies-extras.cmake
[1.773s] -- Up-to-date: /root/ros2_ws_diki_new/install/image_geometry/share/image_geometry/cmake/ament_cmake_export_include_directories-extras.cmake
[1.774s] -- Up-to-date: /root/ros2_ws_diki_new/install/image_geometry/share/image_geometry/cmake/image_geometryConfig.cmake
[1.774s] -- Up-to-date: /root/ros2_ws_diki_new/install/image_geometry/share/image_geometry/cmake/image_geometryConfig-version.cmake
[1.774s] -- Up-to-date: /root/ros2_ws_diki_new/install/image_geometry/share/image_geometry/package.xml
[1.814s] Invoked command in '/root/ros2_ws_diki_new/build/image_geometry' returned '0': CMAKE_PREFIX_PATH=${CMAKE_PREFIX_PATH}:/root/ros2_ws_diki_new/install/ros2_aruco:/root/ros2_ws_diki_new/install/python:/root/ros2_ws_diki_new/install/opencv_tests:/opt/ros/foxy /usr/bin/cmake --install /root/ros2_ws_diki_new/build/image_geometry
