[0.453s] Invoking command in '/root/ros2_ws_diki_new/build/robot_urdf': CMAKE_PREFIX_PATH=${CMAKE_PREFIX_PATH}:/root/ros2_ws_diki_new/install/ros2_aruco:/root/ros2_ws_diki_new/install/python:/root/ros2_ws_diki_new/install/opencv_tests:/opt/ros/foxy /usr/bin/cmake --build /root/ros2_ws_diki_new/build/robot_urdf -- -j12 -l12
[0.855s] Invoked command in '/root/ros2_ws_diki_new/build/robot_urdf' returned '0': CMAKE_PREFIX_PATH=${CMAKE_PREFIX_PATH}:/root/ros2_ws_diki_new/install/ros2_aruco:/root/ros2_ws_diki_new/install/python:/root/ros2_ws_diki_new/install/opencv_tests:/opt/ros/foxy /usr/bin/cmake --build /root/ros2_ws_diki_new/build/robot_urdf -- -j12 -l12
[0.925s] Invoking command in '/root/ros2_ws_diki_new/build/robot_urdf': CMAKE_PREFIX_PATH=${CMAKE_PREFIX_PATH}:/root/ros2_ws_diki_new/install/ros2_aruco:/root/ros2_ws_diki_new/install/python:/root/ros2_ws_diki_new/install/opencv_tests:/opt/ros/foxy /usr/bin/cmake --install /root/ros2_ws_diki_new/build/robot_urdf
[0.940s] -- Install configuration: ""
[0.940s] -- Up-to-date: /root/ros2_ws_diki_new/install/robot_urdf/share/robot_urdf//launch
[0.945s] -- Up-to-date: /root/ros2_ws_diki_new/install/robot_urdf/share/robot_urdf//launch/__pycache__
[0.946s] -- Up-to-date: /root/ros2_ws_diki_new/install/robot_urdf/share/robot_urdf//launch/__pycache__/gazebo.launch.cpython-38.pyc
[0.947s] -- Up-to-date: /root/ros2_ws_diki_new/install/robot_urdf/share/robot_urdf//launch/__pycache__/gazebo_arm.launch.cpython-38.pyc
[0.947s] -- Up-to-date: /root/ros2_ws_diki_new/install/robot_urdf/share/robot_urdf//launch/gazebo.launch.py
[0.949s] -- Up-to-date: /root/ros2_ws_diki_new/install/robot_urdf/share/robot_urdf//launch/gazebo_arm.launch.py
[0.949s] -- Up-to-date: /root/ros2_ws_diki_new/install/robot_urdf/share/robot_urdf//launch/gazebo_aruco.launch.py
[0.951s] -- Up-to-date: /root/ros2_ws_diki_new/install/robot_urdf/share/robot_urdf//urdf
[0.951s] -- Up-to-date: /root/ros2_ws_diki_new/install/robot_urdf/share/robot_urdf//urdf/m2wr_arm2.xacro
[0.953s] -- Up-to-date: /root/ros2_ws_diki_new/install/robot_urdf/share/robot_urdf//urdf/robot4_fixed.xacro
[0.953s] -- Up-to-date: /root/ros2_ws_diki_new/install/robot_urdf/share/robot_urdf//urdf/robot4.xacro
[0.953s] -- Up-to-date: /root/ros2_ws_diki_new/install/robot_urdf/share/robot_urdf//urdf/materials.xacro
[0.954s] -- Up-to-date: /root/ros2_ws_diki_new/install/robot_urdf/share/robot_urdf//urdf/robot4.gazebo
[0.954s] -- Up-to-date: /root/ros2_ws_diki_new/install/robot_urdf/share/robot_urdf//urdf/m2wr_arm2.gazebo
[0.955s] -- Up-to-date: /root/ros2_ws_diki_new/install/robot_urdf/share/robot_urdf//config
[0.955s] -- Up-to-date: /root/ros2_ws_diki_new/install/robot_urdf/share/robot_urdf//config/config_camera.yaml
[0.955s] -- Up-to-date: /root/ros2_ws_diki_new/install/robot_urdf/share/robot_urdf//config/rviz.rviz
[0.956s] -- Up-to-date: /root/ros2_ws_diki_new/install/robot_urdf/share/robot_urdf//config/config.yaml
[0.957s] -- Up-to-date: /root/ros2_ws_diki_new/install/robot_urdf/share/robot_urdf//worlds
[0.957s] -- Up-to-date: /root/ros2_ws_diki_new/install/robot_urdf/share/robot_urdf//worlds/World_2.world
[0.958s] -- Up-to-date: /root/ros2_ws_diki_new/install/robot_urdf/share/robot_urdf//worlds/aruco_test.world
[0.958s] -- Up-to-date: /root/ros2_ws_diki_new/install/robot_urdf/share/ament_index/resource_index/package_run_dependencies/robot_urdf
[0.959s] -- Up-to-date: /root/ros2_ws_diki_new/install/robot_urdf/share/ament_index/resource_index/parent_prefix_path/robot_urdf
[0.959s] -- Up-to-date: /root/ros2_ws_diki_new/install/robot_urdf/share/robot_urdf/environment/ament_prefix_path.sh
[0.960s] -- Up-to-date: /root/ros2_ws_diki_new/install/robot_urdf/share/robot_urdf/environment/ament_prefix_path.dsv
[0.961s] -- Up-to-date: /root/ros2_ws_diki_new/install/robot_urdf/share/robot_urdf/environment/path.sh
[0.962s] -- Up-to-date: /root/ros2_ws_diki_new/install/robot_urdf/share/robot_urdf/environment/path.dsv
[0.962s] -- Up-to-date: /root/ros2_ws_diki_new/install/robot_urdf/share/robot_urdf/local_setup.bash
[0.962s] -- Up-to-date: /root/ros2_ws_diki_new/install/robot_urdf/share/robot_urdf/local_setup.sh
[0.963s] -- Up-to-date: /root/ros2_ws_diki_new/install/robot_urdf/share/robot_urdf/local_setup.zsh
[0.964s] -- Up-to-date: /root/ros2_ws_diki_new/install/robot_urdf/share/robot_urdf/local_setup.dsv
[0.964s] -- Installing: /root/ros2_ws_diki_new/install/robot_urdf/share/robot_urdf/package.dsv
[0.965s] -- Up-to-date: /root/ros2_ws_diki_new/install/robot_urdf/share/ament_index/resource_index/packages/robot_urdf
[0.965s] -- Up-to-date: /root/ros2_ws_diki_new/install/robot_urdf/share/robot_urdf/cmake/robot_urdfConfig.cmake
[0.965s] -- Up-to-date: /root/ros2_ws_diki_new/install/robot_urdf/share/robot_urdf/cmake/robot_urdfConfig-version.cmake
[0.965s] -- Up-to-date: /root/ros2_ws_diki_new/install/robot_urdf/share/robot_urdf/package.xml
[1.010s] Invoked command in '/root/ros2_ws_diki_new/build/robot_urdf' returned '0': CMAKE_PREFIX_PATH=${CMAKE_PREFIX_PATH}:/root/ros2_ws_diki_new/install/ros2_aruco:/root/ros2_ws_diki_new/install/python:/root/ros2_ws_diki_new/install/opencv_tests:/opt/ros/foxy /usr/bin/cmake --install /root/ros2_ws_diki_new/build/robot_urdf
