[0.290s] Invoking command in '/root/ros2_ws_diki_new/build/vision_opencv': AMENT_PREFIX_PATH=/root/ros2_ws_diki_new/install/image_geometry:/root/ros2_ws_diki_new/install/cv_bridge CMAKE_PREFIX_PATH=/root/ros2_ws_diki_new/install/image_geometry:/root/ros2_ws_diki_new/install/cv_bridge LD_LIBRARY_PATH=/root/ros2_ws_diki_new/install/image_geometry/lib:/root/ros2_ws_diki_new/install/cv_bridge/lib PYTHONPATH=/root/ros2_ws_diki_new/install/image_geometry/lib/python3.8/site-packages:/root/ros2_ws_diki_new/install/cv_bridge/lib/python3.8/site-packages /usr/bin/cmake --build /root/ros2_ws_diki_new/build/vision_opencv -- -j12 -l12
[0.331s] Invoked command in '/root/ros2_ws_diki_new/build/vision_opencv' returned '0': AMENT_PREFIX_PATH=/root/ros2_ws_diki_new/install/image_geometry:/root/ros2_ws_diki_new/install/cv_bridge CMAKE_PREFIX_PATH=/root/ros2_ws_diki_new/install/image_geometry:/root/ros2_ws_diki_new/install/cv_bridge LD_LIBRARY_PATH=/root/ros2_ws_diki_new/install/image_geometry/lib:/root/ros2_ws_diki_new/install/cv_bridge/lib PYTHONPATH=/root/ros2_ws_diki_new/install/image_geometry/lib/python3.8/site-packages:/root/ros2_ws_diki_new/install/cv_bridge/lib/python3.8/site-packages /usr/bin/cmake --build /root/ros2_ws_diki_new/build/vision_opencv -- -j12 -l12
[0.369s] Invoking command in '/root/ros2_ws_diki_new/build/vision_opencv': AMENT_PREFIX_PATH=/root/ros2_ws_diki_new/install/image_geometry:/root/ros2_ws_diki_new/install/cv_bridge CMAKE_PREFIX_PATH=/root/ros2_ws_diki_new/install/image_geometry:/root/ros2_ws_diki_new/install/cv_bridge LD_LIBRARY_PATH=/root/ros2_ws_diki_new/install/image_geometry/lib:/root/ros2_ws_diki_new/install/cv_bridge/lib PYTHONPATH=/root/ros2_ws_diki_new/install/image_geometry/lib/python3.8/site-packages:/root/ros2_ws_diki_new/install/cv_bridge/lib/python3.8/site-packages /usr/bin/cmake --install /root/ros2_ws_diki_new/build/vision_opencv
[0.388s] -- Install configuration: ""
[0.390s] -- Up-to-date: /root/ros2_ws_diki_new/install/vision_opencv/share/ament_index/resource_index/package_run_dependencies/vision_opencv
[0.390s] -- Up-to-date: /root/ros2_ws_diki_new/install/vision_opencv/share/ament_index/resource_index/parent_prefix_path/vision_opencv
[0.391s] -- Up-to-date: /root/ros2_ws_diki_new/install/vision_opencv/share/vision_opencv/environment/ament_prefix_path.sh
[0.391s] -- Up-to-date: /root/ros2_ws_diki_new/install/vision_opencv/share/vision_opencv/environment/ament_prefix_path.dsv
[0.392s] -- Up-to-date: /root/ros2_ws_diki_new/install/vision_opencv/share/vision_opencv/environment/path.sh
[0.392s] -- Up-to-date: /root/ros2_ws_diki_new/install/vision_opencv/share/vision_opencv/environment/path.dsv
[0.393s] -- Up-to-date: /root/ros2_ws_diki_new/install/vision_opencv/share/vision_opencv/local_setup.bash
[0.393s] -- Up-to-date: /root/ros2_ws_diki_new/install/vision_opencv/share/vision_opencv/local_setup.sh
[0.393s] -- Up-to-date: /root/ros2_ws_diki_new/install/vision_opencv/share/vision_opencv/local_setup.zsh
[0.394s] -- Up-to-date: /root/ros2_ws_diki_new/install/vision_opencv/share/vision_opencv/local_setup.dsv
[0.394s] -- Installing: /root/ros2_ws_diki_new/install/vision_opencv/share/vision_opencv/package.dsv
[0.399s] -- Up-to-date: /root/ros2_ws_diki_new/install/vision_opencv/share/ament_index/resource_index/packages/vision_opencv
[0.399s] -- Up-to-date: /root/ros2_ws_diki_new/install/vision_opencv/share/vision_opencv/cmake/vision_opencvConfig.cmake
[0.399s] -- Up-to-date: /root/ros2_ws_diki_new/install/vision_opencv/share/vision_opencv/cmake/vision_opencvConfig-version.cmake
[0.400s] -- Up-to-date: /root/ros2_ws_diki_new/install/vision_opencv/share/vision_opencv/package.xml
[0.401s] Invoked command in '/root/ros2_ws_diki_new/build/vision_opencv' returned '0': AMENT_PREFIX_PATH=/root/ros2_ws_diki_new/install/image_geometry:/root/ros2_ws_diki_new/install/cv_bridge CMAKE_PREFIX_PATH=/root/ros2_ws_diki_new/install/image_geometry:/root/ros2_ws_diki_new/install/cv_bridge LD_LIBRARY_PATH=/root/ros2_ws_diki_new/install/image_geometry/lib:/root/ros2_ws_diki_new/install/cv_bridge/lib PYTHONPATH=/root/ros2_ws_diki_new/install/image_geometry/lib/python3.8/site-packages:/root/ros2_ws_diki_new/install/cv_bridge/lib/python3.8/site-packages /usr/bin/cmake --install /root/ros2_ws_diki_new/build/vision_opencv
