[1.732s] Invoking command in '/root/ros2_ws_diki_new/src/ros2_aruco/ros2_aruco': PYTHONPATH=/root/ros2_ws_diki_new/build/ros2_aruco/prefix_override:/usr/lib/python3/dist-packages/colcon_core/task/python/colcon_distutils_commands:/root/ros2_ws_diki_new/install/ros2_aruco/lib/python3.8/site-packages:${PYTHONPATH} /usr/bin/python3 -W ignore:setup.py install is deprecated setup.py egg_info --egg-base ../../../build/ros2_aruco build --build-base /root/ros2_ws_diki_new/build/ros2_aruco/build install --record /root/ros2_ws_diki_new/build/ros2_aruco/install.log --install-scripts $base/lib/ros2_aruco --single-version-externally-managed install_data
[2.067s] running egg_info
[2.068s] writing ../../../build/ros2_aruco/ros2_aruco.egg-info/PKG-INFO
[2.069s] writing dependency_links to ../../../build/ros2_aruco/ros2_aruco.egg-info/dependency_links.txt
[2.070s] writing entry points to ../../../build/ros2_aruco/ros2_aruco.egg-info/entry_points.txt
[2.070s] writing requirements to ../../../build/ros2_aruco/ros2_aruco.egg-info/requires.txt
[2.070s] writing top-level names to ../../../build/ros2_aruco/ros2_aruco.egg-info/top_level.txt
[2.126s] reading manifest file '../../../build/ros2_aruco/ros2_aruco.egg-info/SOURCES.txt'
[2.127s] writing manifest file '../../../build/ros2_aruco/ros2_aruco.egg-info/SOURCES.txt'
[2.127s] running build
[2.127s] running build_py
[2.127s] copying ros2_aruco/aruco_node.py -> /root/ros2_ws_diki_new/build/ros2_aruco/build/lib/ros2_aruco
[2.127s] running install
[2.129s] running install_lib
[2.130s] copying /root/ros2_ws_diki_new/build/ros2_aruco/build/lib/ros2_aruco/aruco_node.py -> /root/ros2_ws_diki_new/install/ros2_aruco/lib/python3.8/site-packages/ros2_aruco
[2.132s] byte-compiling /root/ros2_ws_diki_new/install/ros2_aruco/lib/python3.8/site-packages/ros2_aruco/aruco_node.py to aruco_node.cpython-38.pyc
[2.133s]   File "/root/ros2_ws_diki_new/install/ros2_aruco/lib/python3.8/site-packages/ros2_aruco/aruco_node.py", line 51
[2.134s]     self.info_sub = self.create_subscription(CameraInfo, info_topic, self.info_callback, qos_profile_sensor_data)   =>
[2.134s]                                                                                                                      ^
[2.134s] SyntaxError: invalid syntax
[2.135s] 
[2.135s] running install_data
[2.135s] running install_egg_info
[2.138s] removing '/root/ros2_ws_diki_new/install/ros2_aruco/lib/python3.8/site-packages/ros2_aruco-0.1.0-py3.8.egg-info' (and everything under it)
[2.138s] Copying ../../../build/ros2_aruco/ros2_aruco.egg-info to /root/ros2_ws_diki_new/install/ros2_aruco/lib/python3.8/site-packages/ros2_aruco-0.1.0-py3.8.egg-info
[2.138s] running install_scripts
[2.167s] Installing aruco_generate_marker script to /root/ros2_ws_diki_new/install/ros2_aruco/lib/ros2_aruco
[2.169s] Installing aruco_node script to /root/ros2_ws_diki_new/install/ros2_aruco/lib/ros2_aruco
[2.171s] Installing aruco_node_explaination script to /root/ros2_ws_diki_new/install/ros2_aruco/lib/ros2_aruco
[2.171s] Installing aruco_node_original script to /root/ros2_ws_diki_new/install/ros2_aruco/lib/ros2_aruco
[2.171s] writing list of installed files to '/root/ros2_ws_diki_new/build/ros2_aruco/install.log'
[2.211s] Invoked command in '/root/ros2_ws_diki_new/src/ros2_aruco/ros2_aruco' returned '0': PYTHONPATH=/root/ros2_ws_diki_new/build/ros2_aruco/prefix_override:/usr/lib/python3/dist-packages/colcon_core/task/python/colcon_distutils_commands:/root/ros2_ws_diki_new/install/ros2_aruco/lib/python3.8/site-packages:${PYTHONPATH} /usr/bin/python3 -W ignore:setup.py install is deprecated setup.py egg_info --egg-base ../../../build/ros2_aruco build --build-base /root/ros2_ws_diki_new/build/ros2_aruco/build install --record /root/ros2_ws_diki_new/build/ros2_aruco/install.log --install-scripts $base/lib/ros2_aruco --single-version-externally-managed install_data
