[1.112s] Invoking command in '/root/ros2_ws_diki_new/build/ros2_aruco_interfaces': CMAKE_PREFIX_PATH=${CMAKE_PREFIX_PATH}:/root/ros2_ws_diki_new/install/ros2_aruco:/root/ros2_ws_diki_new/install/python:/root/ros2_ws_diki_new/install/opencv_tests:/opt/ros/foxy /usr/bin/cmake --build /root/ros2_ws_diki_new/build/ros2_aruco_interfaces -- -j12 -l12
[1.288s] [  3%] Built target ros2_aruco_interfaces__cpp
[1.312s] [ 12%] Built target ros2_aruco_interfaces__rosidl_generator_c
[1.402s] [ 22%] Built target ros2_aruco_interfaces__rosidl_typesupport_cpp
[1.402s] [ 32%] Built target ros2_aruco_interfaces__rosidl_typesupport_introspection_cpp
[1.466s] [ 41%] Built target ros2_aruco_interfaces__rosidl_typesupport_introspection_c
[1.499s] [ 51%] Built target ros2_aruco_interfaces__rosidl_typesupport_c
[1.575s] [ 61%] Built target ros2_aruco_interfaces__rosidl_typesupport_fastrtps_cpp
[1.652s] [ 70%] Built target ros2_aruco_interfaces__rosidl_typesupport_fastrtps_c
[1.700s] [ 70%] Built target ros2_aruco_interfaces
[1.747s] [ 74%] Built target ros2_aruco_interfaces__py
[1.804s] [ 80%] Built target ros2_aruco_interfaces__python
[1.919s] [ 87%] Built target ros2_aruco_interfaces__rosidl_typesupport_c__pyext
[2.006s] [ 93%] Built target ros2_aruco_interfaces__rosidl_typesupport_fastrtps_c__pyext
[2.104s] [100%] Built target ros2_aruco_interfaces__rosidl_typesupport_introspection_c__pyext
[2.369s] Invoked command in '/root/ros2_ws_diki_new/build/ros2_aruco_interfaces' returned '0': CMAKE_PREFIX_PATH=${CMAKE_PREFIX_PATH}:/root/ros2_ws_diki_new/install/ros2_aruco:/root/ros2_ws_diki_new/install/python:/root/ros2_ws_diki_new/install/opencv_tests:/opt/ros/foxy /usr/bin/cmake --build /root/ros2_ws_diki_new/build/ros2_aruco_interfaces -- -j12 -l12
[2.773s] Invoking command in '/root/ros2_ws_diki_new/build/ros2_aruco_interfaces': CMAKE_PREFIX_PATH=${CMAKE_PREFIX_PATH}:/root/ros2_ws_diki_new/install/ros2_aruco:/root/ros2_ws_diki_new/install/python:/root/ros2_ws_diki_new/install/opencv_tests:/opt/ros/foxy /usr/bin/cmake --install /root/ros2_ws_diki_new/build/ros2_aruco_interfaces
[2.798s] -- Install configuration: ""
[2.799s] -- Up-to-date: /root/ros2_ws_diki_new/install/ros2_aruco_interfaces/share/ament_index/resource_index/rosidl_interfaces/ros2_aruco_interfaces
[2.799s] -- Up-to-date: /root/ros2_ws_diki_new/install/ros2_aruco_interfaces/include/ros2_aruco_interfaces
[2.799s] -- Up-to-date: /root/ros2_ws_diki_new/install/ros2_aruco_interfaces/include/ros2_aruco_interfaces/msg
[2.799s] -- Up-to-date: /root/ros2_ws_diki_new/install/ros2_aruco_interfaces/include/ros2_aruco_interfaces/msg/aruco_markers.h
[2.800s] -- Up-to-date: /root/ros2_ws_diki_new/install/ros2_aruco_interfaces/include/ros2_aruco_interfaces/msg/rosidl_generator_c__visibility_control.h
[2.800s] -- Up-to-date: /root/ros2_ws_diki_new/install/ros2_aruco_interfaces/include/ros2_aruco_interfaces/msg/detail
[2.800s] -- Up-to-date: /root/ros2_ws_diki_new/install/ros2_aruco_interfaces/include/ros2_aruco_interfaces/msg/detail/aruco_markers__functions.c
[2.800s] -- Up-to-date: /root/ros2_ws_diki_new/install/ros2_aruco_interfaces/include/ros2_aruco_interfaces/msg/detail/aruco_markers__functions.h
[2.800s] -- Up-to-date: /root/ros2_ws_diki_new/install/ros2_aruco_interfaces/include/ros2_aruco_interfaces/msg/detail/aruco_markers__struct.h
[2.801s] -- Up-to-date: /root/ros2_ws_diki_new/install/ros2_aruco_interfaces/include/ros2_aruco_interfaces/msg/detail/aruco_markers__type_support.h
[2.801s] -- Up-to-date: /root/ros2_ws_diki_new/install/ros2_aruco_interfaces/share/ros2_aruco_interfaces/environment/library_path.sh
[2.801s] -- Up-to-date: /root/ros2_ws_diki_new/install/ros2_aruco_interfaces/share/ros2_aruco_interfaces/environment/library_path.dsv
[2.801s] -- Up-to-date: /root/ros2_ws_diki_new/install/ros2_aruco_interfaces/lib/libros2_aruco_interfaces__rosidl_generator_c.so
[2.802s] -- Up-to-date: /root/ros2_ws_diki_new/install/ros2_aruco_interfaces/include/ros2_aruco_interfaces
[2.802s] -- Up-to-date: /root/ros2_ws_diki_new/install/ros2_aruco_interfaces/include/ros2_aruco_interfaces/msg
[2.803s] -- Up-to-date: /root/ros2_ws_diki_new/install/ros2_aruco_interfaces/include/ros2_aruco_interfaces/msg/rosidl_typesupport_fastrtps_c__visibility_control.h
[2.804s] -- Up-to-date: /root/ros2_ws_diki_new/install/ros2_aruco_interfaces/include/ros2_aruco_interfaces/msg/detail
[2.804s] -- Up-to-date: /root/ros2_ws_diki_new/install/ros2_aruco_interfaces/include/ros2_aruco_interfaces/msg/detail/aruco_markers__rosidl_typesupport_fastrtps_c.h
[2.805s] -- Up-to-date: /root/ros2_ws_diki_new/install/ros2_aruco_interfaces/lib/libros2_aruco_interfaces__rosidl_typesupport_fastrtps_c.so
[2.806s] -- Up-to-date: /root/ros2_ws_diki_new/install/ros2_aruco_interfaces/include/ros2_aruco_interfaces
[2.806s] -- Up-to-date: /root/ros2_ws_diki_new/install/ros2_aruco_interfaces/include/ros2_aruco_interfaces/msg
[2.806s] -- Up-to-date: /root/ros2_ws_diki_new/install/ros2_aruco_interfaces/include/ros2_aruco_interfaces/msg/rosidl_typesupport_fastrtps_cpp__visibility_control.h
[2.807s] -- Up-to-date: /root/ros2_ws_diki_new/install/ros2_aruco_interfaces/include/ros2_aruco_interfaces/msg/detail
[2.807s] -- Up-to-date: /root/ros2_ws_diki_new/install/ros2_aruco_interfaces/include/ros2_aruco_interfaces/msg/detail/dds_fastrtps
[2.807s] -- Up-to-date: /root/ros2_ws_diki_new/install/ros2_aruco_interfaces/include/ros2_aruco_interfaces/msg/detail/aruco_markers__rosidl_typesupport_fastrtps_cpp.hpp
[2.808s] -- Up-to-date: /root/ros2_ws_diki_new/install/ros2_aruco_interfaces/lib/libros2_aruco_interfaces__rosidl_typesupport_fastrtps_cpp.so
[2.809s] -- Up-to-date: /root/ros2_ws_diki_new/install/ros2_aruco_interfaces/include/ros2_aruco_interfaces
[2.809s] -- Up-to-date: /root/ros2_ws_diki_new/install/ros2_aruco_interfaces/include/ros2_aruco_interfaces/msg
[2.809s] -- Up-to-date: /root/ros2_ws_diki_new/install/ros2_aruco_interfaces/include/ros2_aruco_interfaces/msg/rosidl_typesupport_introspection_c__visibility_control.h
[2.810s] -- Up-to-date: /root/ros2_ws_diki_new/install/ros2_aruco_interfaces/include/ros2_aruco_interfaces/msg/detail
[2.811s] -- Up-to-date: /root/ros2_ws_diki_new/install/ros2_aruco_interfaces/include/ros2_aruco_interfaces/msg/detail/aruco_markers__rosidl_typesupport_introspection_c.h
[2.811s] -- Up-to-date: /root/ros2_ws_diki_new/install/ros2_aruco_interfaces/include/ros2_aruco_interfaces/msg/detail/aruco_markers__type_support.c
[2.812s] -- Up-to-date: /root/ros2_ws_diki_new/install/ros2_aruco_interfaces/lib/libros2_aruco_interfaces__rosidl_typesupport_introspection_c.so
[2.813s] -- Up-to-date: /root/ros2_ws_diki_new/install/ros2_aruco_interfaces/lib/libros2_aruco_interfaces__rosidl_typesupport_c.so
[2.813s] -- Up-to-date: /root/ros2_ws_diki_new/install/ros2_aruco_interfaces/include/ros2_aruco_interfaces
[2.814s] -- Up-to-date: /root/ros2_ws_diki_new/install/ros2_aruco_interfaces/include/ros2_aruco_interfaces/msg
[2.814s] -- Up-to-date: /root/ros2_ws_diki_new/install/ros2_aruco_interfaces/include/ros2_aruco_interfaces/msg/rosidl_generator_cpp__visibility_control.hpp
[2.814s] -- Up-to-date: /root/ros2_ws_diki_new/install/ros2_aruco_interfaces/include/ros2_aruco_interfaces/msg/detail
[2.814s] -- Up-to-date: /root/ros2_ws_diki_new/install/ros2_aruco_interfaces/include/ros2_aruco_interfaces/msg/detail/aruco_markers__struct.hpp
[2.815s] -- Up-to-date: /root/ros2_ws_diki_new/install/ros2_aruco_interfaces/include/ros2_aruco_interfaces/msg/detail/aruco_markers__builder.hpp
[2.815s] -- Up-to-date: /root/ros2_ws_diki_new/install/ros2_aruco_interfaces/include/ros2_aruco_interfaces/msg/detail/aruco_markers__type_support.hpp
[2.815s] -- Up-to-date: /root/ros2_ws_diki_new/install/ros2_aruco_interfaces/include/ros2_aruco_interfaces/msg/detail/aruco_markers__traits.hpp
[2.815s] -- Up-to-date: /root/ros2_ws_diki_new/install/ros2_aruco_interfaces/include/ros2_aruco_interfaces/msg/aruco_markers.hpp
[2.816s] -- Up-to-date: /root/ros2_ws_diki_new/install/ros2_aruco_interfaces/include/ros2_aruco_interfaces
[2.816s] -- Up-to-date: /root/ros2_ws_diki_new/install/ros2_aruco_interfaces/include/ros2_aruco_interfaces/msg
[2.816s] -- Up-to-date: /root/ros2_ws_diki_new/install/ros2_aruco_interfaces/include/ros2_aruco_interfaces/msg/detail
[2.816s] -- Up-to-date: /root/ros2_ws_diki_new/install/ros2_aruco_interfaces/include/ros2_aruco_interfaces/msg/detail/aruco_markers__type_support.cpp
[2.816s] -- Up-to-date: /root/ros2_ws_diki_new/install/ros2_aruco_interfaces/include/ros2_aruco_interfaces/msg/detail/aruco_markers__rosidl_typesupport_introspection_cpp.hpp
[2.817s] -- Up-to-date: /root/ros2_ws_diki_new/install/ros2_aruco_interfaces/lib/libros2_aruco_interfaces__rosidl_typesupport_introspection_cpp.so
[2.818s] -- Up-to-date: /root/ros2_ws_diki_new/install/ros2_aruco_interfaces/lib/libros2_aruco_interfaces__rosidl_typesupport_cpp.so
[2.818s] -- Up-to-date: /root/ros2_ws_diki_new/install/ros2_aruco_interfaces/share/ros2_aruco_interfaces/environment/pythonpath.sh
[2.819s] -- Up-to-date: /root/ros2_ws_diki_new/install/ros2_aruco_interfaces/share/ros2_aruco_interfaces/environment/pythonpath.dsv
[2.819s] -- Up-to-date: /root/ros2_ws_diki_new/install/ros2_aruco_interfaces/lib/python3.8/site-packages/ros2_aruco_interfaces/__init__.py
[2.906s] -- Up-to-date: /root/ros2_ws_diki_new/install/ros2_aruco_interfaces/lib/python3.8/site-packages/ros2_aruco_interfaces/msg
[2.906s] -- Up-to-date: /root/ros2_ws_diki_new/install/ros2_aruco_interfaces/lib/python3.8/site-packages/ros2_aruco_interfaces/msg/_aruco_markers_s.c
[2.914s] -- Up-to-date: /root/ros2_ws_diki_new/install/ros2_aruco_interfaces/lib/python3.8/site-packages/ros2_aruco_interfaces/msg/_aruco_markers.py
[2.914s] -- Up-to-date: /root/ros2_ws_diki_new/install/ros2_aruco_interfaces/lib/python3.8/site-packages/ros2_aruco_interfaces/msg/__init__.py
[2.915s] -- Up-to-date: /root/ros2_ws_diki_new/install/ros2_aruco_interfaces/lib/python3.8/site-packages/ros2_aruco_interfaces/ros2_aruco_interfaces_s__rosidl_typesupport_fastrtps_c.cpython-38-x86_64-linux-gnu.so
[2.915s] -- Up-to-date: /root/ros2_ws_diki_new/install/ros2_aruco_interfaces/lib/python3.8/site-packages/ros2_aruco_interfaces/ros2_aruco_interfaces_s__rosidl_typesupport_introspection_c.cpython-38-x86_64-linux-gnu.so
[2.919s] -- Up-to-date: /root/ros2_ws_diki_new/install/ros2_aruco_interfaces/lib/python3.8/site-packages/ros2_aruco_interfaces/ros2_aruco_interfaces_s__rosidl_typesupport_c.cpython-38-x86_64-linux-gnu.so
[2.920s] -- Up-to-date: /root/ros2_ws_diki_new/install/ros2_aruco_interfaces/lib/libros2_aruco_interfaces__python.so
[2.920s] -- Up-to-date: /root/ros2_ws_diki_new/install/ros2_aruco_interfaces/share/ros2_aruco_interfaces/msg/ArucoMarkers.idl
[2.920s] -- Up-to-date: /root/ros2_ws_diki_new/install/ros2_aruco_interfaces/share/ros2_aruco_interfaces/msg/ArucoMarkers.msg
[2.920s] -- Up-to-date: /root/ros2_ws_diki_new/install/ros2_aruco_interfaces/share/ament_index/resource_index/package_run_dependencies/ros2_aruco_interfaces
[2.921s] -- Up-to-date: /root/ros2_ws_diki_new/install/ros2_aruco_interfaces/share/ament_index/resource_index/parent_prefix_path/ros2_aruco_interfaces
[2.921s] -- Up-to-date: /root/ros2_ws_diki_new/install/ros2_aruco_interfaces/share/ros2_aruco_interfaces/environment/ament_prefix_path.sh
[2.921s] -- Up-to-date: /root/ros2_ws_diki_new/install/ros2_aruco_interfaces/share/ros2_aruco_interfaces/environment/ament_prefix_path.dsv
[2.921s] -- Up-to-date: /root/ros2_ws_diki_new/install/ros2_aruco_interfaces/share/ros2_aruco_interfaces/environment/path.sh
[2.921s] -- Up-to-date: /root/ros2_ws_diki_new/install/ros2_aruco_interfaces/share/ros2_aruco_interfaces/environment/path.dsv
[2.922s] -- Up-to-date: /root/ros2_ws_diki_new/install/ros2_aruco_interfaces/share/ros2_aruco_interfaces/local_setup.bash
[2.922s] -- Up-to-date: /root/ros2_ws_diki_new/install/ros2_aruco_interfaces/share/ros2_aruco_interfaces/local_setup.sh
[2.922s] -- Up-to-date: /root/ros2_ws_diki_new/install/ros2_aruco_interfaces/share/ros2_aruco_interfaces/local_setup.zsh
[2.922s] -- Up-to-date: /root/ros2_ws_diki_new/install/ros2_aruco_interfaces/share/ros2_aruco_interfaces/local_setup.dsv
[2.922s] -- Installing: /root/ros2_ws_diki_new/install/ros2_aruco_interfaces/share/ros2_aruco_interfaces/package.dsv
[2.922s] -- Up-to-date: /root/ros2_ws_diki_new/install/ros2_aruco_interfaces/share/ament_index/resource_index/packages/ros2_aruco_interfaces
[2.923s] -- Up-to-date: /root/ros2_ws_diki_new/install/ros2_aruco_interfaces/share/ros2_aruco_interfaces/cmake/ros2_aruco_interfaces__rosidl_generator_cExport.cmake
[2.924s] -- Up-to-date: /root/ros2_ws_diki_new/install/ros2_aruco_interfaces/share/ros2_aruco_interfaces/cmake/ros2_aruco_interfaces__rosidl_generator_cExport-noconfig.cmake
[2.924s] -- Up-to-date: /root/ros2_ws_diki_new/install/ros2_aruco_interfaces/share/ros2_aruco_interfaces/cmake/ros2_aruco_interfaces__rosidl_typesupport_introspection_cExport.cmake
[2.924s] -- Up-to-date: /root/ros2_ws_diki_new/install/ros2_aruco_interfaces/share/ros2_aruco_interfaces/cmake/ros2_aruco_interfaces__rosidl_typesupport_introspection_cExport-noconfig.cmake
[2.925s] -- Up-to-date: /root/ros2_ws_diki_new/install/ros2_aruco_interfaces/share/ros2_aruco_interfaces/cmake/ros2_aruco_interfaces__rosidl_typesupport_cExport.cmake
[2.925s] -- Up-to-date: /root/ros2_ws_diki_new/install/ros2_aruco_interfaces/share/ros2_aruco_interfaces/cmake/ros2_aruco_interfaces__rosidl_typesupport_cExport-noconfig.cmake
[2.925s] -- Up-to-date: /root/ros2_ws_diki_new/install/ros2_aruco_interfaces/share/ros2_aruco_interfaces/cmake/ros2_aruco_interfaces__rosidl_generator_cppExport.cmake
[2.925s] -- Up-to-date: /root/ros2_ws_diki_new/install/ros2_aruco_interfaces/share/ros2_aruco_interfaces/cmake/ros2_aruco_interfaces__rosidl_typesupport_introspection_cppExport.cmake
[2.926s] -- Up-to-date: /root/ros2_ws_diki_new/install/ros2_aruco_interfaces/share/ros2_aruco_interfaces/cmake/ros2_aruco_interfaces__rosidl_typesupport_introspection_cppExport-noconfig.cmake
[2.926s] -- Up-to-date: /root/ros2_ws_diki_new/install/ros2_aruco_interfaces/share/ros2_aruco_interfaces/cmake/ros2_aruco_interfaces__rosidl_typesupport_cppExport.cmake
[2.928s] -- Up-to-date: /root/ros2_ws_diki_new/install/ros2_aruco_interfaces/share/ros2_aruco_interfaces/cmake/ros2_aruco_interfaces__rosidl_typesupport_cppExport-noconfig.cmake
[2.929s] -- Up-to-date: /root/ros2_ws_diki_new/install/ros2_aruco_interfaces/share/ros2_aruco_interfaces/cmake/rosidl_cmake-extras.cmake
[2.929s] -- Up-to-date: /root/ros2_ws_diki_new/install/ros2_aruco_interfaces/share/ros2_aruco_interfaces/cmake/ament_cmake_export_dependencies-extras.cmake
[2.929s] -- Up-to-date: /root/ros2_ws_diki_new/install/ros2_aruco_interfaces/share/ros2_aruco_interfaces/cmake/ament_cmake_export_libraries-extras.cmake
[2.929s] -- Up-to-date: /root/ros2_ws_diki_new/install/ros2_aruco_interfaces/share/ros2_aruco_interfaces/cmake/ament_cmake_export_targets-extras.cmake
[2.929s] -- Up-to-date: /root/ros2_ws_diki_new/install/ros2_aruco_interfaces/share/ros2_aruco_interfaces/cmake/ament_cmake_export_include_directories-extras.cmake
[2.929s] -- Up-to-date: /root/ros2_ws_diki_new/install/ros2_aruco_interfaces/share/ros2_aruco_interfaces/cmake/rosidl_cmake_export_typesupport_libraries-extras.cmake
[2.930s] -- Up-to-date: /root/ros2_ws_diki_new/install/ros2_aruco_interfaces/share/ros2_aruco_interfaces/cmake/rosidl_cmake_export_typesupport_targets-extras.cmake
[2.930s] -- Up-to-date: /root/ros2_ws_diki_new/install/ros2_aruco_interfaces/share/ros2_aruco_interfaces/cmake/ros2_aruco_interfacesConfig.cmake
[2.930s] -- Up-to-date: /root/ros2_ws_diki_new/install/ros2_aruco_interfaces/share/ros2_aruco_interfaces/cmake/ros2_aruco_interfacesConfig-version.cmake
[2.930s] -- Up-to-date: /root/ros2_ws_diki_new/install/ros2_aruco_interfaces/share/ros2_aruco_interfaces/package.xml
[2.934s] Invoked command in '/root/ros2_ws_diki_new/build/ros2_aruco_interfaces' returned '0': CMAKE_PREFIX_PATH=${CMAKE_PREFIX_PATH}:/root/ros2_ws_diki_new/install/ros2_aruco:/root/ros2_ws_diki_new/install/python:/root/ros2_ws_diki_new/install/opencv_tests:/opt/ros/foxy /usr/bin/cmake --install /root/ros2_ws_diki_new/build/ros2_aruco_interfaces
