[0.109s] Invoking command in '/root/ros2_ws_diki_new/build/cv_bridge': CMAKE_PREFIX_PATH=${CMAKE_PREFIX_PATH}:/root/ros2_ws_diki_new/install/ros2_aruco:/root/ros2_ws_diki_new/install/python:/root/ros2_ws_diki_new/install/opencv_tests:/opt/ros/foxy /usr/bin/cmake --build /root/ros2_ws_diki_new/build/cv_bridge -- -j12 -l12
[0.850s] [ 12%] Built target gtest
[0.850s] [ 25%] Built target gtest_main
[0.851s] [ 43%] Built target cv_bridge
[0.851s] [ 62%] Built target cv_bridge_boost
[0.851s] [100%] Built target cv_bridge-utest
[0.859s] Invoked command in '/root/ros2_ws_diki_new/build/cv_bridge' returned '0': CMAKE_PREFIX_PATH=${CMAKE_PREFIX_PATH}:/root/ros2_ws_diki_new/install/ros2_aruco:/root/ros2_ws_diki_new/install/python:/root/ros2_ws_diki_new/install/opencv_tests:/opt/ros/foxy /usr/bin/cmake --build /root/ros2_ws_diki_new/build/cv_bridge -- -j12 -l12
[0.918s] Invoking command in '/root/ros2_ws_diki_new/build/cv_bridge': CMAKE_PREFIX_PATH=${CMAKE_PREFIX_PATH}:/root/ros2_ws_diki_new/install/ros2_aruco:/root/ros2_ws_diki_new/install/python:/root/ros2_ws_diki_new/install/opencv_tests:/opt/ros/foxy /usr/bin/cmake --install /root/ros2_ws_diki_new/build/cv_bridge
[0.950s] -- Install configuration: ""
[0.950s] -- Up-to-date: /root/ros2_ws_diki_new/install/cv_bridge/share/cv_bridge/environment/pythonpath.sh
[0.951s] -- Up-to-date: /root/ros2_ws_diki_new/install/cv_bridge/share/cv_bridge/environment/pythonpath.dsv
[0.951s] -- Up-to-date: /root/ros2_ws_diki_new/install/cv_bridge/lib/python3.8/site-packages/cv_bridge
[0.951s] -- Up-to-date: /root/ros2_ws_diki_new/install/cv_bridge/lib/python3.8/site-packages/cv_bridge/core.py
[0.951s] -- Up-to-date: /root/ros2_ws_diki_new/install/cv_bridge/lib/python3.8/site-packages/cv_bridge/__init__.py
[1.000s] Listing '/root/ros2_ws_diki_new/install/cv_bridge/lib/python3.8/site-packages/cv_bridge'...
[1.001s] Listing '/root/ros2_ws_diki_new/install/cv_bridge/lib/python3.8/site-packages/cv_bridge/boost'...
[1.006s] -- Up-to-date: /root/ros2_ws_diki_new/install/cv_bridge/share/cv_bridge/environment/library_path.sh
[1.008s] -- Up-to-date: /root/ros2_ws_diki_new/install/cv_bridge/share/cv_bridge/environment/library_path.dsv
[1.008s] -- Up-to-date: /root/ros2_ws_diki_new/install/cv_bridge/include/cv_bridge
[1.008s] -- Up-to-date: /root/ros2_ws_diki_new/install/cv_bridge/include/cv_bridge/rgb_colors.h
[1.008s] -- Up-to-date: /root/ros2_ws_diki_new/install/cv_bridge/include/cv_bridge/cv_bridge.h
[1.009s] -- Up-to-date: /root/ros2_ws_diki_new/install/cv_bridge/lib/libcv_bridge.so
[1.009s] -- Up-to-date: /root/ros2_ws_diki_new/install/cv_bridge/share/ament_index/resource_index/package_run_dependencies/cv_bridge
[1.010s] -- Up-to-date: /root/ros2_ws_diki_new/install/cv_bridge/share/ament_index/resource_index/parent_prefix_path/cv_bridge
[1.010s] -- Up-to-date: /root/ros2_ws_diki_new/install/cv_bridge/share/cv_bridge/environment/ament_prefix_path.sh
[1.012s] -- Up-to-date: /root/ros2_ws_diki_new/install/cv_bridge/share/cv_bridge/environment/ament_prefix_path.dsv
[1.012s] -- Up-to-date: /root/ros2_ws_diki_new/install/cv_bridge/share/cv_bridge/environment/path.sh
[1.012s] -- Up-to-date: /root/ros2_ws_diki_new/install/cv_bridge/share/cv_bridge/environment/path.dsv
[1.013s] -- Up-to-date: /root/ros2_ws_diki_new/install/cv_bridge/share/cv_bridge/local_setup.bash
[1.013s] -- Up-to-date: /root/ros2_ws_diki_new/install/cv_bridge/share/cv_bridge/local_setup.sh
[1.013s] -- Up-to-date: /root/ros2_ws_diki_new/install/cv_bridge/share/cv_bridge/local_setup.zsh
[1.014s] -- Up-to-date: /root/ros2_ws_diki_new/install/cv_bridge/share/cv_bridge/local_setup.dsv
[1.014s] -- Installing: /root/ros2_ws_diki_new/install/cv_bridge/share/cv_bridge/package.dsv
[1.015s] -- Up-to-date: /root/ros2_ws_diki_new/install/cv_bridge/share/ament_index/resource_index/packages/cv_bridge
[1.015s] -- Up-to-date: /root/ros2_ws_diki_new/install/cv_bridge/share/cv_bridge/cmake/cv_bridge-extras.cmake
[1.015s] -- Up-to-date: /root/ros2_ws_diki_new/install/cv_bridge/share/cv_bridge/cmake/ament_cmake_export_dependencies-extras.cmake
[1.015s] -- Up-to-date: /root/ros2_ws_diki_new/install/cv_bridge/share/cv_bridge/cmake/ament_cmake_export_include_directories-extras.cmake
[1.016s] -- Up-to-date: /root/ros2_ws_diki_new/install/cv_bridge/share/cv_bridge/cmake/ament_cmake_export_libraries-extras.cmake
[1.016s] -- Up-to-date: /root/ros2_ws_diki_new/install/cv_bridge/share/cv_bridge/cmake/cv_bridgeConfig.cmake
[1.017s] -- Up-to-date: /root/ros2_ws_diki_new/install/cv_bridge/share/cv_bridge/cmake/cv_bridgeConfig-version.cmake
[1.017s] -- Up-to-date: /root/ros2_ws_diki_new/install/cv_bridge/share/cv_bridge/package.xml
[1.017s] -- Up-to-date: /root/ros2_ws_diki_new/install/cv_bridge/lib/libcv_bridge.so
[1.017s] -- Up-to-date: /root/ros2_ws_diki_new/install/cv_bridge/include/cv_bridge/cv_bridge_export.h
[1.018s] -- Up-to-date: /root/ros2_ws_diki_new/install/cv_bridge/lib/python3.8/site-packages/cv_bridge/boost/cv_bridge_boost.so
[1.053s] Invoked command in '/root/ros2_ws_diki_new/build/cv_bridge' returned '0': CMAKE_PREFIX_PATH=${CMAKE_PREFIX_PATH}:/root/ros2_ws_diki_new/install/ros2_aruco:/root/ros2_ws_diki_new/install/python:/root/ros2_ws_diki_new/install/opencv_tests:/opt/ros/foxy /usr/bin/cmake --install /root/ros2_ws_diki_new/build/cv_bridge
