[2.764s] Invoking command in '/root/ros2_ws_diki_new/src/python': PYTHONPATH=/root/ros2_ws_diki_new/build/python/prefix_override:/usr/lib/python3/dist-packages/colcon_core/task/python/colcon_distutils_commands:/root/ros2_ws_diki_new/install/python/lib/python3.8/site-packages:${PYTHONPATH} /usr/bin/python3 -W ignore:setup.py install is deprecated setup.py egg_info --egg-base ../../build/python build --build-base /root/ros2_ws_diki_new/build/python/build install --record /root/ros2_ws_diki_new/build/python/install.log --install-scripts $base/lib/python --single-version-externally-managed install_data
[3.330s] running egg_info
[3.331s] writing ../../build/python/python.egg-info/PKG-INFO
[3.332s] writing dependency_links to ../../build/python/python.egg-info/dependency_links.txt
[3.333s] writing entry points to ../../build/python/python.egg-info/entry_points.txt
[3.333s] writing requirements to ../../build/python/python.egg-info/requires.txt
[3.333s] writing top-level names to ../../build/python/python.egg-info/top_level.txt
[3.428s] reading manifest file '../../build/python/python.egg-info/SOURCES.txt'
[3.428s] writing manifest file '../../build/python/python.egg-info/SOURCES.txt'
[3.428s] running build
[3.428s] running build_py
[3.428s] running install
[3.429s] running install_lib
[3.430s] running install_data
[3.431s] running install_egg_info
[3.435s] removing '/root/ros2_ws_diki_new/install/python/lib/python3.8/site-packages/python-0.0.0-py3.8.egg-info' (and everything under it)
[3.436s] Copying ../../build/python/python.egg-info to /root/ros2_ws_diki_new/install/python/lib/python3.8/site-packages/python-0.0.0-py3.8.egg-info
[3.453s] running install_scripts
[3.484s] writing list of installed files to '/root/ros2_ws_diki_new/build/python/install.log'
[3.533s] Invoked command in '/root/ros2_ws_diki_new/src/python' returned '0': PYTHONPATH=/root/ros2_ws_diki_new/build/python/prefix_override:/usr/lib/python3/dist-packages/colcon_core/task/python/colcon_distutils_commands:/root/ros2_ws_diki_new/install/python/lib/python3.8/site-packages:${PYTHONPATH} /usr/bin/python3 -W ignore:setup.py install is deprecated setup.py egg_info --egg-base ../../build/python build --build-base /root/ros2_ws_diki_new/build/python/build install --record /root/ros2_ws_diki_new/build/python/install.log --install-scripts $base/lib/python --single-version-externally-managed install_data
