-- Install configuration: ""
-- Up-to-date: /root/ros2_ws_diki_new/install/robot_urdf/share/robot_urdf//launch
-- Up-to-date: /root/ros2_ws_diki_new/install/robot_urdf/share/robot_urdf//launch/__pycache__
-- Up-to-date: /root/ros2_ws_diki_new/install/robot_urdf/share/robot_urdf//launch/__pycache__/gazebo.launch.cpython-38.pyc
-- Up-to-date: /root/ros2_ws_diki_new/install/robot_urdf/share/robot_urdf//launch/__pycache__/gazebo_arm.launch.cpython-38.pyc
-- Up-to-date: /root/ros2_ws_diki_new/install/robot_urdf/share/robot_urdf//launch/gazebo.launch.py
-- Up-to-date: /root/ros2_ws_diki_new/install/robot_urdf/share/robot_urdf//launch/gazebo_arm.launch.py
-- Up-to-date: /root/ros2_ws_diki_new/install/robot_urdf/share/robot_urdf//launch/gazebo_aruco.launch.py
-- Up-to-date: /root/ros2_ws_diki_new/install/robot_urdf/share/robot_urdf//urdf
-- Up-to-date: /root/ros2_ws_diki_new/install/robot_urdf/share/robot_urdf//urdf/m2wr_arm2.xacro
-- Up-to-date: /root/ros2_ws_diki_new/install/robot_urdf/share/robot_urdf//urdf/robot4_fixed.xacro
-- Up-to-date: /root/ros2_ws_diki_new/install/robot_urdf/share/robot_urdf//urdf/robot4.xacro
-- Up-to-date: /root/ros2_ws_diki_new/install/robot_urdf/share/robot_urdf//urdf/materials.xacro
-- Up-to-date: /root/ros2_ws_diki_new/install/robot_urdf/share/robot_urdf//urdf/robot4.gazebo
-- Up-to-date: /root/ros2_ws_diki_new/install/robot_urdf/share/robot_urdf//urdf/m2wr_arm2.gazebo
-- Up-to-date: /root/ros2_ws_diki_new/install/robot_urdf/share/robot_urdf//config
-- Up-to-date: /root/ros2_ws_diki_new/install/robot_urdf/share/robot_urdf//config/config_camera.yaml
-- Up-to-date: /root/ros2_ws_diki_new/install/robot_urdf/share/robot_urdf//config/rviz.rviz
-- Up-to-date: /root/ros2_ws_diki_new/install/robot_urdf/share/robot_urdf//config/config.yaml
-- Up-to-date: /root/ros2_ws_diki_new/install/robot_urdf/share/robot_urdf//worlds
-- Up-to-date: /root/ros2_ws_diki_new/install/robot_urdf/share/robot_urdf//worlds/World_2.world
-- Up-to-date: /root/ros2_ws_diki_new/install/robot_urdf/share/robot_urdf//worlds/aruco_test.world
-- Up-to-date: /root/ros2_ws_diki_new/install/robot_urdf/share/ament_index/resource_index/package_run_dependencies/robot_urdf
-- Up-to-date: /root/ros2_ws_diki_new/install/robot_urdf/share/ament_index/resource_index/parent_prefix_path/robot_urdf
-- Up-to-date: /root/ros2_ws_diki_new/install/robot_urdf/share/robot_urdf/environment/ament_prefix_path.sh
-- Up-to-date: /root/ros2_ws_diki_new/install/robot_urdf/share/robot_urdf/environment/ament_prefix_path.dsv
-- Up-to-date: /root/ros2_ws_diki_new/install/robot_urdf/share/robot_urdf/environment/path.sh
-- Up-to-date: /root/ros2_ws_diki_new/install/robot_urdf/share/robot_urdf/environment/path.dsv
-- Up-to-date: /root/ros2_ws_diki_new/install/robot_urdf/share/robot_urdf/local_setup.bash
-- Up-to-date: /root/ros2_ws_diki_new/install/robot_urdf/share/robot_urdf/local_setup.sh
-- Up-to-date: /root/ros2_ws_diki_new/install/robot_urdf/share/robot_urdf/local_setup.zsh
-- Up-to-date: /root/ros2_ws_diki_new/install/robot_urdf/share/robot_urdf/local_setup.dsv
-- Installing: /root/ros2_ws_diki_new/install/robot_urdf/share/robot_urdf/package.dsv
-- Up-to-date: /root/ros2_ws_diki_new/install/robot_urdf/share/ament_index/resource_index/packages/robot_urdf
-- Up-to-date: /root/ros2_ws_diki_new/install/robot_urdf/share/robot_urdf/cmake/robot_urdfConfig.cmake
-- Up-to-date: /root/ros2_ws_diki_new/install/robot_urdf/share/robot_urdf/cmake/robot_urdfConfig-version.cmake
-- Up-to-date: /root/ros2_ws_diki_new/install/robot_urdf/share/robot_urdf/package.xml
