/root/ros2_ws_diki_new/install/ros2_aruco/lib/python3.8/site-packages/ros2_aruco/aruco_node_camera.py
/root/ros2_ws_diki_new/install/ros2_aruco/lib/python3.8/site-packages/ros2_aruco/arurco_node_old.py
/root/ros2_ws_diki_new/install/ros2_aruco/lib/python3.8/site-packages/ros2_aruco/aruco_node_original.py
/root/ros2_ws_diki_new/install/ros2_aruco/lib/python3.8/site-packages/ros2_aruco/aruco_node_assignment_explanation.py
/root/ros2_ws_diki_new/install/ros2_aruco/lib/python3.8/site-packages/ros2_aruco/aruco_generate_marker.py
/root/ros2_ws_diki_new/install/ros2_aruco/lib/python3.8/site-packages/ros2_aruco/transformations.py
/root/ros2_ws_diki_new/install/ros2_aruco/lib/python3.8/site-packages/ros2_aruco/aruco_node.py
/root/ros2_ws_diki_new/install/ros2_aruco/lib/python3.8/site-packages/ros2_aruco/aruco_node_explaination.py
/root/ros2_ws_diki_new/install/ros2_aruco/lib/python3.8/site-packages/ros2_aruco/__init__.py
/root/ros2_ws_diki_new/install/ros2_aruco/lib/python3.8/site-packages/ros2_aruco/__pycache__/aruco_node_camera.cpython-38.pyc
/root/ros2_ws_diki_new/install/ros2_aruco/lib/python3.8/site-packages/ros2_aruco/__pycache__/arurco_node_old.cpython-38.pyc
/root/ros2_ws_diki_new/install/ros2_aruco/lib/python3.8/site-packages/ros2_aruco/__pycache__/aruco_node_original.cpython-38.pyc
/root/ros2_ws_diki_new/install/ros2_aruco/lib/python3.8/site-packages/ros2_aruco/__pycache__/aruco_node_assignment_explanation.cpython-38.pyc
/root/ros2_ws_diki_new/install/ros2_aruco/lib/python3.8/site-packages/ros2_aruco/__pycache__/aruco_generate_marker.cpython-38.pyc
/root/ros2_ws_diki_new/install/ros2_aruco/lib/python3.8/site-packages/ros2_aruco/__pycache__/transformations.cpython-38.pyc
/root/ros2_ws_diki_new/install/ros2_aruco/lib/python3.8/site-packages/ros2_aruco/__pycache__/aruco_node.cpython-38.pyc
/root/ros2_ws_diki_new/install/ros2_aruco/lib/python3.8/site-packages/ros2_aruco/__pycache__/aruco_node_explaination.cpython-38.pyc
/root/ros2_ws_diki_new/install/ros2_aruco/lib/python3.8/site-packages/ros2_aruco/__pycache__/__init__.cpython-38.pyc
/root/ros2_ws_diki_new/install/ros2_aruco/share/ament_index/resource_index/packages/ros2_aruco
/root/ros2_ws_diki_new/install/ros2_aruco/share/ros2_aruco/package.xml
/root/ros2_ws_diki_new/install/ros2_aruco/lib/python3.8/site-packages/ros2_aruco-0.1.0-py3.8.egg-info/top_level.txt
/root/ros2_ws_diki_new/install/ros2_aruco/lib/python3.8/site-packages/ros2_aruco-0.1.0-py3.8.egg-info/dependency_links.txt
/root/ros2_ws_diki_new/install/ros2_aruco/lib/python3.8/site-packages/ros2_aruco-0.1.0-py3.8.egg-info/entry_points.txt
/root/ros2_ws_diki_new/install/ros2_aruco/lib/python3.8/site-packages/ros2_aruco-0.1.0-py3.8.egg-info/SOURCES.txt
/root/ros2_ws_diki_new/install/ros2_aruco/lib/python3.8/site-packages/ros2_aruco-0.1.0-py3.8.egg-info/requires.txt
/root/ros2_ws_diki_new/install/ros2_aruco/lib/python3.8/site-packages/ros2_aruco-0.1.0-py3.8.egg-info/PKG-INFO
/root/ros2_ws_diki_new/install/ros2_aruco/lib/python3.8/site-packages/ros2_aruco-0.1.0-py3.8.egg-info/zip-safe
/root/ros2_ws_diki_new/install/ros2_aruco/lib/ros2_aruco/aruco_generate_marker
/root/ros2_ws_diki_new/install/ros2_aruco/lib/ros2_aruco/aruco_node
/root/ros2_ws_diki_new/install/ros2_aruco/lib/ros2_aruco/aruco_node_camera
/root/ros2_ws_diki_new/install/ros2_aruco/lib/ros2_aruco/aruco_node_explaination
/root/ros2_ws_diki_new/install/ros2_aruco/lib/ros2_aruco/aruco_node_original
