[2.706s] Invoking command in '/root/ros2_ws_diki_new/src/python': PYTHONPATH=/root/ros2_ws_diki_new/build/python/prefix_override:/usr/lib/python3/dist-packages/colcon_core/task/python/colcon_distutils_commands:/root/ros2_ws_diki_new/install/python/lib/python3.8/site-packages:${PYTHONPATH} /usr/bin/python3 -W ignore:setup.py install is deprecated setup.py egg_info --egg-base ../../build/python build --build-base /root/ros2_ws_diki_new/build/python/build install --record /root/ros2_ws_diki_new/build/python/install.log --install-scripts $base/lib/python --single-version-externally-managed install_data
[3.228s] running egg_info
[3.237s] writing ../../build/python/python.egg-info/PKG-INFO
[3.237s] writing dependency_links to ../../build/python/python.egg-info/dependency_links.txt
[3.238s] writing entry points to ../../build/python/python.egg-info/entry_points.txt
[3.239s] writing requirements to ../../build/python/python.egg-info/requires.txt
[3.239s] writing top-level names to ../../build/python/python.egg-info/top_level.txt
[3.332s] reading manifest file '../../build/python/python.egg-info/SOURCES.txt'
[3.336s] writing manifest file '../../build/python/python.egg-info/SOURCES.txt'
[3.337s] running build
[3.337s] running build_py
[3.337s] running install
[3.338s] running install_lib
[3.340s] running install_data
[3.340s] running install_egg_info
[3.370s] removing '/root/ros2_ws_diki_new/install/python/lib/python3.8/site-packages/python-0.0.0-py3.8.egg-info' (and everything under it)
[3.370s] Copying ../../build/python/python.egg-info to /root/ros2_ws_diki_new/install/python/lib/python3.8/site-packages/python-0.0.0-py3.8.egg-info
[3.371s] running install_scripts
[3.381s] writing list of installed files to '/root/ros2_ws_diki_new/build/python/install.log'
[3.431s] Invoked command in '/root/ros2_ws_diki_new/src/python' returned '0': PYTHONPATH=/root/ros2_ws_diki_new/build/python/prefix_override:/usr/lib/python3/dist-packages/colcon_core/task/python/colcon_distutils_commands:/root/ros2_ws_diki_new/install/python/lib/python3.8/site-packages:${PYTHONPATH} /usr/bin/python3 -W ignore:setup.py install is deprecated setup.py egg_info --egg-base ../../build/python build --build-base /root/ros2_ws_diki_new/build/python/build install --record /root/ros2_ws_diki_new/build/python/install.log --install-scripts $base/lib/python --single-version-externally-managed install_data
