[0.890s] Invoking command in '/root/ros2_ws_diki_new/build/ros2_aruco_interfaces': CMAKE_PREFIX_PATH=${CMAKE_PREFIX_PATH}:/root/ros2_ws_diki_new/install/ros2_aruco:/root/ros2_ws_diki_new/install/python:/root/ros2_ws_diki_new/install/opencv_tests:/opt/ros/foxy /usr/bin/cmake --build /root/ros2_ws_diki_new/build/ros2_aruco_interfaces -- -j12 -l12
[1.027s] [  3%] Built target ros2_aruco_interfaces__cpp
[1.078s] [ 12%] Built target ros2_aruco_interfaces__rosidl_generator_c
[1.126s] [ 22%] Built target ros2_aruco_interfaces__rosidl_typesupport_introspection_cpp
[1.177s] [ 32%] Built target ros2_aruco_interfaces__rosidl_typesupport_introspection_c
[1.275s] [ 41%] Built target ros2_aruco_interfaces__rosidl_typesupport_c
[1.345s] [ 51%] Built target ros2_aruco_interfaces__rosidl_typesupport_fastrtps_cpp
[1.429s] [ 61%] Built target ros2_aruco_interfaces__rosidl_typesupport_cpp
[1.518s] [ 70%] Built target ros2_aruco_interfaces__rosidl_typesupport_fastrtps_c
[1.574s] [ 70%] Built target ros2_aruco_interfaces
[1.641s] [ 74%] Built target ros2_aruco_interfaces__py
[1.700s] [ 80%] Built target ros2_aruco_interfaces__python
[1.779s] [ 87%] Built target ros2_aruco_interfaces__rosidl_typesupport_c__pyext
[1.847s] [ 93%] Built target ros2_aruco_interfaces__rosidl_typesupport_fastrtps_c__pyext
[1.933s] [100%] Built target ros2_aruco_interfaces__rosidl_typesupport_introspection_c__pyext
[1.950s] Invoked command in '/root/ros2_ws_diki_new/build/ros2_aruco_interfaces' returned '0': CMAKE_PREFIX_PATH=${CMAKE_PREFIX_PATH}:/root/ros2_ws_diki_new/install/ros2_aruco:/root/ros2_ws_diki_new/install/python:/root/ros2_ws_diki_new/install/opencv_tests:/opt/ros/foxy /usr/bin/cmake --build /root/ros2_ws_diki_new/build/ros2_aruco_interfaces -- -j12 -l12
[2.263s] Invoking command in '/root/ros2_ws_diki_new/build/ros2_aruco_interfaces': CMAKE_PREFIX_PATH=${CMAKE_PREFIX_PATH}:/root/ros2_ws_diki_new/install/ros2_aruco:/root/ros2_ws_diki_new/install/python:/root/ros2_ws_diki_new/install/opencv_tests:/opt/ros/foxy /usr/bin/cmake --install /root/ros2_ws_diki_new/build/ros2_aruco_interfaces
[2.287s] -- Install configuration: ""
[2.287s] -- Up-to-date: /root/ros2_ws_diki_new/install/ros2_aruco_interfaces/share/ament_index/resource_index/rosidl_interfaces/ros2_aruco_interfaces
[2.288s] -- Up-to-date: /root/ros2_ws_diki_new/install/ros2_aruco_interfaces/include/ros2_aruco_interfaces
[2.288s] -- Up-to-date: /root/ros2_ws_diki_new/install/ros2_aruco_interfaces/include/ros2_aruco_interfaces/msg
[2.288s] -- Up-to-date: /root/ros2_ws_diki_new/install/ros2_aruco_interfaces/include/ros2_aruco_interfaces/msg/aruco_markers.h
[2.288s] -- Up-to-date: /root/ros2_ws_diki_new/install/ros2_aruco_interfaces/include/ros2_aruco_interfaces/msg/rosidl_generator_c__visibility_control.h
[2.288s] -- Up-to-date: /root/ros2_ws_diki_new/install/ros2_aruco_interfaces/include/ros2_aruco_interfaces/msg/detail
[2.288s] -- Up-to-date: /root/ros2_ws_diki_new/install/ros2_aruco_interfaces/include/ros2_aruco_interfaces/msg/detail/aruco_markers__functions.c
[2.288s] -- Up-to-date: /root/ros2_ws_diki_new/install/ros2_aruco_interfaces/include/ros2_aruco_interfaces/msg/detail/aruco_markers__functions.h
[2.288s] -- Up-to-date: /root/ros2_ws_diki_new/install/ros2_aruco_interfaces/include/ros2_aruco_interfaces/msg/detail/aruco_markers__struct.h
[2.288s] -- Up-to-date: /root/ros2_ws_diki_new/install/ros2_aruco_interfaces/include/ros2_aruco_interfaces/msg/detail/aruco_markers__type_support.h
[2.289s] -- Up-to-date: /root/ros2_ws_diki_new/install/ros2_aruco_interfaces/share/ros2_aruco_interfaces/environment/library_path.sh
[2.289s] -- Up-to-date: /root/ros2_ws_diki_new/install/ros2_aruco_interfaces/share/ros2_aruco_interfaces/environment/library_path.dsv
[2.289s] -- Up-to-date: /root/ros2_ws_diki_new/install/ros2_aruco_interfaces/lib/libros2_aruco_interfaces__rosidl_generator_c.so
[2.289s] -- Up-to-date: /root/ros2_ws_diki_new/install/ros2_aruco_interfaces/include/ros2_aruco_interfaces
[2.289s] -- Up-to-date: /root/ros2_ws_diki_new/install/ros2_aruco_interfaces/include/ros2_aruco_interfaces/msg
[2.289s] -- Up-to-date: /root/ros2_ws_diki_new/install/ros2_aruco_interfaces/include/ros2_aruco_interfaces/msg/rosidl_typesupport_fastrtps_c__visibility_control.h
[2.289s] -- Up-to-date: /root/ros2_ws_diki_new/install/ros2_aruco_interfaces/include/ros2_aruco_interfaces/msg/detail
[2.289s] -- Up-to-date: /root/ros2_ws_diki_new/install/ros2_aruco_interfaces/include/ros2_aruco_interfaces/msg/detail/aruco_markers__rosidl_typesupport_fastrtps_c.h
[2.290s] -- Up-to-date: /root/ros2_ws_diki_new/install/ros2_aruco_interfaces/lib/libros2_aruco_interfaces__rosidl_typesupport_fastrtps_c.so
[2.290s] -- Up-to-date: /root/ros2_ws_diki_new/install/ros2_aruco_interfaces/include/ros2_aruco_interfaces
[2.290s] -- Up-to-date: /root/ros2_ws_diki_new/install/ros2_aruco_interfaces/include/ros2_aruco_interfaces/msg
[2.290s] -- Up-to-date: /root/ros2_ws_diki_new/install/ros2_aruco_interfaces/include/ros2_aruco_interfaces/msg/rosidl_typesupport_fastrtps_cpp__visibility_control.h
[2.290s] -- Up-to-date: /root/ros2_ws_diki_new/install/ros2_aruco_interfaces/include/ros2_aruco_interfaces/msg/detail
[2.290s] -- Up-to-date: /root/ros2_ws_diki_new/install/ros2_aruco_interfaces/include/ros2_aruco_interfaces/msg/detail/dds_fastrtps
[2.290s] -- Up-to-date: /root/ros2_ws_diki_new/install/ros2_aruco_interfaces/include/ros2_aruco_interfaces/msg/detail/aruco_markers__rosidl_typesupport_fastrtps_cpp.hpp
[2.290s] -- Up-to-date: /root/ros2_ws_diki_new/install/ros2_aruco_interfaces/lib/libros2_aruco_interfaces__rosidl_typesupport_fastrtps_cpp.so
[2.290s] -- Up-to-date: /root/ros2_ws_diki_new/install/ros2_aruco_interfaces/include/ros2_aruco_interfaces
[2.291s] -- Up-to-date: /root/ros2_ws_diki_new/install/ros2_aruco_interfaces/include/ros2_aruco_interfaces/msg
[2.291s] -- Up-to-date: /root/ros2_ws_diki_new/install/ros2_aruco_interfaces/include/ros2_aruco_interfaces/msg/rosidl_typesupport_introspection_c__visibility_control.h
[2.291s] -- Up-to-date: /root/ros2_ws_diki_new/install/ros2_aruco_interfaces/include/ros2_aruco_interfaces/msg/detail
[2.291s] -- Up-to-date: /root/ros2_ws_diki_new/install/ros2_aruco_interfaces/include/ros2_aruco_interfaces/msg/detail/aruco_markers__rosidl_typesupport_introspection_c.h
[2.291s] -- Up-to-date: /root/ros2_ws_diki_new/install/ros2_aruco_interfaces/include/ros2_aruco_interfaces/msg/detail/aruco_markers__type_support.c
[2.291s] -- Up-to-date: /root/ros2_ws_diki_new/install/ros2_aruco_interfaces/lib/libros2_aruco_interfaces__rosidl_typesupport_introspection_c.so
[2.291s] -- Up-to-date: /root/ros2_ws_diki_new/install/ros2_aruco_interfaces/lib/libros2_aruco_interfaces__rosidl_typesupport_c.so
[2.291s] -- Up-to-date: /root/ros2_ws_diki_new/install/ros2_aruco_interfaces/include/ros2_aruco_interfaces
[2.291s] -- Up-to-date: /root/ros2_ws_diki_new/install/ros2_aruco_interfaces/include/ros2_aruco_interfaces/msg
[2.292s] -- Up-to-date: /root/ros2_ws_diki_new/install/ros2_aruco_interfaces/include/ros2_aruco_interfaces/msg/rosidl_generator_cpp__visibility_control.hpp
[2.292s] -- Up-to-date: /root/ros2_ws_diki_new/install/ros2_aruco_interfaces/include/ros2_aruco_interfaces/msg/detail
[2.292s] -- Up-to-date: /root/ros2_ws_diki_new/install/ros2_aruco_interfaces/include/ros2_aruco_interfaces/msg/detail/aruco_markers__struct.hpp
[2.292s] -- Up-to-date: /root/ros2_ws_diki_new/install/ros2_aruco_interfaces/include/ros2_aruco_interfaces/msg/detail/aruco_markers__builder.hpp
[2.292s] -- Up-to-date: /root/ros2_ws_diki_new/install/ros2_aruco_interfaces/include/ros2_aruco_interfaces/msg/detail/aruco_markers__type_support.hpp
[2.292s] -- Up-to-date: /root/ros2_ws_diki_new/install/ros2_aruco_interfaces/include/ros2_aruco_interfaces/msg/detail/aruco_markers__traits.hpp
[2.292s] -- Up-to-date: /root/ros2_ws_diki_new/install/ros2_aruco_interfaces/include/ros2_aruco_interfaces/msg/aruco_markers.hpp
[2.292s] -- Up-to-date: /root/ros2_ws_diki_new/install/ros2_aruco_interfaces/include/ros2_aruco_interfaces
[2.292s] -- Up-to-date: /root/ros2_ws_diki_new/install/ros2_aruco_interfaces/include/ros2_aruco_interfaces/msg
[2.293s] -- Up-to-date: /root/ros2_ws_diki_new/install/ros2_aruco_interfaces/include/ros2_aruco_interfaces/msg/detail
[2.293s] -- Up-to-date: /root/ros2_ws_diki_new/install/ros2_aruco_interfaces/include/ros2_aruco_interfaces/msg/detail/aruco_markers__type_support.cpp
[2.293s] -- Up-to-date: /root/ros2_ws_diki_new/install/ros2_aruco_interfaces/include/ros2_aruco_interfaces/msg/detail/aruco_markers__rosidl_typesupport_introspection_cpp.hpp
[2.293s] -- Up-to-date: /root/ros2_ws_diki_new/install/ros2_aruco_interfaces/lib/libros2_aruco_interfaces__rosidl_typesupport_introspection_cpp.so
[2.293s] -- Up-to-date: /root/ros2_ws_diki_new/install/ros2_aruco_interfaces/lib/libros2_aruco_interfaces__rosidl_typesupport_cpp.so
[2.293s] -- Up-to-date: /root/ros2_ws_diki_new/install/ros2_aruco_interfaces/share/ros2_aruco_interfaces/environment/pythonpath.sh
[2.293s] -- Up-to-date: /root/ros2_ws_diki_new/install/ros2_aruco_interfaces/share/ros2_aruco_interfaces/environment/pythonpath.dsv
[2.294s] -- Up-to-date: /root/ros2_ws_diki_new/install/ros2_aruco_interfaces/lib/python3.8/site-packages/ros2_aruco_interfaces/__init__.py
[2.343s] -- Up-to-date: /root/ros2_ws_diki_new/install/ros2_aruco_interfaces/lib/python3.8/site-packages/ros2_aruco_interfaces/msg
[2.343s] -- Up-to-date: /root/ros2_ws_diki_new/install/ros2_aruco_interfaces/lib/python3.8/site-packages/ros2_aruco_interfaces/msg/_aruco_markers_s.c
[2.343s] -- Up-to-date: /root/ros2_ws_diki_new/install/ros2_aruco_interfaces/lib/python3.8/site-packages/ros2_aruco_interfaces/msg/_aruco_markers.py
[2.343s] -- Up-to-date: /root/ros2_ws_diki_new/install/ros2_aruco_interfaces/lib/python3.8/site-packages/ros2_aruco_interfaces/msg/__init__.py
[2.345s] -- Up-to-date: /root/ros2_ws_diki_new/install/ros2_aruco_interfaces/lib/python3.8/site-packages/ros2_aruco_interfaces/ros2_aruco_interfaces_s__rosidl_typesupport_fastrtps_c.cpython-38-x86_64-linux-gnu.so
[2.345s] -- Up-to-date: /root/ros2_ws_diki_new/install/ros2_aruco_interfaces/lib/python3.8/site-packages/ros2_aruco_interfaces/ros2_aruco_interfaces_s__rosidl_typesupport_introspection_c.cpython-38-x86_64-linux-gnu.so
[2.346s] -- Up-to-date: /root/ros2_ws_diki_new/install/ros2_aruco_interfaces/lib/python3.8/site-packages/ros2_aruco_interfaces/ros2_aruco_interfaces_s__rosidl_typesupport_c.cpython-38-x86_64-linux-gnu.so
[2.346s] -- Up-to-date: /root/ros2_ws_diki_new/install/ros2_aruco_interfaces/lib/libros2_aruco_interfaces__python.so
[2.346s] -- Up-to-date: /root/ros2_ws_diki_new/install/ros2_aruco_interfaces/share/ros2_aruco_interfaces/msg/ArucoMarkers.idl
[2.348s] -- Up-to-date: /root/ros2_ws_diki_new/install/ros2_aruco_interfaces/share/ros2_aruco_interfaces/msg/ArucoMarkers.msg
[2.348s] -- Up-to-date: /root/ros2_ws_diki_new/install/ros2_aruco_interfaces/share/ament_index/resource_index/package_run_dependencies/ros2_aruco_interfaces
[2.348s] -- Up-to-date: /root/ros2_ws_diki_new/install/ros2_aruco_interfaces/share/ament_index/resource_index/parent_prefix_path/ros2_aruco_interfaces
[2.349s] -- Up-to-date: /root/ros2_ws_diki_new/install/ros2_aruco_interfaces/share/ros2_aruco_interfaces/environment/ament_prefix_path.sh
[2.349s] -- Up-to-date: /root/ros2_ws_diki_new/install/ros2_aruco_interfaces/share/ros2_aruco_interfaces/environment/ament_prefix_path.dsv
[2.349s] -- Up-to-date: /root/ros2_ws_diki_new/install/ros2_aruco_interfaces/share/ros2_aruco_interfaces/environment/path.sh
[2.350s] -- Up-to-date: /root/ros2_ws_diki_new/install/ros2_aruco_interfaces/share/ros2_aruco_interfaces/environment/path.dsv
[2.350s] -- Up-to-date: /root/ros2_ws_diki_new/install/ros2_aruco_interfaces/share/ros2_aruco_interfaces/local_setup.bash
[2.350s] -- Up-to-date: /root/ros2_ws_diki_new/install/ros2_aruco_interfaces/share/ros2_aruco_interfaces/local_setup.sh
[2.350s] -- Up-to-date: /root/ros2_ws_diki_new/install/ros2_aruco_interfaces/share/ros2_aruco_interfaces/local_setup.zsh
[2.350s] -- Up-to-date: /root/ros2_ws_diki_new/install/ros2_aruco_interfaces/share/ros2_aruco_interfaces/local_setup.dsv
[2.350s] -- Installing: /root/ros2_ws_diki_new/install/ros2_aruco_interfaces/share/ros2_aruco_interfaces/package.dsv
[2.350s] -- Up-to-date: /root/ros2_ws_diki_new/install/ros2_aruco_interfaces/share/ament_index/resource_index/packages/ros2_aruco_interfaces
[2.351s] -- Up-to-date: /root/ros2_ws_diki_new/install/ros2_aruco_interfaces/share/ros2_aruco_interfaces/cmake/ros2_aruco_interfaces__rosidl_generator_cExport.cmake
[2.351s] -- Up-to-date: /root/ros2_ws_diki_new/install/ros2_aruco_interfaces/share/ros2_aruco_interfaces/cmake/ros2_aruco_interfaces__rosidl_generator_cExport-noconfig.cmake
[2.356s] -- Up-to-date: /root/ros2_ws_diki_new/install/ros2_aruco_interfaces/share/ros2_aruco_interfaces/cmake/ros2_aruco_interfaces__rosidl_typesupport_introspection_cExport.cmake
[2.357s] -- Up-to-date: /root/ros2_ws_diki_new/install/ros2_aruco_interfaces/share/ros2_aruco_interfaces/cmake/ros2_aruco_interfaces__rosidl_typesupport_introspection_cExport-noconfig.cmake
[2.357s] -- Up-to-date: /root/ros2_ws_diki_new/install/ros2_aruco_interfaces/share/ros2_aruco_interfaces/cmake/ros2_aruco_interfaces__rosidl_typesupport_cExport.cmake
[2.357s] -- Up-to-date: /root/ros2_ws_diki_new/install/ros2_aruco_interfaces/share/ros2_aruco_interfaces/cmake/ros2_aruco_interfaces__rosidl_typesupport_cExport-noconfig.cmake
[2.357s] -- Up-to-date: /root/ros2_ws_diki_new/install/ros2_aruco_interfaces/share/ros2_aruco_interfaces/cmake/ros2_aruco_interfaces__rosidl_generator_cppExport.cmake
[2.358s] -- Up-to-date: /root/ros2_ws_diki_new/install/ros2_aruco_interfaces/share/ros2_aruco_interfaces/cmake/ros2_aruco_interfaces__rosidl_typesupport_introspection_cppExport.cmake
[2.358s] -- Up-to-date: /root/ros2_ws_diki_new/install/ros2_aruco_interfaces/share/ros2_aruco_interfaces/cmake/ros2_aruco_interfaces__rosidl_typesupport_introspection_cppExport-noconfig.cmake
[2.358s] -- Up-to-date: /root/ros2_ws_diki_new/install/ros2_aruco_interfaces/share/ros2_aruco_interfaces/cmake/ros2_aruco_interfaces__rosidl_typesupport_cppExport.cmake
[2.358s] -- Up-to-date: /root/ros2_ws_diki_new/install/ros2_aruco_interfaces/share/ros2_aruco_interfaces/cmake/ros2_aruco_interfaces__rosidl_typesupport_cppExport-noconfig.cmake
[2.358s] -- Up-to-date: /root/ros2_ws_diki_new/install/ros2_aruco_interfaces/share/ros2_aruco_interfaces/cmake/rosidl_cmake-extras.cmake
[2.358s] -- Up-to-date: /root/ros2_ws_diki_new/install/ros2_aruco_interfaces/share/ros2_aruco_interfaces/cmake/ament_cmake_export_dependencies-extras.cmake
[2.358s] -- Up-to-date: /root/ros2_ws_diki_new/install/ros2_aruco_interfaces/share/ros2_aruco_interfaces/cmake/ament_cmake_export_libraries-extras.cmake
[2.359s] -- Up-to-date: /root/ros2_ws_diki_new/install/ros2_aruco_interfaces/share/ros2_aruco_interfaces/cmake/ament_cmake_export_targets-extras.cmake
[2.359s] -- Up-to-date: /root/ros2_ws_diki_new/install/ros2_aruco_interfaces/share/ros2_aruco_interfaces/cmake/ament_cmake_export_include_directories-extras.cmake
[2.359s] -- Up-to-date: /root/ros2_ws_diki_new/install/ros2_aruco_interfaces/share/ros2_aruco_interfaces/cmake/rosidl_cmake_export_typesupport_libraries-extras.cmake
[2.359s] -- Up-to-date: /root/ros2_ws_diki_new/install/ros2_aruco_interfaces/share/ros2_aruco_interfaces/cmake/rosidl_cmake_export_typesupport_targets-extras.cmake
[2.359s] -- Up-to-date: /root/ros2_ws_diki_new/install/ros2_aruco_interfaces/share/ros2_aruco_interfaces/cmake/ros2_aruco_interfacesConfig.cmake
[2.359s] -- Up-to-date: /root/ros2_ws_diki_new/install/ros2_aruco_interfaces/share/ros2_aruco_interfaces/cmake/ros2_aruco_interfacesConfig-version.cmake
[2.359s] -- Up-to-date: /root/ros2_ws_diki_new/install/ros2_aruco_interfaces/share/ros2_aruco_interfaces/package.xml
[2.359s] Invoked command in '/root/ros2_ws_diki_new/build/ros2_aruco_interfaces' returned '0': CMAKE_PREFIX_PATH=${CMAKE_PREFIX_PATH}:/root/ros2_ws_diki_new/install/ros2_aruco:/root/ros2_ws_diki_new/install/python:/root/ros2_ws_diki_new/install/opencv_tests:/opt/ros/foxy /usr/bin/cmake --install /root/ros2_ws_diki_new/build/ros2_aruco_interfaces
