[0.085s] Invoking command in '/root/ros2_ws_diki_new/build/cpp_ros2_ws': /usr/bin/cmake --build /root/ros2_ws_diki_new/build/cpp_ros2_ws -- -j12 -l12
[0.707s] Invoked command in '/root/ros2_ws_diki_new/build/cpp_ros2_ws' returned '0': /usr/bin/cmake --build /root/ros2_ws_diki_new/build/cpp_ros2_ws -- -j12 -l12
[0.769s] Invoking command in '/root/ros2_ws_diki_new/build/cpp_ros2_ws': /usr/bin/cmake --install /root/ros2_ws_diki_new/build/cpp_ros2_ws
[0.823s] -- Install configuration: ""
[0.823s] -- Up-to-date: /root/ros2_ws_diki_new/install/cpp_ros2_ws/share/ament_index/resource_index/package_run_dependencies/cpp_ros2_ws
[0.823s] -- Up-to-date: /root/ros2_ws_diki_new/install/cpp_ros2_ws/share/ament_index/resource_index/parent_prefix_path/cpp_ros2_ws
[0.823s] -- Up-to-date: /root/ros2_ws_diki_new/install/cpp_ros2_ws/share/cpp_ros2_ws/environment/ament_prefix_path.sh
[0.823s] -- Up-to-date: /root/ros2_ws_diki_new/install/cpp_ros2_ws/share/cpp_ros2_ws/environment/ament_prefix_path.dsv
[0.823s] -- Up-to-date: /root/ros2_ws_diki_new/install/cpp_ros2_ws/share/cpp_ros2_ws/environment/path.sh
[0.838s] -- Up-to-date: /root/ros2_ws_diki_new/install/cpp_ros2_ws/share/cpp_ros2_ws/environment/path.dsv
[0.838s] -- Up-to-date: /root/ros2_ws_diki_new/install/cpp_ros2_ws/share/cpp_ros2_ws/local_setup.bash
[0.838s] -- Up-to-date: /root/ros2_ws_diki_new/install/cpp_ros2_ws/share/cpp_ros2_ws/local_setup.sh
[0.838s] -- Up-to-date: /root/ros2_ws_diki_new/install/cpp_ros2_ws/share/cpp_ros2_ws/local_setup.zsh
[0.839s] -- Up-to-date: /root/ros2_ws_diki_new/install/cpp_ros2_ws/share/cpp_ros2_ws/local_setup.dsv
[0.839s] -- Installing: /root/ros2_ws_diki_new/install/cpp_ros2_ws/share/cpp_ros2_ws/package.dsv
[0.839s] -- Up-to-date: /root/ros2_ws_diki_new/install/cpp_ros2_ws/share/ament_index/resource_index/packages/cpp_ros2_ws
[0.839s] -- Up-to-date: /root/ros2_ws_diki_new/install/cpp_ros2_ws/share/cpp_ros2_ws/cmake/cpp_ros2_wsConfig.cmake
[0.839s] -- Up-to-date: /root/ros2_ws_diki_new/install/cpp_ros2_ws/share/cpp_ros2_ws/cmake/cpp_ros2_wsConfig-version.cmake
[0.839s] -- Up-to-date: /root/ros2_ws_diki_new/install/cpp_ros2_ws/share/cpp_ros2_ws/package.xml
[0.895s] Invoked command in '/root/ros2_ws_diki_new/build/cpp_ros2_ws' returned '0': /usr/bin/cmake --install /root/ros2_ws_diki_new/build/cpp_ros2_ws
