[0.152s] Invoking command in '/root/ros2_ws_diki_new/build/cv_bridge': CMAKE_PREFIX_PATH=${CMAKE_PREFIX_PATH}:/root/ros2_ws_diki_new/install/ros2_aruco:/root/ros2_ws_diki_new/install/python:/root/ros2_ws_diki_new/install/opencv_tests:/opt/ros/foxy /usr/bin/cmake --build /root/ros2_ws_diki_new/build/cv_bridge -- -j12 -l12
[1.251s] [ 18%] Built target cv_bridge
[1.251s] [ 31%] Built target gtest_main
[1.251s] [ 50%] Built target cv_bridge_boost
[1.251s] [ 62%] Built target gtest
[1.252s] [100%] Built target cv_bridge-utest
[1.279s] Invoked command in '/root/ros2_ws_diki_new/build/cv_bridge' returned '0': CMAKE_PREFIX_PATH=${CMAKE_PREFIX_PATH}:/root/ros2_ws_diki_new/install/ros2_aruco:/root/ros2_ws_diki_new/install/python:/root/ros2_ws_diki_new/install/opencv_tests:/opt/ros/foxy /usr/bin/cmake --build /root/ros2_ws_diki_new/build/cv_bridge -- -j12 -l12
[1.473s] Invoking command in '/root/ros2_ws_diki_new/build/cv_bridge': CMAKE_PREFIX_PATH=${CMAKE_PREFIX_PATH}:/root/ros2_ws_diki_new/install/ros2_aruco:/root/ros2_ws_diki_new/install/python:/root/ros2_ws_diki_new/install/opencv_tests:/opt/ros/foxy /usr/bin/cmake --install /root/ros2_ws_diki_new/build/cv_bridge
[1.527s] -- Install configuration: ""
[1.528s] -- Up-to-date: /root/ros2_ws_diki_new/install/cv_bridge/share/cv_bridge/environment/pythonpath.sh
[1.528s] -- Up-to-date: /root/ros2_ws_diki_new/install/cv_bridge/share/cv_bridge/environment/pythonpath.dsv
[1.528s] -- Up-to-date: /root/ros2_ws_diki_new/install/cv_bridge/lib/python3.8/site-packages/cv_bridge
[1.528s] -- Up-to-date: /root/ros2_ws_diki_new/install/cv_bridge/lib/python3.8/site-packages/cv_bridge/core.py
[1.529s] -- Up-to-date: /root/ros2_ws_diki_new/install/cv_bridge/lib/python3.8/site-packages/cv_bridge/__init__.py
[1.629s] Listing '/root/ros2_ws_diki_new/install/cv_bridge/lib/python3.8/site-packages/cv_bridge'...
[1.631s] Listing '/root/ros2_ws_diki_new/install/cv_bridge/lib/python3.8/site-packages/cv_bridge/boost'...
[1.632s] -- Up-to-date: /root/ros2_ws_diki_new/install/cv_bridge/share/cv_bridge/environment/library_path.sh
[1.632s] -- Up-to-date: /root/ros2_ws_diki_new/install/cv_bridge/share/cv_bridge/environment/library_path.dsv
[1.633s] -- Up-to-date: /root/ros2_ws_diki_new/install/cv_bridge/include/cv_bridge
[1.633s] -- Up-to-date: /root/ros2_ws_diki_new/install/cv_bridge/include/cv_bridge/rgb_colors.h
[1.633s] -- Up-to-date: /root/ros2_ws_diki_new/install/cv_bridge/include/cv_bridge/cv_bridge.h
[1.634s] -- Up-to-date: /root/ros2_ws_diki_new/install/cv_bridge/lib/libcv_bridge.so
[1.635s] -- Up-to-date: /root/ros2_ws_diki_new/install/cv_bridge/share/ament_index/resource_index/package_run_dependencies/cv_bridge
[1.635s] -- Up-to-date: /root/ros2_ws_diki_new/install/cv_bridge/share/ament_index/resource_index/parent_prefix_path/cv_bridge
[1.635s] -- Up-to-date: /root/ros2_ws_diki_new/install/cv_bridge/share/cv_bridge/environment/ament_prefix_path.sh
[1.635s] -- Up-to-date: /root/ros2_ws_diki_new/install/cv_bridge/share/cv_bridge/environment/ament_prefix_path.dsv
[1.636s] -- Up-to-date: /root/ros2_ws_diki_new/install/cv_bridge/share/cv_bridge/environment/path.sh
[1.636s] -- Up-to-date: /root/ros2_ws_diki_new/install/cv_bridge/share/cv_bridge/environment/path.dsv
[1.637s] -- Up-to-date: /root/ros2_ws_diki_new/install/cv_bridge/share/cv_bridge/local_setup.bash
[1.637s] -- Up-to-date: /root/ros2_ws_diki_new/install/cv_bridge/share/cv_bridge/local_setup.sh
[1.637s] -- Up-to-date: /root/ros2_ws_diki_new/install/cv_bridge/share/cv_bridge/local_setup.zsh
[1.637s] -- Up-to-date: /root/ros2_ws_diki_new/install/cv_bridge/share/cv_bridge/local_setup.dsv
[1.637s] -- Installing: /root/ros2_ws_diki_new/install/cv_bridge/share/cv_bridge/package.dsv
[1.637s] -- Up-to-date: /root/ros2_ws_diki_new/install/cv_bridge/share/ament_index/resource_index/packages/cv_bridge
[1.637s] -- Up-to-date: /root/ros2_ws_diki_new/install/cv_bridge/share/cv_bridge/cmake/cv_bridge-extras.cmake
[1.638s] -- Up-to-date: /root/ros2_ws_diki_new/install/cv_bridge/share/cv_bridge/cmake/ament_cmake_export_dependencies-extras.cmake
[1.638s] -- Up-to-date: /root/ros2_ws_diki_new/install/cv_bridge/share/cv_bridge/cmake/ament_cmake_export_include_directories-extras.cmake
[1.640s] -- Up-to-date: /root/ros2_ws_diki_new/install/cv_bridge/share/cv_bridge/cmake/ament_cmake_export_libraries-extras.cmake
[1.640s] -- Up-to-date: /root/ros2_ws_diki_new/install/cv_bridge/share/cv_bridge/cmake/cv_bridgeConfig.cmake
[1.641s] -- Up-to-date: /root/ros2_ws_diki_new/install/cv_bridge/share/cv_bridge/cmake/cv_bridgeConfig-version.cmake
[1.641s] -- Up-to-date: /root/ros2_ws_diki_new/install/cv_bridge/share/cv_bridge/package.xml
[1.642s] -- Up-to-date: /root/ros2_ws_diki_new/install/cv_bridge/lib/libcv_bridge.so
[1.642s] -- Up-to-date: /root/ros2_ws_diki_new/install/cv_bridge/include/cv_bridge/cv_bridge_export.h
[1.642s] -- Up-to-date: /root/ros2_ws_diki_new/install/cv_bridge/lib/python3.8/site-packages/cv_bridge/boost/cv_bridge_boost.so
[1.687s] Invoked command in '/root/ros2_ws_diki_new/build/cv_bridge' returned '0': CMAKE_PREFIX_PATH=${CMAKE_PREFIX_PATH}:/root/ros2_ws_diki_new/install/ros2_aruco:/root/ros2_ws_diki_new/install/python:/root/ros2_ws_diki_new/install/opencv_tests:/opt/ros/foxy /usr/bin/cmake --install /root/ros2_ws_diki_new/build/cv_bridge
