[0.083s] Invoking command in '/root/ros2_ws_diki_new/build/image_geometry': /usr/bin/cmake --build /root/ros2_ws_diki_new/build/image_geometry -- -j12 -l12
[0.690s] [ 18%] Built target gtest
[0.690s] [ 36%] Built target gtest_main
[0.691s] [ 63%] Built target image_geometry
[0.691s] [ 81%] Built target image_geometry-utest-equi
[0.691s] [100%] Built target image_geometry-utest
[0.702s] Invoked command in '/root/ros2_ws_diki_new/build/image_geometry' returned '0': /usr/bin/cmake --build /root/ros2_ws_diki_new/build/image_geometry -- -j12 -l12
[0.845s] Invoking command in '/root/ros2_ws_diki_new/build/image_geometry': /usr/bin/cmake --install /root/ros2_ws_diki_new/build/image_geometry
[0.854s] -- Install configuration: ""
[0.854s] -- Up-to-date: /root/ros2_ws_diki_new/install/image_geometry/share/image_geometry/environment/pythonpath.sh
[0.854s] -- Up-to-date: /root/ros2_ws_diki_new/install/image_geometry/share/image_geometry/environment/pythonpath.dsv
[0.854s] -- Up-to-date: /root/ros2_ws_diki_new/install/image_geometry/lib/python3.8/site-packages/image_geometry
[0.854s] -- Up-to-date: /root/ros2_ws_diki_new/install/image_geometry/lib/python3.8/site-packages/image_geometry/cameramodels.py
[0.854s] -- Up-to-date: /root/ros2_ws_diki_new/install/image_geometry/lib/python3.8/site-packages/image_geometry/__init__.py
[0.905s] Listing '/root/ros2_ws_diki_new/install/image_geometry/lib/python3.8/site-packages/image_geometry'...
[0.910s] -- Up-to-date: /root/ros2_ws_diki_new/install/image_geometry/include/image_geometry
[0.912s] -- Up-to-date: /root/ros2_ws_diki_new/install/image_geometry/include/image_geometry/stereo_camera_model.h
[0.912s] -- Up-to-date: /root/ros2_ws_diki_new/install/image_geometry/include/image_geometry/visibility_control.hpp
[0.912s] -- Up-to-date: /root/ros2_ws_diki_new/install/image_geometry/include/image_geometry/pinhole_camera_model.h
[0.912s] -- Up-to-date: /root/ros2_ws_diki_new/install/image_geometry/lib/libimage_geometry.so
[0.913s] -- Up-to-date: /root/ros2_ws_diki_new/install/image_geometry/share/image_geometry/environment/library_path.sh
[0.913s] -- Up-to-date: /root/ros2_ws_diki_new/install/image_geometry/share/image_geometry/environment/library_path.dsv
[0.913s] -- Up-to-date: /root/ros2_ws_diki_new/install/image_geometry/share/ament_index/resource_index/package_run_dependencies/image_geometry
[0.913s] -- Up-to-date: /root/ros2_ws_diki_new/install/image_geometry/share/ament_index/resource_index/parent_prefix_path/image_geometry
[0.913s] -- Up-to-date: /root/ros2_ws_diki_new/install/image_geometry/share/image_geometry/environment/ament_prefix_path.sh
[0.914s] -- Up-to-date: /root/ros2_ws_diki_new/install/image_geometry/share/image_geometry/environment/ament_prefix_path.dsv
[0.914s] -- Up-to-date: /root/ros2_ws_diki_new/install/image_geometry/share/image_geometry/environment/path.sh
[0.915s] -- Up-to-date: /root/ros2_ws_diki_new/install/image_geometry/share/image_geometry/environment/path.dsv
[0.916s] -- Up-to-date: /root/ros2_ws_diki_new/install/image_geometry/share/image_geometry/local_setup.bash
[0.917s] -- Up-to-date: /root/ros2_ws_diki_new/install/image_geometry/share/image_geometry/local_setup.sh
[0.917s] -- Up-to-date: /root/ros2_ws_diki_new/install/image_geometry/share/image_geometry/local_setup.zsh
[0.917s] -- Up-to-date: /root/ros2_ws_diki_new/install/image_geometry/share/image_geometry/local_setup.dsv
[0.918s] -- Installing: /root/ros2_ws_diki_new/install/image_geometry/share/image_geometry/package.dsv
[0.918s] -- Up-to-date: /root/ros2_ws_diki_new/install/image_geometry/share/ament_index/resource_index/packages/image_geometry
[0.918s] -- Up-to-date: /root/ros2_ws_diki_new/install/image_geometry/share/image_geometry/cmake/ament_cmake_export_libraries-extras.cmake
[0.918s] -- Up-to-date: /root/ros2_ws_diki_new/install/image_geometry/share/image_geometry/cmake/ament_cmake_export_dependencies-extras.cmake
[0.918s] -- Up-to-date: /root/ros2_ws_diki_new/install/image_geometry/share/image_geometry/cmake/ament_cmake_export_include_directories-extras.cmake
[0.919s] -- Up-to-date: /root/ros2_ws_diki_new/install/image_geometry/share/image_geometry/cmake/image_geometryConfig.cmake
[0.919s] -- Up-to-date: /root/ros2_ws_diki_new/install/image_geometry/share/image_geometry/cmake/image_geometryConfig-version.cmake
[0.920s] -- Up-to-date: /root/ros2_ws_diki_new/install/image_geometry/share/image_geometry/package.xml
[0.953s] Invoked command in '/root/ros2_ws_diki_new/build/image_geometry' returned '0': /usr/bin/cmake --install /root/ros2_ws_diki_new/build/image_geometry
