[0.054s] Invoking command in '/root/ros2_ws_diki_new/build/cv_bridge': CMAKE_PREFIX_PATH=${CMAKE_PREFIX_PATH}:/root/ros2_ws_diki_new/install/ros2_aruco:/root/ros2_ws_diki_new/install/python:/root/ros2_ws_diki_new/install/opencv_tests:/opt/ros/foxy /usr/bin/cmake --build /root/ros2_ws_diki_new/build/cv_bridge -- -j12 -l12
[0.441s] [ 25%] Built target gtest
[0.442s] [ 25%] Built target gtest_main
[0.442s] [ 43%] Built target cv_bridge
[0.442s] [ 62%] Built target cv_bridge_boost
[0.442s] [100%] Built target cv_bridge-utest
[0.444s] Invoked command in '/root/ros2_ws_diki_new/build/cv_bridge' returned '0': CMAKE_PREFIX_PATH=${CMAKE_PREFIX_PATH}:/root/ros2_ws_diki_new/install/ros2_aruco:/root/ros2_ws_diki_new/install/python:/root/ros2_ws_diki_new/install/opencv_tests:/opt/ros/foxy /usr/bin/cmake --build /root/ros2_ws_diki_new/build/cv_bridge -- -j12 -l12
[0.481s] Invoking command in '/root/ros2_ws_diki_new/build/cv_bridge': CMAKE_PREFIX_PATH=${CMAKE_PREFIX_PATH}:/root/ros2_ws_diki_new/install/ros2_aruco:/root/ros2_ws_diki_new/install/python:/root/ros2_ws_diki_new/install/opencv_tests:/opt/ros/foxy /usr/bin/cmake --install /root/ros2_ws_diki_new/build/cv_bridge
[0.490s] -- Install configuration: ""
[0.493s] -- Up-to-date: /root/ros2_ws_diki_new/install/cv_bridge/share/cv_bridge/environment/pythonpath.sh
[0.493s] -- Up-to-date: /root/ros2_ws_diki_new/install/cv_bridge/share/cv_bridge/environment/pythonpath.dsv
[0.493s] -- Up-to-date: /root/ros2_ws_diki_new/install/cv_bridge/lib/python3.8/site-packages/cv_bridge
[0.493s] -- Up-to-date: /root/ros2_ws_diki_new/install/cv_bridge/lib/python3.8/site-packages/cv_bridge/core.py
[0.494s] -- Up-to-date: /root/ros2_ws_diki_new/install/cv_bridge/lib/python3.8/site-packages/cv_bridge/__init__.py
[0.532s] Listing '/root/ros2_ws_diki_new/install/cv_bridge/lib/python3.8/site-packages/cv_bridge'...
[0.532s] Listing '/root/ros2_ws_diki_new/install/cv_bridge/lib/python3.8/site-packages/cv_bridge/boost'...
[0.532s] -- Up-to-date: /root/ros2_ws_diki_new/install/cv_bridge/share/cv_bridge/environment/library_path.sh
[0.532s] -- Up-to-date: /root/ros2_ws_diki_new/install/cv_bridge/share/cv_bridge/environment/library_path.dsv
[0.532s] -- Up-to-date: /root/ros2_ws_diki_new/install/cv_bridge/include/cv_bridge
[0.532s] -- Up-to-date: /root/ros2_ws_diki_new/install/cv_bridge/include/cv_bridge/rgb_colors.h
[0.532s] -- Up-to-date: /root/ros2_ws_diki_new/install/cv_bridge/include/cv_bridge/cv_bridge.h
[0.532s] -- Up-to-date: /root/ros2_ws_diki_new/install/cv_bridge/lib/libcv_bridge.so
[0.532s] -- Up-to-date: /root/ros2_ws_diki_new/install/cv_bridge/share/ament_index/resource_index/package_run_dependencies/cv_bridge
[0.533s] -- Up-to-date: /root/ros2_ws_diki_new/install/cv_bridge/share/ament_index/resource_index/parent_prefix_path/cv_bridge
[0.533s] -- Up-to-date: /root/ros2_ws_diki_new/install/cv_bridge/share/cv_bridge/environment/ament_prefix_path.sh
[0.533s] -- Up-to-date: /root/ros2_ws_diki_new/install/cv_bridge/share/cv_bridge/environment/ament_prefix_path.dsv
[0.533s] -- Up-to-date: /root/ros2_ws_diki_new/install/cv_bridge/share/cv_bridge/environment/path.sh
[0.534s] -- Up-to-date: /root/ros2_ws_diki_new/install/cv_bridge/share/cv_bridge/environment/path.dsv
[0.534s] -- Up-to-date: /root/ros2_ws_diki_new/install/cv_bridge/share/cv_bridge/local_setup.bash
[0.534s] -- Up-to-date: /root/ros2_ws_diki_new/install/cv_bridge/share/cv_bridge/local_setup.sh
[0.534s] -- Up-to-date: /root/ros2_ws_diki_new/install/cv_bridge/share/cv_bridge/local_setup.zsh
[0.534s] -- Up-to-date: /root/ros2_ws_diki_new/install/cv_bridge/share/cv_bridge/local_setup.dsv
[0.535s] -- Installing: /root/ros2_ws_diki_new/install/cv_bridge/share/cv_bridge/package.dsv
[0.535s] -- Up-to-date: /root/ros2_ws_diki_new/install/cv_bridge/share/ament_index/resource_index/packages/cv_bridge
[0.536s] -- Up-to-date: /root/ros2_ws_diki_new/install/cv_bridge/share/cv_bridge/cmake/cv_bridge-extras.cmake
[0.537s] -- Up-to-date: /root/ros2_ws_diki_new/install/cv_bridge/share/cv_bridge/cmake/ament_cmake_export_dependencies-extras.cmake
[0.537s] -- Up-to-date: /root/ros2_ws_diki_new/install/cv_bridge/share/cv_bridge/cmake/ament_cmake_export_include_directories-extras.cmake
[0.537s] -- Up-to-date: /root/ros2_ws_diki_new/install/cv_bridge/share/cv_bridge/cmake/ament_cmake_export_libraries-extras.cmake
[0.537s] -- Up-to-date: /root/ros2_ws_diki_new/install/cv_bridge/share/cv_bridge/cmake/cv_bridgeConfig.cmake
[0.538s] -- Up-to-date: /root/ros2_ws_diki_new/install/cv_bridge/share/cv_bridge/cmake/cv_bridgeConfig-version.cmake
[0.538s] -- Up-to-date: /root/ros2_ws_diki_new/install/cv_bridge/share/cv_bridge/package.xml
[0.538s] -- Up-to-date: /root/ros2_ws_diki_new/install/cv_bridge/lib/libcv_bridge.so
[0.538s] -- Up-to-date: /root/ros2_ws_diki_new/install/cv_bridge/include/cv_bridge/cv_bridge_export.h
[0.538s] -- Up-to-date: /root/ros2_ws_diki_new/install/cv_bridge/lib/python3.8/site-packages/cv_bridge/boost/cv_bridge_boost.so
[0.569s] Invoked command in '/root/ros2_ws_diki_new/build/cv_bridge' returned '0': CMAKE_PREFIX_PATH=${CMAKE_PREFIX_PATH}:/root/ros2_ws_diki_new/install/ros2_aruco:/root/ros2_ws_diki_new/install/python:/root/ros2_ws_diki_new/install/opencv_tests:/opt/ros/foxy /usr/bin/cmake --install /root/ros2_ws_diki_new/build/cv_bridge
