[1.994s] Invoking command in '/root/ros2_ws_diki_new/src/python': PYTHONPATH=/root/ros2_ws_diki_new/build/python/prefix_override:/usr/lib/python3/dist-packages/colcon_core/task/python/colcon_distutils_commands:/root/ros2_ws_diki_new/install/python/lib/python3.8/site-packages:${PYTHONPATH} /usr/bin/python3 -W ignore:setup.py install is deprecated setup.py egg_info --egg-base ../../build/python build --build-base /root/ros2_ws_diki_new/build/python/build install --record /root/ros2_ws_diki_new/build/python/install.log --install-scripts $base/lib/python --single-version-externally-managed install_data
[2.342s] running egg_info
[2.344s] writing ../../build/python/python.egg-info/PKG-INFO
[2.344s] writing dependency_links to ../../build/python/python.egg-info/dependency_links.txt
[2.345s] writing entry points to ../../build/python/python.egg-info/entry_points.txt
[2.345s] writing requirements to ../../build/python/python.egg-info/requires.txt
[2.346s] writing top-level names to ../../build/python/python.egg-info/top_level.txt
[2.407s] reading manifest file '../../build/python/python.egg-info/SOURCES.txt'
[2.409s] writing manifest file '../../build/python/python.egg-info/SOURCES.txt'
[2.409s] running build
[2.409s] running build_py
[2.409s] running install
[2.411s] running install_lib
[2.413s] running install_data
[2.414s] running install_egg_info
[2.416s] removing '/root/ros2_ws_diki_new/install/python/lib/python3.8/site-packages/python-0.0.0-py3.8.egg-info' (and everything under it)
[2.418s] Copying ../../build/python/python.egg-info to /root/ros2_ws_diki_new/install/python/lib/python3.8/site-packages/python-0.0.0-py3.8.egg-info
[2.421s] running install_scripts
[2.446s] writing list of installed files to '/root/ros2_ws_diki_new/build/python/install.log'
[2.485s] Invoked command in '/root/ros2_ws_diki_new/src/python' returned '0': PYTHONPATH=/root/ros2_ws_diki_new/build/python/prefix_override:/usr/lib/python3/dist-packages/colcon_core/task/python/colcon_distutils_commands:/root/ros2_ws_diki_new/install/python/lib/python3.8/site-packages:${PYTHONPATH} /usr/bin/python3 -W ignore:setup.py install is deprecated setup.py egg_info --egg-base ../../build/python build --build-base /root/ros2_ws_diki_new/build/python/build install --record /root/ros2_ws_diki_new/build/python/install.log --install-scripts $base/lib/python --single-version-externally-managed install_data
