[1.652s] Invoking command in '/root/ros2_ws_diki_new/src/python': PYTHONPATH=/root/ros2_ws_diki_new/build/python/prefix_override:/usr/lib/python3/dist-packages/colcon_core/task/python/colcon_distutils_commands:/root/ros2_ws_diki_new/install/python/lib/python3.8/site-packages:${PYTHONPATH} /usr/bin/python3 -W ignore:setup.py install is deprecated setup.py egg_info --egg-base ../../build/python build --build-base /root/ros2_ws_diki_new/build/python/build install --record /root/ros2_ws_diki_new/build/python/install.log --install-scripts $base/lib/python --single-version-externally-managed install_data
[1.971s] running egg_info
[1.972s] writing ../../build/python/python.egg-info/PKG-INFO
[1.972s] writing dependency_links to ../../build/python/python.egg-info/dependency_links.txt
[1.972s] writing entry points to ../../build/python/python.egg-info/entry_points.txt
[1.973s] writing requirements to ../../build/python/python.egg-info/requires.txt
[1.973s] writing top-level names to ../../build/python/python.egg-info/top_level.txt
[2.020s] reading manifest file '../../build/python/python.egg-info/SOURCES.txt'
[2.021s] writing manifest file '../../build/python/python.egg-info/SOURCES.txt'
[2.022s] running build
[2.022s] running build_py
[2.022s] running install
[2.023s] running install_lib
[2.026s] running install_data
[2.026s] running install_egg_info
[2.029s] removing '/root/ros2_ws_diki_new/install/python/lib/python3.8/site-packages/python-0.0.0-py3.8.egg-info' (and everything under it)
[2.029s] Copying ../../build/python/python.egg-info to /root/ros2_ws_diki_new/install/python/lib/python3.8/site-packages/python-0.0.0-py3.8.egg-info
[2.032s] running install_scripts
[2.055s] writing list of installed files to '/root/ros2_ws_diki_new/build/python/install.log'
[2.082s] Invoked command in '/root/ros2_ws_diki_new/src/python' returned '0': PYTHONPATH=/root/ros2_ws_diki_new/build/python/prefix_override:/usr/lib/python3/dist-packages/colcon_core/task/python/colcon_distutils_commands:/root/ros2_ws_diki_new/install/python/lib/python3.8/site-packages:${PYTHONPATH} /usr/bin/python3 -W ignore:setup.py install is deprecated setup.py egg_info --egg-base ../../build/python build --build-base /root/ros2_ws_diki_new/build/python/build install --record /root/ros2_ws_diki_new/build/python/install.log --install-scripts $base/lib/python --single-version-externally-managed install_data
